#
# A fatal error has been detected by the Java Runtime Environment:
#
#  SIGSEGV (0xb) at pc=0x00007f30c843ea80, pid=11128, tid=11141
#
# JRE version: OpenJDK Runtime Environment (11.0.8+10) (build 11.0.8+10-post-Ubuntu-0ubuntu120.04)
# Java VM: OpenJDK 64-Bit Server VM (11.0.8+10-post-Ubuntu-0ubuntu120.04, mixed mode, sharing, tiered, compressed oops, g1 gc, linux-amd64)
# Problematic frame:
# C  [ld-linux-x86-64.so.2+0xda80]
#
# Core dump will be written. Default location: Core dumps may be processed with "/usr/share/apport/apport %p %s %c %d %P %E" (or dumping to /home/rubem/Documentos/Workstation/Rocketseat/Mobile/GoBarber-Mobile/android/core.11128)
#
# If you would like to submit a bug report, please visit:
#   https://bugs.launchpad.net/ubuntu/+source/openjdk-lts
# The crash happened outside the Java Virtual Machine in native code.
# See problematic frame for where to report the bug.
#

---------------  S U M M A R Y ------------

Command Line: -Xmx64m -Xms64m -Dorg.gradle.appname=gradlew org.gradle.wrapper.GradleWrapperMain app:installDebug -PreactNativeDevServerPort=8081

Host: Intel(R) Core(TM) i7-8565U CPU @ 1.80GHz, 8 cores, 15G, Ubuntu 20.04.1 LTS
Time: Fri Oct  2 16:41:55 2020 -03 elapsed time: 1 seconds (0d 0h 0m 1s)

---------------  T H R E A D  ---------------

Current thread (0x00007f30c0016000):  JavaThread "main" [_thread_in_native, id=11141, stack(0x00007f30c6bfa000,0x00007f30c6cfb000)]

Stack: [0x00007f30c6bfa000,0x00007f30c6cfb000],  sp=0x00007f30c6cf3040,  free space=996k
Native frames: (J=compiled Java code, A=aot compiled Java code, j=interpreted, Vv=VM code, C=native code)
C  [ld-linux-x86-64.so.2+0xda80]
C  [ld-linux-x86-64.so.2+0x15f5c]

Java frames: (J=compiled Java code, j=interpreted, Vv=VM code)
j  java.lang.ClassLoader$NativeLibrary.load0(Ljava/lang/String;Z)Z+0 java.base@11.0.8
j  java.lang.ClassLoader$NativeLibrary.load()Z+53 java.base@11.0.8
j  java.lang.ClassLoader$NativeLibrary.loadLibrary(Ljava/lang/Class;Ljava/lang/String;Z)Z+216 java.base@11.0.8
j  java.lang.ClassLoader.loadLibrary0(Ljava/lang/Class;Ljava/io/File;)Z+46 java.base@11.0.8
j  java.lang.ClassLoader.loadLibrary(Ljava/lang/Class;Ljava/lang/String;Z)V+250 java.base@11.0.8
j  java.lang.Runtime.loadLibrary0(Ljava/lang/Class;Ljava/lang/String;)V+54 java.base@11.0.8
j  java.lang.System.loadLibrary(Ljava/lang/String;)V+7 java.base@11.0.8
j  com.sun.management.internal.PlatformMBeanProviderImpl.lambda$static$0()Ljava/lang/Void;+2 jdk.management@11.0.8
j  com.sun.management.internal.PlatformMBeanProviderImpl$$Lambda$30.run()Ljava/lang/Object;+0 jdk.management@11.0.8
v  ~StubRoutines::call_stub
j  java.security.AccessController.doPrivileged(Ljava/security/PrivilegedAction;)Ljava/lang/Object;+0 java.base@11.0.8
j  com.sun.management.internal.PlatformMBeanProviderImpl.<clinit>()V+13 jdk.management@11.0.8
v  ~StubRoutines::call_stub
j  jdk.internal.reflect.NativeConstructorAccessorImpl.newInstance0(Ljava/lang/reflect/Constructor;[Ljava/lang/Object;)Ljava/lang/Object;+0 java.base@11.0.8
j  jdk.internal.reflect.NativeConstructorAccessorImpl.newInstance([Ljava/lang/Object;)Ljava/lang/Object;+85 java.base@11.0.8
j  jdk.internal.reflect.DelegatingConstructorAccessorImpl.newInstance([Ljava/lang/Object;)Ljava/lang/Object;+5 java.base@11.0.8
j  java.lang.reflect.Constructor.newInstance([Ljava/lang/Object;)Ljava/lang/Object;+68 java.base@11.0.8
j  java.util.ServiceLoader$ProviderImpl.newInstance()Ljava/lang/Object;+19 java.base@11.0.8
j  java.util.ServiceLoader$ProviderImpl.get()Ljava/lang/Object;+13 java.base@11.0.8
j  java.util.ServiceLoader$3.next()Ljava/lang/Object;+58 java.base@11.0.8
j  java.lang.Iterable.forEach(Ljava/util/function/Consumer;)V+22 java.base@11.0.8
j  java.lang.management.ManagementFactory$PlatformMBeanFinder.lambda$static$0()Ljava/util/List;+24 java.management@11.0.8
j  java.lang.management.ManagementFactory$PlatformMBeanFinder$$Lambda$28.run()Ljava/lang/Object;+0 java.management@11.0.8
v  ~StubRoutines::call_stub
j  java.security.AccessController.doPrivileged(Ljava/security/PrivilegedAction;Ljava/security/AccessControlContext;)Ljava/lang/Object;+0 java.base@11.0.8
j  java.security.AccessController.doPrivileged(Ljava/security/PrivilegedAction;Ljava/security/AccessControlContext;[Ljava/security/Permission;)Ljava/lang/Object;+48 java.base@11.0.8
j  java.lang.management.ManagementFactory$PlatformMBeanFinder.<clinit>()V+36 java.management@11.0.8
v  ~StubRoutines::call_stub
j  java.lang.management.ManagementFactory.getPlatformMXBean(Ljava/lang/Class;)Ljava/lang/management/PlatformManagedObject;+1 java.management@11.0.8
j  java.lang.management.ManagementFactory.getRuntimeMXBean()Ljava/lang/management/RuntimeMXBean;+2 java.management@11.0.8
j  org.gradle.process.internal.CurrentProcess.inferJvmOptions(Lorg/gradle/api/internal/file/FileCollectionFactory;)Lorg/gradle/process/internal/JvmOptions;+10
j  org.gradle.process.internal.CurrentProcess.<init>(Lorg/gradle/api/internal/file/FileCollectionFactory;)V+5
j  org.gradle.launcher.daemon.configuration.DaemonJvmOptions.<init>(Lorg/gradle/api/internal/file/FileCollectionFactory;)V+10
j  org.gradle.launcher.daemon.configuration.DaemonParameters.<init>(Lorg/gradle/initialization/BuildLayoutParameters;Lorg/gradle/api/internal/file/FileCollectionFactory;Ljava/util/Map;)V+42
j  org.gradle.launcher.daemon.configuration.DaemonParameters.<init>(Lorg/gradle/initialization/BuildLayoutParameters;Lorg/gradle/api/internal/file/FileCollectionFactory;)V+6
j  org.gradle.launcher.cli.Parameters.<init>(Lorg/gradle/api/internal/file/FileCollectionFactory;)V+36
j  org.gradle.launcher.cli.BuildActionsFactory.createAction(Lorg/gradle/cli/CommandLineParser;Lorg/gradle/cli/ParsedCommandLine;)Ljava/lang/Runnable;+13
j  org.gradle.launcher.cli.DefaultCommandLineActionFactory$ParseAndBuildAction.createAction(Ljava/lang/Iterable;Lorg/gradle/cli/CommandLineParser;Lorg/gradle/cli/ParsedCommandLine;)Lorg/gradle/api/Action;+34
j  org.gradle.launcher.cli.DefaultCommandLineActionFactory$ParseAndBuildAction.execute(Lorg/gradle/launcher/bootstrap/ExecutionListener;)V+99
j  org.gradle.launcher.cli.DefaultCommandLineActionFactory$ParseAndBuildAction.execute(Ljava/lang/Object;)V+5
j  org.gradle.launcher.cli.ExceptionReportingAction.execute(Lorg/gradle/launcher/bootstrap/ExecutionListener;)V+5
j  org.gradle.launcher.cli.ExceptionReportingAction.execute(Ljava/lang/Object;)V+5
j  org.gradle.launcher.cli.DefaultCommandLineActionFactory$WithLogging.execute(Lorg/gradle/launcher/bootstrap/ExecutionListener;)V+355
j  org.gradle.launcher.Main.doAction([Ljava/lang/String;Lorg/gradle/launcher/bootstrap/ExecutionListener;)V+14
j  org.gradle.launcher.bootstrap.EntryPoint.run([Ljava/lang/String;)V+12
v  ~StubRoutines::call_stub
j  jdk.internal.reflect.NativeMethodAccessorImpl.invoke0(Ljava/lang/reflect/Method;Ljava/lang/Object;[Ljava/lang/Object;)Ljava/lang/Object;+0 java.base@11.0.8
j  jdk.internal.reflect.NativeMethodAccessorImpl.invoke(Ljava/lang/Object;[Ljava/lang/Object;)Ljava/lang/Object;+100 java.base@11.0.8
j  jdk.internal.reflect.DelegatingMethodAccessorImpl.invoke(Ljava/lang/Object;[Ljava/lang/Object;)Ljava/lang/Object;+6 java.base@11.0.8
j  java.lang.reflect.Method.invoke(Ljava/lang/Object;[Ljava/lang/Object;)Ljava/lang/Object;+59 java.base@11.0.8
j  org.gradle.launcher.bootstrap.ProcessBootstrap.runNoExit(Ljava/lang/String;[Ljava/lang/String;)V+161
j  org.gradle.launcher.bootstrap.ProcessBootstrap.run(Ljava/lang/String;[Ljava/lang/String;)V+3
j  org.gradle.launcher.GradleMain.main([Ljava/lang/String;)V+36
v  ~StubRoutines::call_stub
j  jdk.internal.reflect.NativeMethodAccessorImpl.invoke0(Ljava/lang/reflect/Method;Ljava/lang/Object;[Ljava/lang/Object;)Ljava/lang/Object;+0 java.base@11.0.8
j  jdk.internal.reflect.NativeMethodAccessorImpl.invoke(Ljava/lang/Object;[Ljava/lang/Object;)Ljava/lang/Object;+100 java.base@11.0.8
j  jdk.internal.reflect.DelegatingMethodAccessorImpl.invoke(Ljava/lang/Object;[Ljava/lang/Object;)Ljava/lang/Object;+6 java.base@11.0.8
j  java.lang.reflect.Method.invoke(Ljava/lang/Object;[Ljava/lang/Object;)Ljava/lang/Object;+59 java.base@11.0.8
j  org.gradle.wrapper.BootstrapMainStarter.start([Ljava/lang/String;Ljava/io/File;)V+81
j  org.gradle.wrapper.WrapperExecutor.execute([Ljava/lang/String;Lorg/gradle/wrapper/Install;Lorg/gradle/wrapper/BootstrapMainStarter;)V+14
j  org.gradle.wrapper.GradleWrapperMain.main([Ljava/lang/String;)V+187
v  ~StubRoutines::call_stub

siginfo: si_signo: 11 (SIGSEGV), si_code: 1 (SEGV_MAPERR), si_addr: 0x0000000000000008

Register to memory mapping:

RAX=0x0 is NULL
RBX=0x0000000000000001 is an unknown value
RCX=0x0 is NULL
RDX=0x0 is NULL
RSP=0x00007f30c6cf3040 is pointing into the stack for thread: 0x00007f30c0016000
RBP=0x00007f30c6cf3140 is pointing into the stack for thread: 0x00007f30c0016000
RSI=0x00007f30c07c3f58 points into unknown readable memory: 50 04 46 c8 30 7f 00 00
RDI=0x00007f30c07c3bf0 points into unknown readable memory: 00 b0 1c a8 30 7f 00 00
R8 =0x00007f30c07c3b10 points into unknown readable memory: f0 3b 7c c0 30 7f 00 00
R9 =0x0 is NULL
R10=0x0 is NULL
R11=0x0000000000000246 is an unknown value
R12=0x00007f30c6cf3150 is pointing into the stack for thread: 0x00007f30c0016000
R13=0x0000000000000001 is an unknown value
R14=0x0 is NULL
R15=0x00007f30c07c3bf0 points into unknown readable memory: 00 b0 1c a8 30 7f 00 00


Registers:
RAX=0x0000000000000000, RBX=0x0000000000000001, RCX=0x0000000000000000, RDX=0x0000000000000000
RSP=0x00007f30c6cf3040, RBP=0x00007f30c6cf3140, RSI=0x00007f30c07c3f58, RDI=0x00007f30c07c3bf0
R8 =0x00007f30c07c3b10, R9 =0x0000000000000000, R10=0x0000000000000000, R11=0x0000000000000246
R12=0x00007f30c6cf3150, R13=0x0000000000000001, R14=0x0000000000000000, R15=0x00007f30c07c3bf0
RIP=0x00007f30c843ea80, EFLAGS=0x0000000000010246, CSGSFS=0x002b000000000033, ERR=0x0000000000000004
  TRAPNO=0x000000000000000e

Top of Stack: (sp=0x00007f30c6cf3040)
0x00007f30c6cf3040:   0000000000000010 000000046474e552
0x00007f30c6cf3050:   0000000000006c98 0000000000000000
0x00007f30c6cf3060:   0000000000007c98 0000000000000368
0x00007f30c6cf3070:   0000000000000368 0000000000000001 

Instructions: (pc=0x00007f30c843ea80)
0x00007f30c843e980:   83 c0 06 c1 ea 1c 0f b6 14 11 88 50 fa 89 da c1
0x00007f30c843e990:   ea 18 83 e2 0f 0f b6 14 11 88 50 fb 89 da c1 ea
0x00007f30c843e9a0:   14 83 e2 0f 0f b6 14 11 88 50 fc 89 da c1 ea 10
0x00007f30c843e9b0:   83 e2 0f 0f b6 14 11 88 50 fd 89 da c1 ea 0c 83
0x00007f30c843e9c0:   e2 0f 0f b6 14 11 88 50 fe 89 da c1 ea 08 83 e2
0x00007f30c843e9d0:   0f 0f b6 14 11 88 50 ff e9 74 ff ff ff 0f 1f 00
0x00007f30c843e9e0:   f3 0f 1e fa 55 48 89 e5 41 57 49 89 ff 41 56 41
0x00007f30c843e9f0:   55 41 54 53 89 d3 48 81 ec d8 00 00 00 81 e2 00
0x00007f30c843ea00:   00 00 08 48 89 b5 48 ff ff ff 89 8d 3c ff ff ff
0x00007f30c843ea10:   75 15 31 c0 48 83 3d 0c fe 01 00 00 0f 95 c0 09
0x00007f30c843ea20:   c1 89 8d 3c ff ff ff 41 f6 87 1c 03 00 00 04 0f
0x00007f30c843ea30:   85 b3 02 00 00 8b 05 e5 fb 01 00 44 8b 95 3c ff
0x00007f30c843ea40:   ff ff 83 e0 20 45 85 d2 0f 84 b2 02 00 00 41 89
0x00007f30c843ea50:   dd 41 83 e5 01 85 c0 0f 85 bd 15 00 00 49 8b 87
0x00007f30c843ea60:   f0 00 00 00 48 89 85 18 ff ff ff 48 85 c0 0f 85
0x00007f30c843ea70:   52 14 00 00 49 8b 47 68 49 83 bf f8 00 00 00 00
0x00007f30c843ea80:   48 8b 40 08 48 89 85 40 ff ff ff 0f 84 97 0c 00
0x00007f30c843ea90:   00 45 85 ed 74 5a 49 8b 47 58 48 8b 40 08 48 8b
0x00007f30c843eaa0:   50 08 48 85 d2 0f 85 15 0d 00 00 44 8b 8d 3c ff
0x00007f30c843eab0:   ff ff 4c 89 78 08 45 85 c9 0f 85 c7 17 00 00 48
0x00007f30c843eac0:   83 3d 41 fc 01 00 00 0f 85 13 0d 00 00 48 8d 3d
0x00007f30c843ead0:   8c af 00 00 48 89 78 10 49 8b 87 90 02 00 00 48
0x00007f30c843eae0:   85 c0 0f 85 59 0c 00 00 0f 1f 84 00 00 00 00 00
0x00007f30c843eaf0:   49 8b 47 78 66 0f ef c0 0f 29 45 90 0f 29 45 a0
0x00007f30c843eb00:   0f 29 45 b0 0f 29 45 c0 48 85 c0 0f 84 ff 0c 00
0x00007f30c843eb10:   00 48 8b 48 08 49 8b 87 80 00 00 00 48 8b 50 08
0x00007f30c843eb20:   66 48 0f 6e c1 49 8b 87 88 01 00 00 66 48 0f 6e
0x00007f30c843eb30:   ca 48 8d 3c 11 66 0f 6c c1 0f 29 45 90 48 85 c0
0x00007f30c843eb40:   74 08 48 8b 40 08 48 89 45 a0 49 83 bf e0 00 00
0x00007f30c843eb50:   00 00 74 4b 49 8b 87 f8 00 00 00 49 8b 77 50 48
0x00007f30c843eb60:   8b 40 08 48 8b 76 08 4c 8d 04 30 49 39 f8 75 0b
0x00007f30c843eb70:   48 29 f2 48 89 55 98 48 8d 3c 0a 45 85 ed 75 09 


Stack slot to memory mapping:
stack at sp + 0 slots: 0x0000000000000010 is an unknown value
stack at sp + 1 slots: 0x000000046474e552 is an unknown value
stack at sp + 2 slots: 0x0000000000006c98 is an unknown value
stack at sp + 3 slots: 0x0 is NULL
stack at sp + 4 slots: 0x0000000000007c98 is an unknown value
stack at sp + 5 slots: 0x0000000000000368 is an unknown value
stack at sp + 6 slots: 0x0000000000000368 is an unknown value
stack at sp + 7 slots: 0x0000000000000001 is an unknown value


---------------  P R O C E S S  ---------------

Threads class SMR info:
_java_thread_list=0x00007f30c073e3a0, length=10, elements={
0x00007f30c0016000, 0x00007f30c00b6000, 0x00007f30c00b8000, 0x00007f30c00bd800,
0x00007f30c00bf800, 0x00007f30c00c2000, 0x00007f30c00c4000, 0x00007f30c011b000,
0x00007f30c0120000, 0x00007f30c073d000
}

Java Threads: ( => current thread )
=>0x00007f30c0016000 JavaThread "main" [_thread_in_native, id=11141, stack(0x00007f30c6bfa000,0x00007f30c6cfb000)]
  0x00007f30c00b6000 JavaThread "Reference Handler" daemon [_thread_blocked, id=11149, stack(0x00007f30c46e7000,0x00007f30c47e8000)]
  0x00007f30c00b8000 JavaThread "Finalizer" daemon [_thread_blocked, id=11150, stack(0x00007f30c45e6000,0x00007f30c46e7000)]
  0x00007f30c00bd800 JavaThread "Signal Dispatcher" daemon [_thread_blocked, id=11151, stack(0x00007f30a8801000,0x00007f30a8902000)]
  0x00007f30c00bf800 JavaThread "C2 CompilerThread0" daemon [_thread_blocked, id=11152, stack(0x00007f30a8700000,0x00007f30a8801000)]
  0x00007f30c00c2000 JavaThread "C1 CompilerThread0" daemon [_thread_blocked, id=11153, stack(0x00007f30a85ff000,0x00007f30a8700000)]
  0x00007f30c00c4000 JavaThread "Sweeper thread" daemon [_thread_blocked, id=11154, stack(0x00007f30a84fe000,0x00007f30a85ff000)]
  0x00007f30c011b000 JavaThread "Service Thread" daemon [_thread_blocked, id=11155, stack(0x00007f30a83fd000,0x00007f30a84fe000)]
  0x00007f30c0120000 JavaThread "Common-Cleaner" daemon [_thread_blocked, id=11157, stack(0x00007f30a81fa000,0x00007f30a82fb000)]
  0x00007f30c073d000 JavaThread "pool-1-thread-1" [_thread_blocked, id=11159, stack(0x00007f30a8051000,0x00007f30a8152000)]

Other Threads:
  0x00007f30c00b3000 VMThread "VM Thread" [stack: 0x00007f30c47ea000,0x00007f30c48ea000] [id=11148]
  0x00007f30c011d000 WatcherThread [stack: 0x00007f30a82fd000,0x00007f30a83fd000] [id=11156]
  0x00007f30c002e000 GCTaskThread "GC Thread#0" [stack: 0x00007f30c68aa000,0x00007f30c69aa000] [id=11142]
  0x00007f3090001000 GCTaskThread "GC Thread#1" [stack: 0x00007f30998f2000,0x00007f30999f2000] [id=11160]
  0x00007f3090002800 GCTaskThread "GC Thread#2" [stack: 0x00007f30997f0000,0x00007f30998f0000] [id=11161]
  0x00007f3090004000 GCTaskThread "GC Thread#3" [stack: 0x00007f30996ee000,0x00007f30997ee000] [id=11162]
  0x00007f30c0035000 ConcurrentGCThread "G1 Main Marker" [stack: 0x00007f30c5d40000,0x00007f30c5e40000] [id=11143]
  0x00007f30c0036800 ConcurrentGCThread "G1 Conc#0" [stack: 0x00007f30c5c3e000,0x00007f30c5d3e000] [id=11144]
  0x00007f30c008a800 ConcurrentGCThread "G1 Refine#0" [stack: 0x00007f30c5334000,0x00007f30c5434000] [id=11145]
  0x00007f30c008c800 ConcurrentGCThread "G1 Young RemSet Sampling" [stack: 0x00007f30c5232000,0x00007f30c5332000] [id=11146]

Threads with active compile tasks:

VM state:not at safepoint (normal execution)

VM Mutex/Monitor currently owned by a thread: None

Heap address: 0x00000000fc000000, size: 64 MB, Compressed Oops mode: 32-bit
Narrow klass base: 0x0000000800000000, Narrow klass shift: 3
Compressed class space size: 1073741824 Address: 0x0000000840000000

Heap:
 garbage-first heap   total 65536K, used 10170K [0x00000000fc000000, 0x0000000100000000)
  region size 1024K, 5 young (5120K), 3 survivors (3072K)
 Metaspace       used 5385K, capacity 7724K, committed 7936K, reserved 1056768K
  class space    used 736K, capacity 980K, committed 1024K, reserved 1048576K
Heap Regions: E=young(eden), S=young(survivor), O=old, HS=humongous(starts), HC=humongous(continues), CS=collection set, F=free, A=archive, TAMS=top-at-mark-start (previous, next)
|   0|0x00000000fc000000, 0x00000000fc000000, 0x00000000fc100000|  0%| F|  |TAMS 0x00000000fc000000, 0x00000000fc000000| Untracked 
|   1|0x00000000fc100000, 0x00000000fc100000, 0x00000000fc200000|  0%| F|  |TAMS 0x00000000fc100000, 0x00000000fc100000| Untracked 
|   2|0x00000000fc200000, 0x00000000fc200000, 0x00000000fc300000|  0%| F|  |TAMS 0x00000000fc200000, 0x00000000fc200000| Untracked 
|   3|0x00000000fc300000, 0x00000000fc400000, 0x00000000fc400000|100%|HS|  |TAMS 0x00000000fc300000, 0x00000000fc300000| Complete 
|   4|0x00000000fc400000, 0x00000000fc500000, 0x00000000fc500000|100%|HC|  |TAMS 0x00000000fc400000, 0x00000000fc400000| Complete 
|   5|0x00000000fc500000, 0x00000000fc600000, 0x00000000fc600000|100%|HC|  |TAMS 0x00000000fc500000, 0x00000000fc500000| Complete 
|   6|0x00000000fc600000, 0x00000000fc700000, 0x00000000fc700000|100%| O|  |TAMS 0x00000000fc600000, 0x00000000fc600000| Untracked 
|   7|0x00000000fc700000, 0x00000000fc800000, 0x00000000fc800000|100%| O|  |TAMS 0x00000000fc700000, 0x00000000fc700000| Untracked 
|   8|0x00000000fc800000, 0x00000000fc83d800, 0x00000000fc900000| 24%| O|  |TAMS 0x00000000fc800000, 0x00000000fc800000| Untracked 
|   9|0x00000000fc900000, 0x00000000fc900000, 0x00000000fca00000|  0%| F|  |TAMS 0x00000000fc900000, 0x00000000fc900000| Untracked 
|  10|0x00000000fca00000, 0x00000000fca00000, 0x00000000fcb00000|  0%| F|  |TAMS 0x00000000fca00000, 0x00000000fca00000| Untracked 
|  11|0x00000000fcb00000, 0x00000000fcb00000, 0x00000000fcc00000|  0%| F|  |TAMS 0x00000000fcb00000, 0x00000000fcb00000| Untracked 
|  12|0x00000000fcc00000, 0x00000000fcc00000, 0x00000000fcd00000|  0%| F|  |TAMS 0x00000000fcc00000, 0x00000000fcc00000| Untracked 
|  13|0x00000000fcd00000, 0x00000000fcd00000, 0x00000000fce00000|  0%| F|  |TAMS 0x00000000fcd00000, 0x00000000fcd00000| Untracked 
|  14|0x00000000fce00000, 0x00000000fce00000, 0x00000000fcf00000|  0%| F|  |TAMS 0x00000000fce00000, 0x00000000fce00000| Untracked 
|  15|0x00000000fcf00000, 0x00000000fcf00000, 0x00000000fd000000|  0%| F|  |TAMS 0x00000000fcf00000, 0x00000000fcf00000| Untracked 
|  16|0x00000000fd000000, 0x00000000fd000000, 0x00000000fd100000|  0%| F|  |TAMS 0x00000000fd000000, 0x00000000fd000000| Untracked 
|  17|0x00000000fd100000, 0x00000000fd100000, 0x00000000fd200000|  0%| F|  |TAMS 0x00000000fd100000, 0x00000000fd100000| Untracked 
|  18|0x00000000fd200000, 0x00000000fd200000, 0x00000000fd300000|  0%| F|  |TAMS 0x00000000fd200000, 0x00000000fd200000| Untracked 
|  19|0x00000000fd300000, 0x00000000fd300000, 0x00000000fd400000|  0%| F|  |TAMS 0x00000000fd300000, 0x00000000fd300000| Untracked 
|  20|0x00000000fd400000, 0x00000000fd400000, 0x00000000fd500000|  0%| F|  |TAMS 0x00000000fd400000, 0x00000000fd400000| Untracked 
|  21|0x00000000fd500000, 0x00000000fd500000, 0x00000000fd600000|  0%| F|  |TAMS 0x00000000fd500000, 0x00000000fd500000| Untracked 
|  22|0x00000000fd600000, 0x00000000fd600000, 0x00000000fd700000|  0%| F|  |TAMS 0x00000000fd600000, 0x00000000fd600000| Untracked 
|  23|0x00000000fd700000, 0x00000000fd700000, 0x00000000fd800000|  0%| F|  |TAMS 0x00000000fd700000, 0x00000000fd700000| Untracked 
|  24|0x00000000fd800000, 0x00000000fd800000, 0x00000000fd900000|  0%| F|  |TAMS 0x00000000fd800000, 0x00000000fd800000| Untracked 
|  25|0x00000000fd900000, 0x00000000fd900000, 0x00000000fda00000|  0%| F|  |TAMS 0x00000000fd900000, 0x00000000fd900000| Untracked 
|  26|0x00000000fda00000, 0x00000000fda00000, 0x00000000fdb00000|  0%| F|  |TAMS 0x00000000fda00000, 0x00000000fda00000| Untracked 
|  27|0x00000000fdb00000, 0x00000000fdb00000, 0x00000000fdc00000|  0%| F|  |TAMS 0x00000000fdb00000, 0x00000000fdb00000| Untracked 
|  28|0x00000000fdc00000, 0x00000000fdc00000, 0x00000000fdd00000|  0%| F|  |TAMS 0x00000000fdc00000, 0x00000000fdc00000| Untracked 
|  29|0x00000000fdd00000, 0x00000000fdd00000, 0x00000000fde00000|  0%| F|  |TAMS 0x00000000fdd00000, 0x00000000fdd00000| Untracked 
|  30|0x00000000fde00000, 0x00000000fde00000, 0x00000000fdf00000|  0%| F|  |TAMS 0x00000000fde00000, 0x00000000fde00000| Untracked 
|  31|0x00000000fdf00000, 0x00000000fdf00000, 0x00000000fe000000|  0%| F|  |TAMS 0x00000000fdf00000, 0x00000000fdf00000| Untracked 
|  32|0x00000000fe000000, 0x00000000fe000000, 0x00000000fe100000|  0%| F|  |TAMS 0x00000000fe000000, 0x00000000fe000000| Untracked 
|  33|0x00000000fe100000, 0x00000000fe100000, 0x00000000fe200000|  0%| F|  |TAMS 0x00000000fe100000, 0x00000000fe100000| Untracked 
|  34|0x00000000fe200000, 0x00000000fe200000, 0x00000000fe300000|  0%| F|  |TAMS 0x00000000fe200000, 0x00000000fe200000| Untracked 
|  35|0x00000000fe300000, 0x00000000fe400000, 0x00000000fe400000|100%| S|CS|TAMS 0x00000000fe300000, 0x00000000fe300000| Complete 
|  36|0x00000000fe400000, 0x00000000fe500000, 0x00000000fe500000|100%| S|CS|TAMS 0x00000000fe400000, 0x00000000fe400000| Complete 
|  37|0x00000000fe500000, 0x00000000fe600000, 0x00000000fe600000|100%| S|CS|TAMS 0x00000000fe500000, 0x00000000fe500000| Complete 
|  38|0x00000000fe600000, 0x00000000fe600000, 0x00000000fe700000|  0%| F|  |TAMS 0x00000000fe600000, 0x00000000fe600000| Untracked 
|  39|0x00000000fe700000, 0x00000000fe700000, 0x00000000fe800000|  0%| F|  |TAMS 0x00000000fe700000, 0x00000000fe700000| Untracked 
|  40|0x00000000fe800000, 0x00000000fe800000, 0x00000000fe900000|  0%| F|  |TAMS 0x00000000fe800000, 0x00000000fe800000| Untracked 
|  41|0x00000000fe900000, 0x00000000fe900000, 0x00000000fea00000|  0%| F|  |TAMS 0x00000000fe900000, 0x00000000fe900000| Untracked 
|  42|0x00000000fea00000, 0x00000000fea00000, 0x00000000feb00000|  0%| F|  |TAMS 0x00000000fea00000, 0x00000000fea00000| Untracked 
|  43|0x00000000feb00000, 0x00000000feb00000, 0x00000000fec00000|  0%| F|  |TAMS 0x00000000feb00000, 0x00000000feb00000| Untracked 
|  44|0x00000000fec00000, 0x00000000fec00000, 0x00000000fed00000|  0%| F|  |TAMS 0x00000000fec00000, 0x00000000fec00000| Untracked 
|  45|0x00000000fed00000, 0x00000000fed00000, 0x00000000fee00000|  0%| F|  |TAMS 0x00000000fed00000, 0x00000000fed00000| Untracked 
|  46|0x00000000fee00000, 0x00000000fee00000, 0x00000000fef00000|  0%| F|  |TAMS 0x00000000fee00000, 0x00000000fee00000| Untracked 
|  47|0x00000000fef00000, 0x00000000fef00000, 0x00000000ff000000|  0%| F|  |TAMS 0x00000000fef00000, 0x00000000fef00000| Untracked 
|  48|0x00000000ff000000, 0x00000000ff000000, 0x00000000ff100000|  0%| F|  |TAMS 0x00000000ff000000, 0x00000000ff000000| Untracked 
|  49|0x00000000ff100000, 0x00000000ff100000, 0x00000000ff200000|  0%| F|  |TAMS 0x00000000ff100000, 0x00000000ff100000| Untracked 
|  50|0x00000000ff200000, 0x00000000ff200000, 0x00000000ff300000|  0%| F|  |TAMS 0x00000000ff200000, 0x00000000ff200000| Untracked 
|  51|0x00000000ff300000, 0x00000000ff300000, 0x00000000ff400000|  0%| F|  |TAMS 0x00000000ff300000, 0x00000000ff300000| Untracked 
|  52|0x00000000ff400000, 0x00000000ff400000, 0x00000000ff500000|  0%| F|  |TAMS 0x00000000ff400000, 0x00000000ff400000| Untracked 
|  53|0x00000000ff500000, 0x00000000ff500000, 0x00000000ff600000|  0%| F|  |TAMS 0x00000000ff500000, 0x00000000ff500000| Untracked 
|  54|0x00000000ff600000, 0x00000000ff600000, 0x00000000ff700000|  0%| F|  |TAMS 0x00000000ff600000, 0x00000000ff600000| Untracked 
|  55|0x00000000ff700000, 0x00000000ff700000, 0x00000000ff800000|  0%| F|  |TAMS 0x00000000ff700000, 0x00000000ff700000| Untracked 
|  56|0x00000000ff800000, 0x00000000ff800000, 0x00000000ff900000|  0%| F|  |TAMS 0x00000000ff800000, 0x00000000ff800000| Untracked 
|  57|0x00000000ff900000, 0x00000000ff900000, 0x00000000ffa00000|  0%| F|  |TAMS 0x00000000ff900000, 0x00000000ff900000| Untracked 
|  58|0x00000000ffa00000, 0x00000000ffa00000, 0x00000000ffb00000|  0%| F|  |TAMS 0x00000000ffa00000, 0x00000000ffa00000| Untracked 
|  59|0x00000000ffb00000, 0x00000000ffb00000, 0x00000000ffc00000|  0%| F|  |TAMS 0x00000000ffb00000, 0x00000000ffb00000| Untracked 
|  60|0x00000000ffc00000, 0x00000000ffd00000, 0x00000000ffd00000|100%| E|  |TAMS 0x00000000ffc00000, 0x00000000ffc00000| Complete 
|  61|0x00000000ffd00000, 0x00000000ffe00000, 0x00000000ffe00000|100%| E|CS|TAMS 0x00000000ffd00000, 0x00000000ffd00000| Complete 
|  62|0x00000000ffe00000, 0x00000000ffe47000, 0x00000000fff00000| 27%|OA|  |TAMS 0x00000000ffe00000, 0x00000000ffe00000| Untracked 
|  63|0x00000000fff00000, 0x00000000fff6a000, 0x0000000100000000| 41%|CA|  |TAMS 0x00000000fff00000, 0x00000000fff00000| Untracked 

Card table byte_map: [0x00007f30c6060000,0x00007f30c6080000] _byte_map_base: 0x00007f30c5880000

Marking Bits (Prev, Next): (CMBitMap*) 0x00007f30c0033998, (CMBitMap*) 0x00007f30c00339d0
 Prev Bits: [0x00007f30c5f40000, 0x00007f30c6040000)
 Next Bits: [0x00007f30c5e40000, 0x00007f30c5f40000)

Polling page: 0x00007f30c8408000

Metaspace:

Usage:
  Non-class:      6,59 MB capacity,     4,54 MB ( 69%) used,     2,04 MB ( 31%) free+waste,     9,38 KB ( <1%) overhead. 
      Class:    980,00 KB capacity,   736,46 KB ( 75%) used,   238,04 KB ( 24%) free+waste,     5,50 KB ( <1%) overhead. 
       Both:      7,54 MB capacity,     5,26 MB ( 70%) used,     2,27 MB ( 30%) free+waste,    14,88 KB ( <1%) overhead. 

Virtual space:
  Non-class space:        8,00 MB reserved,       6,75 MB ( 84%) committed 
      Class space:        1,00 GB reserved,       1,00 MB ( <1%) committed 
             Both:        1,01 GB reserved,       7,75 MB ( <1%) committed 

Chunk freelists:
   Non-Class:  48,00 KB
       Class:  12,00 KB
        Both:  60,00 KB

MaxMetaspaceSize: unlimited
CompressedClassSpaceSize: 1,00 GB

CodeHeap 'non-profiled nmethods': size=120032Kb used=282Kb max_used=282Kb free=119749Kb
 bounds [0x00007f30b03ca000, 0x00007f30b063a000, 0x00007f30b7902000]
CodeHeap 'profiled nmethods': size=120028Kb used=1641Kb max_used=1641Kb free=118386Kb
 bounds [0x00007f30a8e93000, 0x00007f30a9103000, 0x00007f30b03ca000]
CodeHeap 'non-nmethods': size=5700Kb used=1068Kb max_used=1084Kb free=4631Kb
 bounds [0x00007f30a8902000, 0x00007f30a8b72000, 0x00007f30a8e93000]
 total_blobs=1242 nmethods=862 adapters=293
 compilation: enabled
              stopped_count=0, restarted_count=0
 full_count=0

Compilation events (20 events):
Event: 1,859 Thread 0x00007f30c00c2000  849       3       java.util.HashMap$HashIterator::<init> (79 bytes)
Event: 1,859 Thread 0x00007f30c00c2000 nmethod 849 0x00007f30a902bb90 code [0x00007f30a902bd60, 0x00007f30a902c190]
Event: 1,859 Thread 0x00007f30c00c2000  848       3       java.util.HashMap$KeyIterator::next (8 bytes)
Event: 1,859 Thread 0x00007f30c00c2000 nmethod 848 0x00007f30a902c310 code [0x00007f30a902c4c0, 0x00007f30a902c600]
Event: 1,859 Thread 0x00007f30c00c2000  850       3       java.lang.invoke.DirectMethodHandle::internalMemberName (8 bytes)
Event: 1,859 Thread 0x00007f30c00c2000 nmethod 850 0x00007f30a902c710 code [0x00007f30a902c8c0, 0x00007f30a902cab0]
Event: 1,861 Thread 0x00007f30c00bf800  852       4       java.lang.String::checkBoundsBeginEnd (60 bytes)
Event: 1,861 Thread 0x00007f30c00bf800 nmethod 852 0x00007f30b040bb10 code [0x00007f30b040bca0, 0x00007f30b040bd38]
Event: 1,861 Thread 0x00007f30c00bf800  853       4       java.lang.String::startsWith (138 bytes)
Event: 1,864 Thread 0x00007f30c00bf800 nmethod 853 0x00007f30b040be10 code [0x00007f30b040bfa0, 0x00007f30b040c1d8]
Event: 1,864 Thread 0x00007f30c00bf800  851       4       java.lang.String::substring (58 bytes)
Event: 1,875 Thread 0x00007f30c00bf800 nmethod 851 0x00007f30b040c390 code [0x00007f30b040c540, 0x00007f30b040ca18]
Event: 1,875 Thread 0x00007f30c00bf800  854       4       java.util.HashMap::get (23 bytes)
Event: 1,878 Thread 0x00007f30c00bf800 nmethod 854 0x00007f30b040cc90 code [0x00007f30b040ce40, 0x00007f30b040d0d8]
Event: 1,913 Thread 0x00007f30c00c2000  858       3       java.lang.invoke.MethodHandles$Lookup::lookupClassOrNull (17 bytes)
Event: 1,913 Thread 0x00007f30c00c2000 nmethod 858 0x00007f30a902cb90 code [0x00007f30a902cd40, 0x00007f30a902ced0]
Event: 1,913 Thread 0x00007f30c00c2000  856       3       java.lang.invoke.MemberName::flagsMods (72 bytes)
Event: 1,913 Thread 0x00007f30c00c2000 nmethod 856 0x00007f30a902cf90 code [0x00007f30a902d140, 0x00007f30a902d250]
Event: 1,913 Thread 0x00007f30c00c2000  857       3       java.lang.invoke.MemberName::init (66 bytes)
Event: 1,913 Thread 0x00007f30c00c2000 nmethod 857 0x00007f30a902d310 code [0x00007f30a902d4c0, 0x00007f30a902d710]

GC Heap History (2 events):
Event: 1,865 GC heap before
{Heap before GC invocations=0 (full 0):
 garbage-first heap   total 65536K, used 30404K [0x00000000fc000000, 0x0000000100000000)
  region size 1024K, 24 young (24576K), 0 survivors (0K)
 Metaspace       used 4936K, capacity 7328K, committed 7680K, reserved 1056768K
  class space    used 669K, capacity 912K, committed 1024K, reserved 1048576K
}
Event: 1,871 GC heap after
{Heap after GC invocations=1 (full 0):
 garbage-first heap   total 65536K, used 9146K [0x00000000fc000000, 0x0000000100000000)
  region size 1024K, 3 young (3072K), 3 survivors (3072K)
 Metaspace       used 4936K, capacity 7328K, committed 7680K, reserved 1056768K
  class space    used 669K, capacity 912K, committed 1024K, reserved 1048576K
}

Deoptimization events (20 events):
Event: 1,687 Thread 0x00007f30c0016000 Uncommon trap: trap_request=0xffffffde fr.pc=0x00007f30b03df244 relative=0x0000000000000444
Event: 1,687 Thread 0x00007f30c0016000 Uncommon trap: reason=class_check action=maybe_recompile pc=0x00007f30b03df244 method=java.util.regex.Matcher.match(II)Z @ 121 c2
Event: 1,687 Thread 0x00007f30c0016000 DEOPT PACKING pc=0x00007f30b03df244 sp=0x00007f30c6cf8570
Event: 1,687 Thread 0x00007f30c0016000 DEOPT UNPACKING pc=0x00007f30a8928825 sp=0x00007f30c6cf8518 mode 2
Event: 1,687 Thread 0x00007f30c0016000 Uncommon trap: trap_request=0xffffffde fr.pc=0x00007f30b03df244 relative=0x0000000000000444
Event: 1,687 Thread 0x00007f30c0016000 Uncommon trap: reason=class_check action=maybe_recompile pc=0x00007f30b03df244 method=java.util.regex.Matcher.match(II)Z @ 121 c2
Event: 1,687 Thread 0x00007f30c0016000 DEOPT PACKING pc=0x00007f30b03df244 sp=0x00007f30c6cf8570
Event: 1,687 Thread 0x00007f30c0016000 DEOPT UNPACKING pc=0x00007f30a8928825 sp=0x00007f30c6cf8518 mode 2
Event: 1,687 Thread 0x00007f30c0016000 Uncommon trap: trap_request=0xffffffde fr.pc=0x00007f30b03df244 relative=0x0000000000000444
Event: 1,687 Thread 0x00007f30c0016000 Uncommon trap: reason=class_check action=maybe_recompile pc=0x00007f30b03df244 method=java.util.regex.Matcher.match(II)Z @ 121 c2
Event: 1,687 Thread 0x00007f30c0016000 DEOPT PACKING pc=0x00007f30b03df244 sp=0x00007f30c6cf8570
Event: 1,687 Thread 0x00007f30c0016000 DEOPT UNPACKING pc=0x00007f30a8928825 sp=0x00007f30c6cf8518 mode 2
Event: 1,707 Thread 0x00007f30c0016000 Uncommon trap: trap_request=0xffffff4d fr.pc=0x00007f30b03d0a3c relative=0x000000000000007c
Event: 1,707 Thread 0x00007f30c0016000 Uncommon trap: reason=unstable_if action=reinterpret pc=0x00007f30b03d0a3c method=java.lang.String.isLatin1()Z @ 10 c2
Event: 1,707 Thread 0x00007f30c0016000 DEOPT PACKING pc=0x00007f30b03d0a3c sp=0x00007f30c6cf8190
Event: 1,707 Thread 0x00007f30c0016000 DEOPT UNPACKING pc=0x00007f30a8928825 sp=0x00007f30c6cf80f0 mode 2
Event: 1,707 Thread 0x00007f30c0016000 Uncommon trap: trap_request=0xffffff4d fr.pc=0x00007f30b03d0d88 relative=0x0000000000000068
Event: 1,707 Thread 0x00007f30c0016000 Uncommon trap: reason=unstable_if action=reinterpret pc=0x00007f30b03d0d88 method=java.lang.String.isLatin1()Z @ 10 c2
Event: 1,707 Thread 0x00007f30c0016000 DEOPT PACKING pc=0x00007f30b03d0d88 sp=0x00007f30c6cf8120
Event: 1,707 Thread 0x00007f30c0016000 DEOPT UNPACKING pc=0x00007f30a8928825 sp=0x00007f30c6cf80d0 mode 2

Classes redefined (0 events):
No events

Internal exceptions (9 events):
Event: 1,478 Thread 0x00007f30c0016000 Exception <a 'java/lang/NoSuchMethodError'{0x00000000ffbab2a8}: 'int java.lang.invoke.DirectMethodHandle$Holder.invokeStaticInit(java.lang.Object, java.lang.Object)'> (0x00000000ffbab2a8) thrown at [src/hotspot/share/interpreter/linkResolver.cpp, line 772]
Event: 1,488 Thread 0x00007f30c0016000 Exception <a 'java/lang/NoSuchMethodError'{0x00000000ffa6fa58}: 'int java.lang.invoke.DirectMethodHandle$Holder.invokeSpecial(java.lang.Object, java.lang.Object, java.lang.Object, java.lang.Object)'> (0x00000000ffa6fa58) thrown at [src/hotspot/share/interpreter/linkResolver.cpp, line 772]
Event: 1,490 Thread 0x00007f30c0016000 Exception <a 'java/lang/NoSuchMethodError'{0x00000000ffaa48b0}: 'int java.lang.invoke.DirectMethodHandle$Holder.invokeSpecialIFC(java.lang.Object, java.lang.Object, int)'> (0x00000000ffaa48b0) thrown at [src/hotspot/share/interpreter/linkResolver.cpp, line 772]
Event: 1,698 Thread 0x00007f30c0016000 Exception <a 'java/lang/NoSuchMethodError'{0x00000000fecd5038}: 'java.lang.Object java.lang.invoke.DirectMethodHandle$Holder.invokeVirtual(java.lang.Object, java.lang.Object, java.lang.Object, java.lang.Object, java.lang.Object)'> (0x00000000fecd5038) thrown at [src/hotspot/share/interpreter/linkResolver.cpp, line 772]
Event: 1,733 Thread 0x00007f30c0016000 Exception <a 'java/lang/UnsatisfiedLinkError'{0x00000000febdbb98}> (0x00000000febdbb98) thrown at [src/hotspot/share/prims/jvm.cpp, line 3448]
Event: 1,733 Thread 0x00007f30c0016000 Exception <a 'java/lang/UnsatisfiedLinkError'{0x00000000febdbb98}> (0x00000000febdbb98) thrown at [src/hotspot/share/prims/jni.cpp, line 615]
Event: 1,826 Thread 0x00007f30c0016000 Exception <a 'java/lang/NoClassDefFoundError'{0x00000000fe9c18d0}: org/slf4j/impl/StaticMarkerBinder> (0x00000000fe9c18d0) thrown at [src/hotspot/share/classfile/systemDictionary.cpp, line 220]
Event: 1,844 Thread 0x00007f30c0016000 Exception <a 'java/lang/NoSuchMethodError'{0x00000000fe773390}: 'java.lang.Object java.lang.invoke.Invokers$Holder.invoker(java.lang.Object, java.lang.Object, java.lang.Object, java.lang.Object, java.lang.Object)'> (0x00000000fe773390) thrown at [src/hotspot/share/interpreter/linkResolver.cpp, line 772]
Event: 1,846 Thread 0x00007f30c0016000 Exception <a 'java/lang/NoSuchMethodError'{0x00000000fe783f50}: 'void java.lang.invoke.DelegatingMethodHandle$Holder.delegate(java.lang.Object, java.lang.Object, int, java.lang.Object)'> (0x00000000fe783f50) thrown at [src/hotspot/share/interpreter/linkResolver.cpp, line 772]

Events (20 events):
Event: 1,880 loading class org/gradle/process/internal/CurrentProcess done
Event: 1,880 loading class java/lang/management/ManagementFactory
Event: 1,881 loading class java/lang/management/ManagementFactory done
Event: 1,912 Loaded shared library /usr/lib/jvm/java-11-openjdk-amd64/lib/libmanagement.so
Event: 1,912 loading class java/lang/management/RuntimeMXBean
Event: 1,912 loading class java/lang/management/PlatformManagedObject
Event: 1,912 loading class java/lang/management/PlatformManagedObject done
Event: 1,912 loading class java/lang/management/RuntimeMXBean done
Event: 1,912 loading class java/lang/management/ManagementFactory$PlatformMBeanFinder
Event: 1,912 loading class java/lang/management/ManagementFactory$PlatformMBeanFinder done
Event: 1,913 loading class sun/management/spi/PlatformMBeanProvider
Event: 1,913 loading class sun/management/spi/PlatformMBeanProvider done
Event: 1,913 loading class java/lang/invoke/DirectMethodHandle$Interface
Event: 1,913 loading class java/lang/invoke/DirectMethodHandle$Interface done
Event: 1,914 loading class com/sun/management/internal/PlatformMBeanProviderImpl
Event: 1,914 loading class com/sun/management/internal/PlatformMBeanProviderImpl done
Event: 1,922 Executing VM operation: RevokeBias
Event: 1,922 Executing VM operation: RevokeBias done
Event: 1,922 loading class org/gradle/internal/logging/events/UserInputRequestEvent
Event: 1,922 loading class org/gradle/internal/logging/events/UserInputRequestEvent done


Dynamic libraries:
fc000000-ffe00000 rw-p 00000000 00:00 0 
ffe00000-ffe47000 rw-p 0110e000 08:02 121245572                          /usr/lib/jvm/java-11-openjdk-amd64/lib/server/classes.jsa
ffe47000-fff00000 rw-p 00000000 00:00 0 
fff00000-fff6a000 rw-p 010a4000 08:02 121245572                          /usr/lib/jvm/java-11-openjdk-amd64/lib/server/classes.jsa
fff6a000-100000000 rw-p 00000000 00:00 0 
800000000-800002000 rwxp 00001000 08:02 121245572                        /usr/lib/jvm/java-11-openjdk-amd64/lib/server/classes.jsa
800002000-8003b9000 rw-p 00003000 08:02 121245572                        /usr/lib/jvm/java-11-openjdk-amd64/lib/server/classes.jsa
8003b9000-800a95000 r--p 003ba000 08:02 121245572                        /usr/lib/jvm/java-11-openjdk-amd64/lib/server/classes.jsa
800a95000-800a96000 rw-p 00a96000 08:02 121245572                        /usr/lib/jvm/java-11-openjdk-amd64/lib/server/classes.jsa
800a96000-8010a3000 r--p 00a97000 08:02 121245572                        /usr/lib/jvm/java-11-openjdk-amd64/lib/server/classes.jsa
840000000-840100000 rw-p 00000000 00:00 0 
840100000-880000000 ---p 00000000 00:00 0 
558ddb030000-558ddb031000 r--p 00000000 08:02 120717876                  /usr/lib/jvm/java-11-openjdk-amd64/bin/java
558ddb031000-558ddb032000 r-xp 00001000 08:02 120717876                  /usr/lib/jvm/java-11-openjdk-amd64/bin/java
558ddb032000-558ddb033000 r--p 00002000 08:02 120717876                  /usr/lib/jvm/java-11-openjdk-amd64/bin/java
558ddb033000-558ddb034000 r--p 00002000 08:02 120717876                  /usr/lib/jvm/java-11-openjdk-amd64/bin/java
558ddb034000-558ddb035000 rw-p 00003000 08:02 120717876                  /usr/lib/jvm/java-11-openjdk-amd64/bin/java
558ddcd7d000-558ddcd9e000 rw-p 00000000 00:00 0                          [heap]
7f3054000000-7f3054021000 rw-p 00000000 00:00 0 
7f3054021000-7f3058000000 ---p 00000000 00:00 0 
7f305c000000-7f305c021000 rw-p 00000000 00:00 0 
7f305c021000-7f3060000000 ---p 00000000 00:00 0 
7f3060000000-7f3060021000 rw-p 00000000 00:00 0 
7f3060021000-7f3064000000 ---p 00000000 00:00 0 
7f3064000000-7f3064021000 rw-p 00000000 00:00 0 
7f3064021000-7f3068000000 ---p 00000000 00:00 0 
7f3068000000-7f3068021000 rw-p 00000000 00:00 0 
7f3068021000-7f306c000000 ---p 00000000 00:00 0 
7f306c000000-7f306c021000 rw-p 00000000 00:00 0 
7f306c021000-7f3070000000 ---p 00000000 00:00 0 
7f3070000000-7f3070021000 rw-p 00000000 00:00 0 
7f3070021000-7f3074000000 ---p 00000000 00:00 0 
7f3074000000-7f30742f6000 rw-p 00000000 00:00 0 
7f30742f6000-7f3078000000 ---p 00000000 00:00 0 
7f3078000000-7f3078021000 rw-p 00000000 00:00 0 
7f3078021000-7f307c000000 ---p 00000000 00:00 0 
7f307c000000-7f307c021000 rw-p 00000000 00:00 0 
7f307c021000-7f3080000000 ---p 00000000 00:00 0 
7f3080000000-7f3080361000 rw-p 00000000 00:00 0 
7f3080361000-7f3084000000 ---p 00000000 00:00 0 
7f3084000000-7f3084021000 rw-p 00000000 00:00 0 
7f3084021000-7f3088000000 ---p 00000000 00:00 0 
7f3088000000-7f3088021000 rw-p 00000000 00:00 0 
7f3088021000-7f308c000000 ---p 00000000 00:00 0 
7f308c000000-7f308c021000 rw-p 00000000 00:00 0 
7f308c021000-7f3090000000 ---p 00000000 00:00 0 
7f3090000000-7f3090021000 rw-p 00000000 00:00 0 
7f3090021000-7f3094000000 ---p 00000000 00:00 0 
7f3094000000-7f3094021000 rw-p 00000000 00:00 0 
7f3094021000-7f3098000000 ---p 00000000 00:00 0 
7f30996ec000-7f30996ed000 ---p 00000000 00:00 0 
7f30996ed000-7f30997ee000 rw-p 00000000 00:00 0 
7f30997ee000-7f30997ef000 ---p 00000000 00:00 0 
7f30997ef000-7f30998f0000 rw-p 00000000 00:00 0 
7f30998f0000-7f30998f1000 ---p 00000000 00:00 0 
7f30998f1000-7f30999f2000 rw-p 00000000 00:00 0 
7f30999f2000-7f30999f5000 r-xp 00000000 08:02 44307500                   /home/rubem/.gradle/native/jansi/1.18/linux64/libjansi.so
7f30999f5000-7f3099bf4000 ---p 00003000 08:02 44307500                   /home/rubem/.gradle/native/jansi/1.18/linux64/libjansi.so
7f3099bf4000-7f3099bf5000 rw-p 00002000 08:02 44307500                   /home/rubem/.gradle/native/jansi/1.18/linux64/libjansi.so
7f3099bf5000-7f3099bf9000 r-xp 00000000 08:02 44438903                   /home/rubem/.gradle/native/36/linux-amd64-ncurses6/libnative-platform-curses.so
7f3099bf9000-7f3099df8000 ---p 00004000 08:02 44438903                   /home/rubem/.gradle/native/36/linux-amd64-ncurses6/libnative-platform-curses.so
7f3099df8000-7f3099df9000 r--p 00003000 08:02 44438903                   /home/rubem/.gradle/native/36/linux-amd64-ncurses6/libnative-platform-curses.so
7f3099df9000-7f3099dfa000 rw-p 00004000 08:02 44438903                   /home/rubem/.gradle/native/36/linux-amd64-ncurses6/libnative-platform-curses.so
7f3099dfa000-7f3099dff000 r-xp 00000000 08:02 44178098                   /home/rubem/.gradle/native/36/linux-amd64/libnative-platform.so
7f3099dff000-7f3099fff000 ---p 00005000 08:02 44178098                   /home/rubem/.gradle/native/36/linux-amd64/libnative-platform.so
7f3099fff000-7f309a000000 rw-p 00005000 08:02 44178098                   /home/rubem/.gradle/native/36/linux-amd64/libnative-platform.so
7f309a000000-7f309c000000 rw-p 00000000 00:00 0 
7f309c000000-7f309c021000 rw-p 00000000 00:00 0 
7f309c021000-7f30a0000000 ---p 00000000 00:00 0 
7f30a0000000-7f30a0021000 rw-p 00000000 00:00 0 
7f30a0021000-7f30a4000000 ---p 00000000 00:00 0 
7f30a4000000-7f30a4021000 rw-p 00000000 00:00 0 
7f30a4021000-7f30a8000000 ---p 00000000 00:00 0 
7f30a8051000-7f30a8055000 ---p 00000000 00:00 0 
7f30a8055000-7f30a8152000 rw-p 00000000 00:00 0 
7f30a8152000-7f30a8160000 r--p 00000000 08:02 120595111                  /usr/lib/x86_64-linux-gnu/libtinfo.so.6.2
7f30a8160000-7f30a816f000 r-xp 0000e000 08:02 120595111                  /usr/lib/x86_64-linux-gnu/libtinfo.so.6.2
7f30a816f000-7f30a817d000 r--p 0001d000 08:02 120595111                  /usr/lib/x86_64-linux-gnu/libtinfo.so.6.2
7f30a817d000-7f30a8181000 r--p 0002a000 08:02 120595111                  /usr/lib/x86_64-linux-gnu/libtinfo.so.6.2
7f30a8181000-7f30a8182000 rw-p 0002e000 08:02 120595111                  /usr/lib/x86_64-linux-gnu/libtinfo.so.6.2
7f30a8182000-7f30a818a000 r--p 00000000 08:02 120594636                  /usr/lib/x86_64-linux-gnu/libncursesw.so.6.2
7f30a818a000-7f30a81b1000 r-xp 00008000 08:02 120594636                  /usr/lib/x86_64-linux-gnu/libncursesw.so.6.2
7f30a81b1000-7f30a81ba000 r--p 0002f000 08:02 120594636                  /usr/lib/x86_64-linux-gnu/libncursesw.so.6.2
7f30a81ba000-7f30a81bb000 r--p 00037000 08:02 120594636                  /usr/lib/x86_64-linux-gnu/libncursesw.so.6.2
7f30a81bb000-7f30a81bc000 rw-p 00038000 08:02 120594636                  /usr/lib/x86_64-linux-gnu/libncursesw.so.6.2
7f30a81cb000-7f30a81cd000 r--p 00000000 08:02 121245482                  /usr/lib/jvm/java-11-openjdk-amd64/lib/libmanagement_ext.so
7f30a81cd000-7f30a81d0000 r-xp 00002000 08:02 121245482                  /usr/lib/jvm/java-11-openjdk-amd64/lib/libmanagement_ext.so
7f30a81d0000-7f30a81d1000 r--p 00005000 08:02 121245482                  /usr/lib/jvm/java-11-openjdk-amd64/lib/libmanagement_ext.so
7f30a81d1000-7f30a81d2000 ---p 00006000 08:02 121245482                  /usr/lib/jvm/java-11-openjdk-amd64/lib/libmanagement_ext.so
7f30a81d2000-7f30a81d4000 rw-p 00006000 08:02 121245482                  /usr/lib/jvm/java-11-openjdk-amd64/lib/libmanagement_ext.so
7f30a81d4000-7f30a81fa000 r--p 00000000 08:02 1314938                    /usr/share/locale-langpack/pt_BR/LC_MESSAGES/libc.mo
7f30a81fa000-7f30a81fe000 ---p 00000000 00:00 0 
7f30a81fe000-7f30a82fb000 rw-p 00000000 00:00 0 
7f30a82fb000-7f30a82fc000 ---p 00000000 00:00 0 
7f30a82fc000-7f30a83fd000 rw-p 00000000 00:00 0 
7f30a83fd000-7f30a8401000 ---p 00000000 00:00 0 
7f30a8401000-7f30a84fe000 rw-p 00000000 00:00 0 
7f30a84fe000-7f30a8502000 ---p 00000000 00:00 0 
7f30a8502000-7f30a85ff000 rw-p 00000000 00:00 0 
7f30a85ff000-7f30a8603000 ---p 00000000 00:00 0 
7f30a8603000-7f30a8700000 rw-p 00000000 00:00 0 
7f30a8700000-7f30a8704000 ---p 00000000 00:00 0 
7f30a8704000-7f30a8801000 rw-p 00000000 00:00 0 
7f30a8801000-7f30a8805000 ---p 00000000 00:00 0 
7f30a8805000-7f30a8902000 rw-p 00000000 00:00 0 
7f30a8902000-7f30a8b72000 rwxp 00000000 00:00 0 
7f30a8b72000-7f30a8e93000 ---p 00000000 00:00 0 
7f30a8e93000-7f30a9103000 rwxp 00000000 00:00 0 
7f30a9103000-7f30b03ca000 ---p 00000000 00:00 0 
7f30b03ca000-7f30b063a000 rwxp 00000000 00:00 0 
7f30b063a000-7f30b7902000 ---p 00000000 00:00 0 
7f30b7902000-7f30c0000000 r--s 00000000 08:02 121245494                  /usr/lib/jvm/java-11-openjdk-amd64/lib/modules
7f30c0000000-7f30c07c7000 rw-p 00000000 00:00 0 
7f30c07c7000-7f30c4000000 ---p 00000000 00:00 0 
7f30c4003000-7f30c4006000 r--p 00000000 08:02 121245480                  /usr/lib/jvm/java-11-openjdk-amd64/lib/libmanagement.so
7f30c4006000-7f30c4007000 r-xp 00003000 08:02 121245480                  /usr/lib/jvm/java-11-openjdk-amd64/lib/libmanagement.so
7f30c4007000-7f30c4008000 r--p 00004000 08:02 121245480                  /usr/lib/jvm/java-11-openjdk-amd64/lib/libmanagement.so
7f30c4008000-7f30c4009000 r--p 00004000 08:02 121245480                  /usr/lib/jvm/java-11-openjdk-amd64/lib/libmanagement.so
7f30c4009000-7f30c400a000 rw-p 00005000 08:02 121245480                  /usr/lib/jvm/java-11-openjdk-amd64/lib/libmanagement.so
7f30c400a000-7f30c400b000 r--p 00000000 08:02 120588489                  /usr/lib/x86_64-linux-gnu/libutil-2.31.so
7f30c400b000-7f30c400c000 r-xp 00001000 08:02 120588489                  /usr/lib/x86_64-linux-gnu/libutil-2.31.so
7f30c400c000-7f30c400d000 r--p 00002000 08:02 120588489                  /usr/lib/x86_64-linux-gnu/libutil-2.31.so
7f30c400d000-7f30c400e000 r--p 00002000 08:02 120588489                  /usr/lib/x86_64-linux-gnu/libutil-2.31.so
7f30c400e000-7f30c400f000 rw-p 00003000 08:02 120588489                  /usr/lib/x86_64-linux-gnu/libutil-2.31.so
7f30c400f000-7f30c4016000 r--s 00000000 08:02 121116556                  /usr/lib/x86_64-linux-gnu/gconv/gconv-modules.cache
7f30c4016000-7f30c4047000 rw-p 00000000 00:00 0 
7f30c4047000-7f30c404b000 r--p 00000000 08:02 121245484                  /usr/lib/jvm/java-11-openjdk-amd64/lib/libnet.so
7f30c404b000-7f30c405a000 r-xp 00004000 08:02 121245484                  /usr/lib/jvm/java-11-openjdk-amd64/lib/libnet.so
7f30c405a000-7f30c405e000 r--p 00013000 08:02 121245484                  /usr/lib/jvm/java-11-openjdk-amd64/lib/libnet.so
7f30c405e000-7f30c405f000 r--p 00016000 08:02 121245484                  /usr/lib/jvm/java-11-openjdk-amd64/lib/libnet.so
7f30c405f000-7f30c4060000 rw-p 00017000 08:02 121245484                  /usr/lib/jvm/java-11-openjdk-amd64/lib/libnet.so
7f30c4060000-7f30c4067000 r--p 00000000 08:02 121245485                  /usr/lib/jvm/java-11-openjdk-amd64/lib/libnio.so
7f30c4067000-7f30c406f000 r-xp 00007000 08:02 121245485                  /usr/lib/jvm/java-11-openjdk-amd64/lib/libnio.so
7f30c406f000-7f30c4072000 r--p 0000f000 08:02 121245485                  /usr/lib/jvm/java-11-openjdk-amd64/lib/libnio.so
7f30c4072000-7f30c4073000 r--p 00011000 08:02 121245485                  /usr/lib/jvm/java-11-openjdk-amd64/lib/libnio.so
7f30c4073000-7f30c4074000 rw-p 00012000 08:02 121245485                  /usr/lib/jvm/java-11-openjdk-amd64/lib/libnio.so
7f30c4074000-7f30c45e6000 r--p 00000000 08:02 120587586                  /usr/lib/locale/locale-archive
7f30c45e6000-7f30c45ea000 ---p 00000000 00:00 0 
7f30c45ea000-7f30c46e7000 rw-p 00000000 00:00 0 
7f30c46e7000-7f30c46eb000 ---p 00000000 00:00 0 
7f30c46eb000-7f30c47e8000 rw-p 00000000 00:00 0 
7f30c47e8000-7f30c47e9000 ---p 00000000 00:00 0 
7f30c47e9000-7f30c50ae000 rw-p 00000000 00:00 0 
7f30c50ae000-7f30c51ee000 ---p 00000000 00:00 0 
7f30c51ee000-7f30c5230000 rw-p 00000000 00:00 0 
7f30c5230000-7f30c5231000 ---p 00000000 00:00 0 
7f30c5231000-7f30c5332000 rw-p 00000000 00:00 0 
7f30c5332000-7f30c5333000 ---p 00000000 00:00 0 
7f30c5333000-7f30c5c3c000 rw-p 00000000 00:00 0 
7f30c5c3c000-7f30c5c3d000 ---p 00000000 00:00 0 
7f30c5c3d000-7f30c5d3e000 rw-p 00000000 00:00 0 
7f30c5d3e000-7f30c5d3f000 ---p 00000000 00:00 0 
7f30c5d3f000-7f30c6060000 rw-p 00000000 00:00 0 
7f30c6060000-7f30c68a8000 rw-p 00000000 00:00 0 
7f30c68a8000-7f30c68a9000 ---p 00000000 00:00 0 
7f30c68a9000-7f30c69af000 rw-p 00000000 00:00 0 
7f30c69af000-7f30c6a95000 ---p 00000000 00:00 0 
7f30c6a95000-7f30c6a9a000 rw-p 00000000 00:00 0 
7f30c6a9a000-7f30c6b80000 ---p 00000000 00:00 0 
7f30c6b80000-7f30c6b85000 rw-p 00000000 00:00 0 
7f30c6b85000-7f30c6b8c000 ---p 00000000 00:00 0 
7f30c6b8c000-7f30c6b8f000 r--p 00000000 08:02 120588480                  /usr/lib/x86_64-linux-gnu/libnss_files-2.31.so
7f30c6b8f000-7f30c6b96000 r-xp 00003000 08:02 120588480                  /usr/lib/x86_64-linux-gnu/libnss_files-2.31.so
7f30c6b96000-7f30c6b98000 r--p 0000a000 08:02 120588480                  /usr/lib/x86_64-linux-gnu/libnss_files-2.31.so
7f30c6b98000-7f30c6b99000 r--p 0000b000 08:02 120588480                  /usr/lib/x86_64-linux-gnu/libnss_files-2.31.so
7f30c6b99000-7f30c6b9a000 rw-p 0000c000 08:02 120588480                  /usr/lib/x86_64-linux-gnu/libnss_files-2.31.so
7f30c6b9a000-7f30c6ba0000 rw-p 00000000 00:00 0 
7f30c6ba1000-7f30c6ba6000 rw-p 00000000 00:00 0 
7f30c6ba6000-7f30c6ba8000 r--p 00000000 08:02 121245493                  /usr/lib/jvm/java-11-openjdk-amd64/lib/libzip.so
7f30c6ba8000-7f30c6bac000 r-xp 00002000 08:02 121245493                  /usr/lib/jvm/java-11-openjdk-amd64/lib/libzip.so
7f30c6bac000-7f30c6bae000 r--p 00006000 08:02 121245493                  /usr/lib/jvm/java-11-openjdk-amd64/lib/libzip.so
7f30c6bae000-7f30c6baf000 r--p 00007000 08:02 121245493                  /usr/lib/jvm/java-11-openjdk-amd64/lib/libzip.so
7f30c6baf000-7f30c6bb0000 rw-p 00008000 08:02 121245493                  /usr/lib/jvm/java-11-openjdk-amd64/lib/libzip.so
7f30c6bb0000-7f30c6bb8000 rw-s 00000000 08:02 62130459                   /tmp/hsperfdata_rubem/11128
7f30c6bb8000-7f30c6bba000 r--p 00000000 08:02 121245476                  /usr/lib/jvm/java-11-openjdk-amd64/lib/libjimage.so
7f30c6bba000-7f30c6bbd000 r-xp 00002000 08:02 121245476                  /usr/lib/jvm/java-11-openjdk-amd64/lib/libjimage.so
7f30c6bbd000-7f30c6bbe000 r--p 00005000 08:02 121245476                  /usr/lib/jvm/java-11-openjdk-amd64/lib/libjimage.so
7f30c6bbe000-7f30c6bbf000 ---p 00006000 08:02 121245476                  /usr/lib/jvm/java-11-openjdk-amd64/lib/libjimage.so
7f30c6bbf000-7f30c6bc0000 r--p 00006000 08:02 121245476                  /usr/lib/jvm/java-11-openjdk-amd64/lib/libjimage.so
7f30c6bc0000-7f30c6bc1000 rw-p 00007000 08:02 121245476                  /usr/lib/jvm/java-11-openjdk-amd64/lib/libjimage.so
7f30c6bc1000-7f30c6bcf000 r--p 00000000 08:02 121245472                  /usr/lib/jvm/java-11-openjdk-amd64/lib/libjava.so
7f30c6bcf000-7f30c6be5000 r-xp 0000e000 08:02 121245472                  /usr/lib/jvm/java-11-openjdk-amd64/lib/libjava.so
7f30c6be5000-7f30c6bec000 r--p 00024000 08:02 121245472                  /usr/lib/jvm/java-11-openjdk-amd64/lib/libjava.so
7f30c6bec000-7f30c6bed000 r--p 0002a000 08:02 121245472                  /usr/lib/jvm/java-11-openjdk-amd64/lib/libjava.so
7f30c6bed000-7f30c6bee000 rw-p 0002b000 08:02 121245472                  /usr/lib/jvm/java-11-openjdk-amd64/lib/libjava.so
7f30c6bee000-7f30c6bef000 rw-p 00000000 00:00 0 
7f30c6bef000-7f30c6bf2000 r--p 00000000 08:02 120588487                  /usr/lib/x86_64-linux-gnu/librt-2.31.so
7f30c6bf2000-7f30c6bf6000 r-xp 00003000 08:02 120588487                  /usr/lib/x86_64-linux-gnu/librt-2.31.so
7f30c6bf6000-7f30c6bf7000 r--p 00007000 08:02 120588487                  /usr/lib/x86_64-linux-gnu/librt-2.31.so
7f30c6bf7000-7f30c6bf8000 ---p 00008000 08:02 120588487                  /usr/lib/x86_64-linux-gnu/librt-2.31.so
7f30c6bf8000-7f30c6bf9000 r--p 00008000 08:02 120588487                  /usr/lib/x86_64-linux-gnu/librt-2.31.so
7f30c6bf9000-7f30c6bfa000 rw-p 00009000 08:02 120588487                  /usr/lib/x86_64-linux-gnu/librt-2.31.so
7f30c6bfa000-7f30c6bfe000 ---p 00000000 00:00 0 
7f30c6bfe000-7f30c6cfb000 rw-p 00000000 00:00 0 
7f30c6cfb000-7f30c6cfe000 r--p 00000000 08:02 120594198                  /usr/lib/x86_64-linux-gnu/libgcc_s.so.1
7f30c6cfe000-7f30c6d10000 r-xp 00003000 08:02 120594198                  /usr/lib/x86_64-linux-gnu/libgcc_s.so.1
7f30c6d10000-7f30c6d14000 r--p 00015000 08:02 120594198                  /usr/lib/x86_64-linux-gnu/libgcc_s.so.1
7f30c6d14000-7f30c6d15000 r--p 00018000 08:02 120594198                  /usr/lib/x86_64-linux-gnu/libgcc_s.so.1
7f30c6d15000-7f30c6d16000 rw-p 00019000 08:02 120594198                  /usr/lib/x86_64-linux-gnu/libgcc_s.so.1
7f30c6d16000-7f30c6d25000 r--p 00000000 08:02 120588474                  /usr/lib/x86_64-linux-gnu/libm-2.31.so
7f30c6d25000-7f30c6dcc000 r-xp 0000f000 08:02 120588474                  /usr/lib/x86_64-linux-gnu/libm-2.31.so
7f30c6dcc000-7f30c6e63000 r--p 000b6000 08:02 120588474                  /usr/lib/x86_64-linux-gnu/libm-2.31.so
7f30c6e63000-7f30c6e64000 r--p 0014c000 08:02 120588474                  /usr/lib/x86_64-linux-gnu/libm-2.31.so
7f30c6e64000-7f30c6e65000 rw-p 0014d000 08:02 120588474                  /usr/lib/x86_64-linux-gnu/libm-2.31.so
7f30c6e65000-7f30c6efb000 r--p 00000000 08:02 120595066                  /usr/lib/x86_64-linux-gnu/libstdc++.so.6.0.28
7f30c6efb000-7f30c6feb000 r-xp 00096000 08:02 120595066                  /usr/lib/x86_64-linux-gnu/libstdc++.so.6.0.28
7f30c6feb000-7f30c7034000 r--p 00186000 08:02 120595066                  /usr/lib/x86_64-linux-gnu/libstdc++.so.6.0.28
7f30c7034000-7f30c7035000 ---p 001cf000 08:02 120595066                  /usr/lib/x86_64-linux-gnu/libstdc++.so.6.0.28
7f30c7035000-7f30c7040000 r--p 001cf000 08:02 120595066                  /usr/lib/x86_64-linux-gnu/libstdc++.so.6.0.28
7f30c7040000-7f30c7043000 rw-p 001da000 08:02 120595066                  /usr/lib/x86_64-linux-gnu/libstdc++.so.6.0.28
7f30c7043000-7f30c7046000 rw-p 00000000 00:00 0 
7f30c7046000-7f30c72b3000 r--p 00000000 08:02 121245499                  /usr/lib/jvm/java-11-openjdk-amd64/lib/server/libjvm.so
7f30c72b3000-7f30c7e47000 r-xp 0026d000 08:02 121245499                  /usr/lib/jvm/java-11-openjdk-amd64/lib/server/libjvm.so
7f30c7e47000-7f30c807e000 r--p 00e01000 08:02 121245499                  /usr/lib/jvm/java-11-openjdk-amd64/lib/server/libjvm.so
7f30c807e000-7f30c813b000 r--p 01037000 08:02 121245499                  /usr/lib/jvm/java-11-openjdk-amd64/lib/server/libjvm.so
7f30c813b000-7f30c8174000 rw-p 010f4000 08:02 121245499                  /usr/lib/jvm/java-11-openjdk-amd64/lib/server/libjvm.so
7f30c8174000-7f30c81cd000 rw-p 00000000 00:00 0 
7f30c81cd000-7f30c81d4000 r--p 00000000 08:02 120588485                  /usr/lib/x86_64-linux-gnu/libpthread-2.31.so
7f30c81d4000-7f30c81e5000 r-xp 00007000 08:02 120588485                  /usr/lib/x86_64-linux-gnu/libpthread-2.31.so
7f30c81e5000-7f30c81ea000 r--p 00018000 08:02 120588485                  /usr/lib/x86_64-linux-gnu/libpthread-2.31.so
7f30c81ea000-7f30c81eb000 r--p 0001c000 08:02 120588485                  /usr/lib/x86_64-linux-gnu/libpthread-2.31.so
7f30c81eb000-7f30c81ec000 rw-p 0001d000 08:02 120588485                  /usr/lib/x86_64-linux-gnu/libpthread-2.31.so
7f30c81ec000-7f30c81f0000 rw-p 00000000 00:00 0 
7f30c81f0000-7f30c81f1000 r--p 00000000 08:02 120588473                  /usr/lib/x86_64-linux-gnu/libdl-2.31.so
7f30c81f1000-7f30c81f3000 r-xp 00001000 08:02 120588473                  /usr/lib/x86_64-linux-gnu/libdl-2.31.so
7f30c81f3000-7f30c81f4000 r--p 00003000 08:02 120588473                  /usr/lib/x86_64-linux-gnu/libdl-2.31.so
7f30c81f4000-7f30c81f5000 r--p 00003000 08:02 120588473                  /usr/lib/x86_64-linux-gnu/libdl-2.31.so
7f30c81f5000-7f30c81f6000 rw-p 00004000 08:02 120588473                  /usr/lib/x86_64-linux-gnu/libdl-2.31.so
7f30c81f6000-7f30c81f8000 r--p 00000000 08:02 120595344                  /usr/lib/x86_64-linux-gnu/libz.so.1.2.11
7f30c81f8000-7f30c8209000 r-xp 00002000 08:02 120595344                  /usr/lib/x86_64-linux-gnu/libz.so.1.2.11
7f30c8209000-7f30c820f000 r--p 00013000 08:02 120595344                  /usr/lib/x86_64-linux-gnu/libz.so.1.2.11
7f30c820f000-7f30c8210000 ---p 00019000 08:02 120595344                  /usr/lib/x86_64-linux-gnu/libz.so.1.2.11
7f30c8210000-7f30c8211000 r--p 00019000 08:02 120595344                  /usr/lib/x86_64-linux-gnu/libz.so.1.2.11
7f30c8211000-7f30c8212000 rw-p 0001a000 08:02 120595344                  /usr/lib/x86_64-linux-gnu/libz.so.1.2.11
7f30c8212000-7f30c8237000 r--p 00000000 08:02 120588472                  /usr/lib/x86_64-linux-gnu/libc-2.31.so
7f30c8237000-7f30c83af000 r-xp 00025000 08:02 120588472                  /usr/lib/x86_64-linux-gnu/libc-2.31.so
7f30c83af000-7f30c83f9000 r--p 0019d000 08:02 120588472                  /usr/lib/x86_64-linux-gnu/libc-2.31.so
7f30c83f9000-7f30c83fa000 ---p 001e7000 08:02 120588472                  /usr/lib/x86_64-linux-gnu/libc-2.31.so
7f30c83fa000-7f30c83fd000 r--p 001e7000 08:02 120588472                  /usr/lib/x86_64-linux-gnu/libc-2.31.so
7f30c83fd000-7f30c8400000 rw-p 001ea000 08:02 120588472                  /usr/lib/x86_64-linux-gnu/libc-2.31.so
7f30c8400000-7f30c8404000 rw-p 00000000 00:00 0 
7f30c8406000-7f30c8408000 r--s 0000c000 08:02 121377896                  /usr/share/java/java-atk-wrapper.jar
7f30c8408000-7f30c8409000 ---p 00000000 00:00 0 
7f30c8409000-7f30c840a000 r--p 00000000 00:00 0 
7f30c840a000-7f30c840f000 r--p 00000000 08:02 121245492                  /usr/lib/jvm/java-11-openjdk-amd64/lib/libverify.so
7f30c840f000-7f30c8416000 r-xp 00005000 08:02 121245492                  /usr/lib/jvm/java-11-openjdk-amd64/lib/libverify.so
7f30c8416000-7f30c8418000 r--p 0000c000 08:02 121245492                  /usr/lib/jvm/java-11-openjdk-amd64/lib/libverify.so
7f30c8418000-7f30c8419000 ---p 0000e000 08:02 121245492                  /usr/lib/jvm/java-11-openjdk-amd64/lib/libverify.so
7f30c8419000-7f30c841b000 r--p 0000e000 08:02 121245492                  /usr/lib/jvm/java-11-openjdk-amd64/lib/libverify.so
7f30c841b000-7f30c841c000 rw-p 00010000 08:02 121245492                  /usr/lib/jvm/java-11-openjdk-amd64/lib/libverify.so
7f30c841c000-7f30c841f000 r--p 00000000 08:02 121245456                  /usr/lib/jvm/java-11-openjdk-amd64/lib/jli/libjli.so
7f30c841f000-7f30c8429000 r-xp 00003000 08:02 121245456                  /usr/lib/jvm/java-11-openjdk-amd64/lib/jli/libjli.so
7f30c8429000-7f30c842c000 r--p 0000d000 08:02 121245456                  /usr/lib/jvm/java-11-openjdk-amd64/lib/jli/libjli.so
7f30c842c000-7f30c842d000 ---p 00010000 08:02 121245456                  /usr/lib/jvm/java-11-openjdk-amd64/lib/jli/libjli.so
7f30c842d000-7f30c842e000 r--p 00010000 08:02 121245456                  /usr/lib/jvm/java-11-openjdk-amd64/lib/jli/libjli.so
7f30c842e000-7f30c842f000 rw-p 00011000 08:02 121245456                  /usr/lib/jvm/java-11-openjdk-amd64/lib/jli/libjli.so
7f30c842f000-7f30c8431000 rw-p 00000000 00:00 0 
7f30c8431000-7f30c8432000 r--p 00000000 08:02 120588467                  /usr/lib/x86_64-linux-gnu/ld-2.31.so
7f30c8432000-7f30c8455000 r-xp 00001000 08:02 120588467                  /usr/lib/x86_64-linux-gnu/ld-2.31.so
7f30c8455000-7f30c845d000 r--p 00024000 08:02 120588467                  /usr/lib/x86_64-linux-gnu/ld-2.31.so
7f30c845e000-7f30c845f000 r--p 0002c000 08:02 120588467                  /usr/lib/x86_64-linux-gnu/ld-2.31.so
7f30c845f000-7f30c8460000 rw-p 0002d000 08:02 120588467                  /usr/lib/x86_64-linux-gnu/ld-2.31.so
7f30c8460000-7f30c8461000 rw-p 00000000 00:00 0 
7ffc8d4ff000-7ffc8d522000 rw-p 00000000 00:00 0                          [stack]
7ffc8d5ce000-7ffc8d5d1000 r--p 00000000 00:00 0                          [vvar]
7ffc8d5d1000-7ffc8d5d2000 r-xp 00000000 00:00 0                          [vdso]
ffffffffff600000-ffffffffff601000 --xp 00000000 00:00 0                  [vsyscall]


VM Arguments:
jvm_args: -Xmx64m -Xms64m -Dorg.gradle.appname=gradlew 
java_command: org.gradle.wrapper.GradleWrapperMain app:installDebug -PreactNativeDevServerPort=8081
java_class_path (initial): /home/rubem/Documentos/Workstation/Rocketseat/Mobile/GoBarber-Mobile/android/gradle/wrapper/gradle-wrapper.jar
Launcher Type: SUN_STANDARD

[Global flags]
     intx CICompilerCount                          = 4                                         {product} {ergonomic}
     uint ConcGCThreads                            = 2                                         {product} {ergonomic}
     uint G1ConcRefinementThreads                  = 8                                         {product} {ergonomic}
   size_t G1HeapRegionSize                         = 1048576                                   {product} {ergonomic}
    uintx GCDrainStackTargetSize                   = 64                                        {product} {ergonomic}
   size_t InitialHeapSize                          = 67108864                                  {product} {command line}
   size_t MarkStackSize                            = 4194304                                   {product} {ergonomic}
   size_t MaxHeapSize                              = 67108864                                  {product} {command line}
   size_t MaxNewSize                               = 39845888                                  {product} {ergonomic}
   size_t MinHeapDeltaBytes                        = 1048576                                   {product} {ergonomic}
    uintx NonNMethodCodeHeapSize                   = 5836300                                {pd product} {ergonomic}
    uintx NonProfiledCodeHeapSize                  = 122910970                              {pd product} {ergonomic}
    uintx ProfiledCodeHeapSize                     = 122910970                              {pd product} {ergonomic}
    uintx ReservedCodeCacheSize                    = 251658240                              {pd product} {ergonomic}
     bool SegmentedCodeCache                       = true                                      {product} {ergonomic}
     bool UseCompressedClassPointers               = true                                 {lp64_product} {ergonomic}
     bool UseCompressedOops                        = true                                 {lp64_product} {ergonomic}
     bool UseG1GC                                  = true                                      {product} {ergonomic}

Logging:
Log output configuration:
 #0: stdout all=warning uptime,level,tags
 #1: stderr all=off uptime,level,tags

Environment Variables:
JAVA_HOME=
PATH=/home/rubem/Documentos/Workstation/Rocketseat/Mobile/GoBarber-Mobile/android/node_modules/.bin:/home/rubem/Documentos/Workstation/Rocketseat/Mobile/GoBarber-Mobile/node_modules/.bin:/home/rubem/Documentos/Workstation/Rocketseat/Mobile/node_modules/.bin:/home/rubem/Documentos/Workstation/Rocketseat/node_modules/.bin:/home/rubem/Documentos/Workstation/node_modules/.bin:/home/rubem/Documentos/node_modules/.bin:/home/rubem/node_modules/.bin:/home/node_modules/.bin:/node_modules/.bin:/home/rubem/.nvm/versions/node/v12.18.4/bin:/tmp/yarn--1601667712097-0.16080919760107526:/home/rubem/Documentos/Workstation/Rocketseat/Mobile/GoBarber-Mobile/node_modules/.bin:/home/rubem/.config/yarn/link/node_modules/.bin:/home/rubem/.yarn/bin:/home/rubem/.nvm/versions/node/v12.18.4/libexec/lib/node_modules/npm/bin/node-gyp-bin:/home/rubem/.nvm/versions/node/v12.18.4/lib/node_modules/npm/bin/node-gyp-bin:/home/rubem/.nvm/versions/node/v12.18.4/bin/node_modules/npm/bin/node-gyp-bin:/home/rubem/.nvm/versions/node/v12.18.4/bin:/home/rubem/.rbenv/plugins/ruby-build/bin:/home/rubem/.rbenv/shims:/home/rubem/.rbenv/bin:/usr/local/sbin:/usr/local/bin:/usr/sbin:/usr/bin:/sbin:/bin:/usr/games:/usr/local/games:/snap/bin:/home/rubem/Android/Sdk/tools:/home/rubem/Android/Sdk/platform-toolsexport
SHELL=/bin/bash
DISPLAY=:0
LANG=pt_BR.UTF-8

Signal Handlers:
SIGSEGV: [libjvm.so+0xd8e010], sa_mask[0]=11111111011111111101111111111110, sa_flags=SA_RESTART|SA_SIGINFO
SIGBUS: [libjvm.so+0xd8e010], sa_mask[0]=11111111011111111101111111111110, sa_flags=SA_RESTART|SA_SIGINFO
SIGFPE: [libjvm.so+0xd8e010], sa_mask[0]=11111111011111111101111111111110, sa_flags=SA_RESTART|SA_SIGINFO
SIGPIPE: [libjvm.so+0xb86b30], sa_mask[0]=11111111011111111101111111111110, sa_flags=SA_RESTART|SA_SIGINFO
SIGXFSZ: [libjvm.so+0xb86b30], sa_mask[0]=11111111011111111101111111111110, sa_flags=SA_RESTART|SA_SIGINFO
SIGILL: [libjvm.so+0xd8e010], sa_mask[0]=11111111011111111101111111111110, sa_flags=SA_RESTART|SA_SIGINFO
SIGUSR2: [libjvm.so+0xb869d0], sa_mask[0]=00000000000000000000000000000000, sa_flags=SA_RESTART|SA_SIGINFO
SIGHUP: [libjvm.so+0xb86e70], sa_mask[0]=11111111011111111101111111111110, sa_flags=SA_RESTART|SA_SIGINFO
SIGINT: [libjvm.so+0xb86e70], sa_mask[0]=11111111011111111101111111111110, sa_flags=SA_RESTART|SA_SIGINFO
SIGTERM: [libjvm.so+0xb86e70], sa_mask[0]=11111111011111111101111111111110, sa_flags=SA_RESTART|SA_SIGINFO
SIGQUIT: [libjvm.so+0xb86e70], sa_mask[0]=11111111011111111101111111111110, sa_flags=SA_RESTART|SA_SIGINFO


---------------  S Y S T E M  ---------------

OS:DISTRIB_ID=Ubuntu
DISTRIB_RELEASE=20.04
DISTRIB_CODENAME=focal
DISTRIB_DESCRIPTION="Ubuntu 20.04.1 LTS"
uname:Linux 5.4.0-48-generic #52-Ubuntu SMP Thu Sep 10 10:58:49 UTC 2020 x86_64
OS uptime: 0 days 0:54 hours
libc:glibc 2.31 NPTL 2.31 
rlimit (soft/hard): STACK 8192k/infinity , CORE 0k/infinity , NPROC 63221/63221 , NOFILE 1048576/1048576 , AS infinity/infinity , CPU infinity/infinity , DATA infinity/infinity , FSIZE infinity/infinity , MEMLOCK 65536k/65536k
load average:2,40 2,99 3,25

/proc/meminfo:
MemTotal:       16270980 kB
MemFree:          183612 kB
MemAvailable:    7783824 kB
Buffers:          628508 kB
Cached:          7262808 kB
SwapCached:          260 kB
Active:          9845628 kB
Inactive:        4971192 kB
Active(anon):    6415740 kB
Inactive(anon):  1173028 kB
Active(file):    3429888 kB
Inactive(file):  3798164 kB
Unevictable:      180148 kB
Mlocked:               0 kB
SwapTotal:       2097148 kB
SwapFree:        2092272 kB
Dirty:              1264 kB
Writeback:             0 kB
AnonPages:       7105360 kB
Mapped:          1257056 kB
Shmem:           1154688 kB
KReclaimable:     711180 kB
Slab:             915704 kB
SReclaimable:     711180 kB
SUnreclaim:       204524 kB
KernelStack:       22608 kB
PageTables:        62388 kB
NFS_Unstable:          0 kB
Bounce:                0 kB
WritebackTmp:          0 kB
CommitLimit:    10232636 kB
Committed_AS:   18620312 kB
VmallocTotal:   34359738367 kB
VmallocUsed:       41108 kB
VmallocChunk:          0 kB
Percpu:             6016 kB
HardwareCorrupted:     0 kB
AnonHugePages:   2099200 kB
ShmemHugePages:        0 kB
ShmemPmdMapped:        0 kB
FileHugePages:         0 kB
FilePmdMapped:         0 kB
CmaTotal:              0 kB
CmaFree:               0 kB
HugePages_Total:       0
HugePages_Free:        0
HugePages_Rsvd:        0
HugePages_Surp:        0
Hugepagesize:       2048 kB
Hugetlb:               0 kB
DirectMap4k:      332764 kB
DirectMap2M:    11075584 kB
DirectMap1G:     6291456 kB

/sys/kernel/mm/transparent_hugepage/enabled:
always [madvise] never

/sys/kernel/mm/transparent_hugepage/defrag (defrag/compaction efforts parameter):
always defer defer+madvise [madvise] never


/proc/sys/kernel/threads-max (system-wide limit on the number of threads):
126442


/proc/sys/vm/max_map_count (maximum number of memory map areas a process may have):
65530


/proc/sys/kernel/pid_max (system-wide limit on number of process identifiers):
4194304



container (cgroup) information:
container_type: cgroupv1
cpu_cpuset_cpus: 0-7
cpu_memory_nodes: 0
active_processor_count: 8
cpu_quota: -1
cpu_period: 100000
cpu_shares: -1
memory_limit_in_bytes: -1
memory_and_swap_limit_in_bytes: -2
memory_soft_limit_in_bytes: -1
memory_usage_in_bytes: 14469386240
memory_max_usage_in_bytes: 14504075264

Steal ticks since vm start: 0
Steal ticks percentage since vm start:  0,000

CPU:total 8 (initial active 8) (4 cores per cpu, 2 threads per core) family 6 model 142 stepping 12, cmov, cx8, fxsr, mmx, sse, sse2, sse3, ssse3, sse4.1, sse4.2, popcnt, avx, avx2, aes, clmul, erms, 3dnowpref, lzcnt, ht, tsc, tscinvbit, bmi1, bmi2, adx, fma
CPU Model and flags from /proc/cpuinfo:
model name	: Intel(R) Core(TM) i7-8565U CPU @ 1.80GHz
flags		: fpu vme de pse tsc msr pae mce cx8 apic sep mtrr pge mca cmov pat pse36 clflush dts acpi mmx fxsr sse sse2 ss ht tm pbe syscall nx pdpe1gb rdtscp lm constant_tsc art arch_perfmon pebs bts rep_good nopl xtopology nonstop_tsc cpuid aperfmperf pni pclmulqdq dtes64 monitor ds_cpl vmx est tm2 ssse3 sdbg fma cx16 xtpr pdcm pcid sse4_1 sse4_2 x2apic movbe popcnt tsc_deadline_timer aes xsave avx f16c rdrand lahf_lm abm 3dnowprefetch cpuid_fault epb invpcid_single ssbd ibrs ibpb stibp ibrs_enhanced tpr_shadow vnmi flexpriority ept vpid ept_ad fsgsbase tsc_adjust bmi1 avx2 smep bmi2 erms invpcid mpx rdseed adx smap clflushopt intel_pt xsaveopt xsavec xgetbv1 xsaves dtherm ida arat pln pts hwp hwp_notify hwp_act_window hwp_epp md_clear flush_l1d arch_capabilities

Memory: 4k page, physical 16270980k(183612k free), swap 2097148k(2092272k free)

vm_info: OpenJDK 64-Bit Server VM (11.0.8+10-post-Ubuntu-0ubuntu120.04) for linux-amd64 JRE (11.0.8+10-post-Ubuntu-0ubuntu120.04), built on Jul 15 2020 20:45:24 by "unknown" with gcc 9.3.0

END.
