#
# A fatal error has been detected by the Java Runtime Environment:
#
#  SIGSEGV (0xb) at pc=0x00007fd51970ca80, pid=11599, tid=11612
#
# JRE version: OpenJDK Runtime Environment (11.0.8+10) (build 11.0.8+10-post-Ubuntu-0ubuntu120.04)
# Java VM: OpenJDK 64-Bit Server VM (11.0.8+10-post-Ubuntu-0ubuntu120.04, mixed mode, sharing, tiered, compressed oops, g1 gc, linux-amd64)
# Problematic frame:
# C  [ld-linux-x86-64.so.2+0xda80]
#
# Core dump will be written. Default location: Core dumps may be processed with "/usr/share/apport/apport %p %s %c %d %P %E" (or dumping to /home/rubem/Documentos/Workstation/Rocketseat/Mobile/GoBarber-Mobile/android/core.11599)
#
# If you would like to submit a bug report, please visit:
#   https://bugs.launchpad.net/ubuntu/+source/openjdk-lts
# The crash happened outside the Java Virtual Machine in native code.
# See problematic frame for where to report the bug.
#

---------------  S U M M A R Y ------------

Command Line: -Xmx64m -Xms64m -Dorg.gradle.appname=gradlew org.gradle.wrapper.GradleWrapperMain app:installDebug -PreactNativeDevServerPort=8081

Host: Intel(R) Core(TM) i7-8565U CPU @ 1.80GHz, 8 cores, 15G, Ubuntu 20.04.1 LTS
Time: Fri Oct  2 16:43:00 2020 -03 elapsed time: 0 seconds (0d 0h 0m 0s)

---------------  T H R E A D  ---------------

Current thread (0x00007fd510016000):  JavaThread "main" [_thread_in_native, id=11612, stack(0x00007fd517ec8000,0x00007fd517fc9000)]

Stack: [0x00007fd517ec8000,0x00007fd517fc9000],  sp=0x00007fd517fc1040,  free space=996k
Native frames: (J=compiled Java code, A=aot compiled Java code, j=interpreted, Vv=VM code, C=native code)
C  [ld-linux-x86-64.so.2+0xda80]
C  [ld-linux-x86-64.so.2+0x15f5c]

Java frames: (J=compiled Java code, j=interpreted, Vv=VM code)
j  java.lang.ClassLoader$NativeLibrary.load0(Ljava/lang/String;Z)Z+0 java.base@11.0.8
j  java.lang.ClassLoader$NativeLibrary.load()Z+53 java.base@11.0.8
j  java.lang.ClassLoader$NativeLibrary.loadLibrary(Ljava/lang/Class;Ljava/lang/String;Z)Z+216 java.base@11.0.8
j  java.lang.ClassLoader.loadLibrary0(Ljava/lang/Class;Ljava/io/File;)Z+46 java.base@11.0.8
j  java.lang.ClassLoader.loadLibrary(Ljava/lang/Class;Ljava/lang/String;Z)V+250 java.base@11.0.8
j  java.lang.Runtime.loadLibrary0(Ljava/lang/Class;Ljava/lang/String;)V+54 java.base@11.0.8
j  java.lang.System.loadLibrary(Ljava/lang/String;)V+7 java.base@11.0.8
j  com.sun.management.internal.PlatformMBeanProviderImpl.lambda$static$0()Ljava/lang/Void;+2 jdk.management@11.0.8
j  com.sun.management.internal.PlatformMBeanProviderImpl$$Lambda$30.run()Ljava/lang/Object;+0 jdk.management@11.0.8
v  ~StubRoutines::call_stub
j  java.security.AccessController.doPrivileged(Ljava/security/PrivilegedAction;)Ljava/lang/Object;+0 java.base@11.0.8
j  com.sun.management.internal.PlatformMBeanProviderImpl.<clinit>()V+13 jdk.management@11.0.8
v  ~StubRoutines::call_stub
j  jdk.internal.reflect.NativeConstructorAccessorImpl.newInstance0(Ljava/lang/reflect/Constructor;[Ljava/lang/Object;)Ljava/lang/Object;+0 java.base@11.0.8
j  jdk.internal.reflect.NativeConstructorAccessorImpl.newInstance([Ljava/lang/Object;)Ljava/lang/Object;+85 java.base@11.0.8
j  jdk.internal.reflect.DelegatingConstructorAccessorImpl.newInstance([Ljava/lang/Object;)Ljava/lang/Object;+5 java.base@11.0.8
j  java.lang.reflect.Constructor.newInstance([Ljava/lang/Object;)Ljava/lang/Object;+68 java.base@11.0.8
j  java.util.ServiceLoader$ProviderImpl.newInstance()Ljava/lang/Object;+19 java.base@11.0.8
j  java.util.ServiceLoader$ProviderImpl.get()Ljava/lang/Object;+13 java.base@11.0.8
j  java.util.ServiceLoader$3.next()Ljava/lang/Object;+58 java.base@11.0.8
j  java.lang.Iterable.forEach(Ljava/util/function/Consumer;)V+22 java.base@11.0.8
j  java.lang.management.ManagementFactory$PlatformMBeanFinder.lambda$static$0()Ljava/util/List;+24 java.management@11.0.8
j  java.lang.management.ManagementFactory$PlatformMBeanFinder$$Lambda$28.run()Ljava/lang/Object;+0 java.management@11.0.8
v  ~StubRoutines::call_stub
j  java.security.AccessController.doPrivileged(Ljava/security/PrivilegedAction;Ljava/security/AccessControlContext;)Ljava/lang/Object;+0 java.base@11.0.8
j  java.security.AccessController.doPrivileged(Ljava/security/PrivilegedAction;Ljava/security/AccessControlContext;[Ljava/security/Permission;)Ljava/lang/Object;+48 java.base@11.0.8
j  java.lang.management.ManagementFactory$PlatformMBeanFinder.<clinit>()V+36 java.management@11.0.8
v  ~StubRoutines::call_stub
j  java.lang.management.ManagementFactory.getPlatformMXBean(Ljava/lang/Class;)Ljava/lang/management/PlatformManagedObject;+1 java.management@11.0.8
j  java.lang.management.ManagementFactory.getRuntimeMXBean()Ljava/lang/management/RuntimeMXBean;+2 java.management@11.0.8
j  org.gradle.process.internal.CurrentProcess.inferJvmOptions(Lorg/gradle/api/internal/file/FileCollectionFactory;)Lorg/gradle/process/internal/JvmOptions;+10
j  org.gradle.process.internal.CurrentProcess.<init>(Lorg/gradle/api/internal/file/FileCollectionFactory;)V+5
j  org.gradle.launcher.daemon.configuration.DaemonJvmOptions.<init>(Lorg/gradle/api/internal/file/FileCollectionFactory;)V+10
j  org.gradle.launcher.daemon.configuration.DaemonParameters.<init>(Lorg/gradle/initialization/BuildLayoutParameters;Lorg/gradle/api/internal/file/FileCollectionFactory;Ljava/util/Map;)V+42
j  org.gradle.launcher.daemon.configuration.DaemonParameters.<init>(Lorg/gradle/initialization/BuildLayoutParameters;Lorg/gradle/api/internal/file/FileCollectionFactory;)V+6
j  org.gradle.launcher.cli.Parameters.<init>(Lorg/gradle/api/internal/file/FileCollectionFactory;)V+36
j  org.gradle.launcher.cli.BuildActionsFactory.createAction(Lorg/gradle/cli/CommandLineParser;Lorg/gradle/cli/ParsedCommandLine;)Ljava/lang/Runnable;+13
j  org.gradle.launcher.cli.DefaultCommandLineActionFactory$ParseAndBuildAction.createAction(Ljava/lang/Iterable;Lorg/gradle/cli/CommandLineParser;Lorg/gradle/cli/ParsedCommandLine;)Lorg/gradle/api/Action;+34
j  org.gradle.launcher.cli.DefaultCommandLineActionFactory$ParseAndBuildAction.execute(Lorg/gradle/launcher/bootstrap/ExecutionListener;)V+99
j  org.gradle.launcher.cli.DefaultCommandLineActionFactory$ParseAndBuildAction.execute(Ljava/lang/Object;)V+5
j  org.gradle.launcher.cli.ExceptionReportingAction.execute(Lorg/gradle/launcher/bootstrap/ExecutionListener;)V+5
j  org.gradle.launcher.cli.ExceptionReportingAction.execute(Ljava/lang/Object;)V+5
j  org.gradle.launcher.cli.DefaultCommandLineActionFactory$WithLogging.execute(Lorg/gradle/launcher/bootstrap/ExecutionListener;)V+355
j  org.gradle.launcher.Main.doAction([Ljava/lang/String;Lorg/gradle/launcher/bootstrap/ExecutionListener;)V+14
j  org.gradle.launcher.bootstrap.EntryPoint.run([Ljava/lang/String;)V+12
v  ~StubRoutines::call_stub
j  jdk.internal.reflect.NativeMethodAccessorImpl.invoke0(Ljava/lang/reflect/Method;Ljava/lang/Object;[Ljava/lang/Object;)Ljava/lang/Object;+0 java.base@11.0.8
j  jdk.internal.reflect.NativeMethodAccessorImpl.invoke(Ljava/lang/Object;[Ljava/lang/Object;)Ljava/lang/Object;+100 java.base@11.0.8
j  jdk.internal.reflect.DelegatingMethodAccessorImpl.invoke(Ljava/lang/Object;[Ljava/lang/Object;)Ljava/lang/Object;+6 java.base@11.0.8
j  java.lang.reflect.Method.invoke(Ljava/lang/Object;[Ljava/lang/Object;)Ljava/lang/Object;+59 java.base@11.0.8
j  org.gradle.launcher.bootstrap.ProcessBootstrap.runNoExit(Ljava/lang/String;[Ljava/lang/String;)V+161
j  org.gradle.launcher.bootstrap.ProcessBootstrap.run(Ljava/lang/String;[Ljava/lang/String;)V+3
j  org.gradle.launcher.GradleMain.main([Ljava/lang/String;)V+36
v  ~StubRoutines::call_stub
j  jdk.internal.reflect.NativeMethodAccessorImpl.invoke0(Ljava/lang/reflect/Method;Ljava/lang/Object;[Ljava/lang/Object;)Ljava/lang/Object;+0 java.base@11.0.8
j  jdk.internal.reflect.NativeMethodAccessorImpl.invoke(Ljava/lang/Object;[Ljava/lang/Object;)Ljava/lang/Object;+100 java.base@11.0.8
j  jdk.internal.reflect.DelegatingMethodAccessorImpl.invoke(Ljava/lang/Object;[Ljava/lang/Object;)Ljava/lang/Object;+6 java.base@11.0.8
j  java.lang.reflect.Method.invoke(Ljava/lang/Object;[Ljava/lang/Object;)Ljava/lang/Object;+59 java.base@11.0.8
j  org.gradle.wrapper.BootstrapMainStarter.start([Ljava/lang/String;Ljava/io/File;)V+81
j  org.gradle.wrapper.WrapperExecutor.execute([Ljava/lang/String;Lorg/gradle/wrapper/Install;Lorg/gradle/wrapper/BootstrapMainStarter;)V+14
j  org.gradle.wrapper.GradleWrapperMain.main([Ljava/lang/String;)V+187
v  ~StubRoutines::call_stub

siginfo: si_signo: 11 (SIGSEGV), si_code: 1 (SEGV_MAPERR), si_addr: 0x0000000000000008

Register to memory mapping:

RAX=0x0 is NULL
RBX=0x0 is NULL
RCX=0x0 is NULL
RDX=0x0 is NULL
RSP=0x00007fd517fc1040 is pointing into the stack for thread: 0x00007fd510016000
RBP=0x00007fd517fc1140 is pointing into the stack for thread: 0x00007fd510016000
RSI=0x00007fd5108143a8 points into unknown readable memory: 50 e4 72 19 d5 7f 00 00
RDI=0x00007fd510814040 points into unknown readable memory: 00 90 01 14 d5 7f 00 00
R8 =0x00007fd510813f60 points into unknown readable memory: 40 40 81 10 d5 7f 00 00
R9 =0x0 is NULL
R10=0x0 is NULL
R11=0x0000000000000246 is an unknown value
R12=0x00007fd517fc1150 is pointing into the stack for thread: 0x00007fd510016000
R13=0x0 is NULL
R14=0x0 is NULL
R15=0x00007fd510814040 points into unknown readable memory: 00 90 01 14 d5 7f 00 00


Registers:
RAX=0x0000000000000000, RBX=0x0000000000000000, RCX=0x0000000000000000, RDX=0x0000000000000000
RSP=0x00007fd517fc1040, RBP=0x00007fd517fc1140, RSI=0x00007fd5108143a8, RDI=0x00007fd510814040
R8 =0x00007fd510813f60, R9 =0x0000000000000000, R10=0x0000000000000000, R11=0x0000000000000246
R12=0x00007fd517fc1150, R13=0x0000000000000000, R14=0x0000000000000000, R15=0x00007fd510814040
RIP=0x00007fd51970ca80, EFLAGS=0x0000000000010246, CSGSFS=0x002b000000000033, ERR=0x0000000000000004
  TRAPNO=0x000000000000000e

Top of Stack: (sp=0x00007fd517fc1040)
0x00007fd517fc1040:   0000000000000010 000000046474e552
0x00007fd517fc1050:   0000000000006c98 0000000000000000
0x00007fd517fc1060:   0000000000007c98 0000000000000368
0x00007fd517fc1070:   0000000000000368 0000000000000001 

Instructions: (pc=0x00007fd51970ca80)
0x00007fd51970c980:   83 c0 06 c1 ea 1c 0f b6 14 11 88 50 fa 89 da c1
0x00007fd51970c990:   ea 18 83 e2 0f 0f b6 14 11 88 50 fb 89 da c1 ea
0x00007fd51970c9a0:   14 83 e2 0f 0f b6 14 11 88 50 fc 89 da c1 ea 10
0x00007fd51970c9b0:   83 e2 0f 0f b6 14 11 88 50 fd 89 da c1 ea 0c 83
0x00007fd51970c9c0:   e2 0f 0f b6 14 11 88 50 fe 89 da c1 ea 08 83 e2
0x00007fd51970c9d0:   0f 0f b6 14 11 88 50 ff e9 74 ff ff ff 0f 1f 00
0x00007fd51970c9e0:   f3 0f 1e fa 55 48 89 e5 41 57 49 89 ff 41 56 41
0x00007fd51970c9f0:   55 41 54 53 89 d3 48 81 ec d8 00 00 00 81 e2 00
0x00007fd51970ca00:   00 00 08 48 89 b5 48 ff ff ff 89 8d 3c ff ff ff
0x00007fd51970ca10:   75 15 31 c0 48 83 3d 0c fe 01 00 00 0f 95 c0 09
0x00007fd51970ca20:   c1 89 8d 3c ff ff ff 41 f6 87 1c 03 00 00 04 0f
0x00007fd51970ca30:   85 b3 02 00 00 8b 05 e5 fb 01 00 44 8b 95 3c ff
0x00007fd51970ca40:   ff ff 83 e0 20 45 85 d2 0f 84 b2 02 00 00 41 89
0x00007fd51970ca50:   dd 41 83 e5 01 85 c0 0f 85 bd 15 00 00 49 8b 87
0x00007fd51970ca60:   f0 00 00 00 48 89 85 18 ff ff ff 48 85 c0 0f 85
0x00007fd51970ca70:   52 14 00 00 49 8b 47 68 49 83 bf f8 00 00 00 00
0x00007fd51970ca80:   48 8b 40 08 48 89 85 40 ff ff ff 0f 84 97 0c 00
0x00007fd51970ca90:   00 45 85 ed 74 5a 49 8b 47 58 48 8b 40 08 48 8b
0x00007fd51970caa0:   50 08 48 85 d2 0f 85 15 0d 00 00 44 8b 8d 3c ff
0x00007fd51970cab0:   ff ff 4c 89 78 08 45 85 c9 0f 85 c7 17 00 00 48
0x00007fd51970cac0:   83 3d 41 fc 01 00 00 0f 85 13 0d 00 00 48 8d 3d
0x00007fd51970cad0:   8c af 00 00 48 89 78 10 49 8b 87 90 02 00 00 48
0x00007fd51970cae0:   85 c0 0f 85 59 0c 00 00 0f 1f 84 00 00 00 00 00
0x00007fd51970caf0:   49 8b 47 78 66 0f ef c0 0f 29 45 90 0f 29 45 a0
0x00007fd51970cb00:   0f 29 45 b0 0f 29 45 c0 48 85 c0 0f 84 ff 0c 00
0x00007fd51970cb10:   00 48 8b 48 08 49 8b 87 80 00 00 00 48 8b 50 08
0x00007fd51970cb20:   66 48 0f 6e c1 49 8b 87 88 01 00 00 66 48 0f 6e
0x00007fd51970cb30:   ca 48 8d 3c 11 66 0f 6c c1 0f 29 45 90 48 85 c0
0x00007fd51970cb40:   74 08 48 8b 40 08 48 89 45 a0 49 83 bf e0 00 00
0x00007fd51970cb50:   00 00 74 4b 49 8b 87 f8 00 00 00 49 8b 77 50 48
0x00007fd51970cb60:   8b 40 08 48 8b 76 08 4c 8d 04 30 49 39 f8 75 0b
0x00007fd51970cb70:   48 29 f2 48 89 55 98 48 8d 3c 0a 45 85 ed 75 09 


Stack slot to memory mapping:
stack at sp + 0 slots: 0x0000000000000010 is an unknown value
stack at sp + 1 slots: 0x000000046474e552 is an unknown value
stack at sp + 2 slots: 0x0000000000006c98 is an unknown value
stack at sp + 3 slots: 0x0 is NULL
stack at sp + 4 slots: 0x0000000000007c98 is an unknown value
stack at sp + 5 slots: 0x0000000000000368 is an unknown value
stack at sp + 6 slots: 0x0000000000000368 is an unknown value
stack at sp + 7 slots: 0x0000000000000001 is an unknown value


---------------  P R O C E S S  ---------------

Threads class SMR info:
_java_thread_list=0x00007fd51078e050, length=10, elements={
0x00007fd510016000, 0x00007fd5100b6000, 0x00007fd5100b8000, 0x00007fd5100bd800,
0x00007fd5100bf800, 0x00007fd5100c2000, 0x00007fd5100c4000, 0x00007fd51010b000,
0x00007fd510110000, 0x00007fd51078d000
}

Java Threads: ( => current thread )
=>0x00007fd510016000 JavaThread "main" [_thread_in_native, id=11612, stack(0x00007fd517ec8000,0x00007fd517fc9000)]
  0x00007fd5100b6000 JavaThread "Reference Handler" daemon [_thread_blocked, id=11619, stack(0x00007fd5141b5000,0x00007fd5142b6000)]
  0x00007fd5100b8000 JavaThread "Finalizer" daemon [_thread_blocked, id=11620, stack(0x00007fd5140b4000,0x00007fd5141b5000)]
  0x00007fd5100bd800 JavaThread "Signal Dispatcher" daemon [_thread_blocked, id=11621, stack(0x00007fd4f8001000,0x00007fd4f8102000)]
  0x00007fd5100bf800 JavaThread "C2 CompilerThread0" daemon [_thread_in_native, id=11622, stack(0x00007fd4db98d000,0x00007fd4dba8e000)]
  0x00007fd5100c2000 JavaThread "C1 CompilerThread0" daemon [_thread_blocked, id=11623, stack(0x00007fd4db88c000,0x00007fd4db98d000)]
  0x00007fd5100c4000 JavaThread "Sweeper thread" daemon [_thread_blocked, id=11624, stack(0x00007fd4db78b000,0x00007fd4db88c000)]
  0x00007fd51010b000 JavaThread "Service Thread" daemon [_thread_blocked, id=11625, stack(0x00007fd4db68a000,0x00007fd4db78b000)]
  0x00007fd510110000 JavaThread "Common-Cleaner" daemon [_thread_blocked, id=11627, stack(0x00007fd4db487000,0x00007fd4db588000)]
  0x00007fd51078d000 JavaThread "pool-1-thread-1" [_thread_blocked, id=11628, stack(0x00007fd4dad0e000,0x00007fd4dae0f000)]

Other Threads:
  0x00007fd5100b3000 VMThread "VM Thread" [stack: 0x00007fd5142b8000,0x00007fd5143b8000] [id=11618]
  0x00007fd51010d800 WatcherThread [stack: 0x00007fd4db58a000,0x00007fd4db68a000] [id=11626]
  0x00007fd51002e000 GCTaskThread "GC Thread#0" [stack: 0x00007fd517b78000,0x00007fd517c78000] [id=11613]
  0x00007fd4dc001000 GCTaskThread "GC Thread#1" [stack: 0x00007fd4dac0e000,0x00007fd4dad0e000] [id=11629]
  0x00007fd4dc002800 GCTaskThread "GC Thread#2" [stack: 0x00007fd4dab0c000,0x00007fd4dac0c000] [id=11630]
  0x00007fd4dc004000 GCTaskThread "GC Thread#3" [stack: 0x00007fd4daa0a000,0x00007fd4dab0a000] [id=11631]
  0x00007fd510035000 ConcurrentGCThread "G1 Main Marker" [stack: 0x00007fd51700e000,0x00007fd51710e000] [id=11614]
  0x00007fd510036800 ConcurrentGCThread "G1 Conc#0" [stack: 0x00007fd516f0c000,0x00007fd51700c000] [id=11615]
  0x00007fd51008a800 ConcurrentGCThread "G1 Refine#0" [stack: 0x00007fd514602000,0x00007fd514702000] [id=11616]
  0x00007fd51008c800 ConcurrentGCThread "G1 Young RemSet Sampling" [stack: 0x00007fd514500000,0x00007fd514600000] [id=11617]

Threads with active compile tasks:
C2 CompilerThread0    397  819       4       java.util.jar.JarFile::getEntry (22 bytes)

VM state:not at safepoint (normal execution)

VM Mutex/Monitor currently owned by a thread: None

Heap address: 0x00000000fc000000, size: 64 MB, Compressed Oops mode: 32-bit
Narrow klass base: 0x0000000800000000, Narrow klass shift: 3
Compressed class space size: 1073741824 Address: 0x0000000840000000

Heap:
 garbage-first heap   total 65536K, used 9072K [0x00000000fc000000, 0x0000000100000000)
  region size 1024K, 4 young (4096K), 3 survivors (3072K)
 Metaspace       used 5161K, capacity 7500K, committed 7680K, reserved 1056768K
  class space    used 706K, capacity 948K, committed 1024K, reserved 1048576K
Heap Regions: E=young(eden), S=young(survivor), O=old, HS=humongous(starts), HC=humongous(continues), CS=collection set, F=free, A=archive, TAMS=top-at-mark-start (previous, next)
|   0|0x00000000fc000000, 0x00000000fc000000, 0x00000000fc100000|  0%| F|  |TAMS 0x00000000fc000000, 0x00000000fc000000| Untracked 
|   1|0x00000000fc100000, 0x00000000fc100000, 0x00000000fc200000|  0%| F|  |TAMS 0x00000000fc100000, 0x00000000fc100000| Untracked 
|   2|0x00000000fc200000, 0x00000000fc200000, 0x00000000fc300000|  0%| F|  |TAMS 0x00000000fc200000, 0x00000000fc200000| Untracked 
|   3|0x00000000fc300000, 0x00000000fc400000, 0x00000000fc400000|100%|HS|  |TAMS 0x00000000fc300000, 0x00000000fc300000| Complete 
|   4|0x00000000fc400000, 0x00000000fc500000, 0x00000000fc500000|100%|HC|  |TAMS 0x00000000fc400000, 0x00000000fc400000| Complete 
|   5|0x00000000fc500000, 0x00000000fc600000, 0x00000000fc600000|100%|HC|  |TAMS 0x00000000fc500000, 0x00000000fc500000| Complete 
|   6|0x00000000fc600000, 0x00000000fc700000, 0x00000000fc700000|100%| O|  |TAMS 0x00000000fc600000, 0x00000000fc600000| Untracked 
|   7|0x00000000fc700000, 0x00000000fc800000, 0x00000000fc800000|100%| O|  |TAMS 0x00000000fc700000, 0x00000000fc700000| Untracked 
|   8|0x00000000fc800000, 0x00000000fc82b200, 0x00000000fc900000| 16%| O|  |TAMS 0x00000000fc800000, 0x00000000fc800000| Untracked 
|   9|0x00000000fc900000, 0x00000000fc900000, 0x00000000fca00000|  0%| F|  |TAMS 0x00000000fc900000, 0x00000000fc900000| Untracked 
|  10|0x00000000fca00000, 0x00000000fca00000, 0x00000000fcb00000|  0%| F|  |TAMS 0x00000000fca00000, 0x00000000fca00000| Untracked 
|  11|0x00000000fcb00000, 0x00000000fcb00000, 0x00000000fcc00000|  0%| F|  |TAMS 0x00000000fcb00000, 0x00000000fcb00000| Untracked 
|  12|0x00000000fcc00000, 0x00000000fcc00000, 0x00000000fcd00000|  0%| F|  |TAMS 0x00000000fcc00000, 0x00000000fcc00000| Untracked 
|  13|0x00000000fcd00000, 0x00000000fcd00000, 0x00000000fce00000|  0%| F|  |TAMS 0x00000000fcd00000, 0x00000000fcd00000| Untracked 
|  14|0x00000000fce00000, 0x00000000fce00000, 0x00000000fcf00000|  0%| F|  |TAMS 0x00000000fce00000, 0x00000000fce00000| Untracked 
|  15|0x00000000fcf00000, 0x00000000fcf00000, 0x00000000fd000000|  0%| F|  |TAMS 0x00000000fcf00000, 0x00000000fcf00000| Untracked 
|  16|0x00000000fd000000, 0x00000000fd000000, 0x00000000fd100000|  0%| F|  |TAMS 0x00000000fd000000, 0x00000000fd000000| Untracked 
|  17|0x00000000fd100000, 0x00000000fd100000, 0x00000000fd200000|  0%| F|  |TAMS 0x00000000fd100000, 0x00000000fd100000| Untracked 
|  18|0x00000000fd200000, 0x00000000fd200000, 0x00000000fd300000|  0%| F|  |TAMS 0x00000000fd200000, 0x00000000fd200000| Untracked 
|  19|0x00000000fd300000, 0x00000000fd300000, 0x00000000fd400000|  0%| F|  |TAMS 0x00000000fd300000, 0x00000000fd300000| Untracked 
|  20|0x00000000fd400000, 0x00000000fd400000, 0x00000000fd500000|  0%| F|  |TAMS 0x00000000fd400000, 0x00000000fd400000| Untracked 
|  21|0x00000000fd500000, 0x00000000fd500000, 0x00000000fd600000|  0%| F|  |TAMS 0x00000000fd500000, 0x00000000fd500000| Untracked 
|  22|0x00000000fd600000, 0x00000000fd600000, 0x00000000fd700000|  0%| F|  |TAMS 0x00000000fd600000, 0x00000000fd600000| Untracked 
|  23|0x00000000fd700000, 0x00000000fd700000, 0x00000000fd800000|  0%| F|  |TAMS 0x00000000fd700000, 0x00000000fd700000| Untracked 
|  24|0x00000000fd800000, 0x00000000fd800000, 0x00000000fd900000|  0%| F|  |TAMS 0x00000000fd800000, 0x00000000fd800000| Untracked 
|  25|0x00000000fd900000, 0x00000000fd900000, 0x00000000fda00000|  0%| F|  |TAMS 0x00000000fd900000, 0x00000000fd900000| Untracked 
|  26|0x00000000fda00000, 0x00000000fda00000, 0x00000000fdb00000|  0%| F|  |TAMS 0x00000000fda00000, 0x00000000fda00000| Untracked 
|  27|0x00000000fdb00000, 0x00000000fdb00000, 0x00000000fdc00000|  0%| F|  |TAMS 0x00000000fdb00000, 0x00000000fdb00000| Untracked 
|  28|0x00000000fdc00000, 0x00000000fdc00000, 0x00000000fdd00000|  0%| F|  |TAMS 0x00000000fdc00000, 0x00000000fdc00000| Untracked 
|  29|0x00000000fdd00000, 0x00000000fdd00000, 0x00000000fde00000|  0%| F|  |TAMS 0x00000000fdd00000, 0x00000000fdd00000| Untracked 
|  30|0x00000000fde00000, 0x00000000fde00000, 0x00000000fdf00000|  0%| F|  |TAMS 0x00000000fde00000, 0x00000000fde00000| Untracked 
|  31|0x00000000fdf00000, 0x00000000fdf00000, 0x00000000fe000000|  0%| F|  |TAMS 0x00000000fdf00000, 0x00000000fdf00000| Untracked 
|  32|0x00000000fe000000, 0x00000000fe000000, 0x00000000fe100000|  0%| F|  |TAMS 0x00000000fe000000, 0x00000000fe000000| Untracked 
|  33|0x00000000fe100000, 0x00000000fe100000, 0x00000000fe200000|  0%| F|  |TAMS 0x00000000fe100000, 0x00000000fe100000| Untracked 
|  34|0x00000000fe200000, 0x00000000fe200000, 0x00000000fe300000|  0%| F|  |TAMS 0x00000000fe200000, 0x00000000fe200000| Untracked 
|  35|0x00000000fe300000, 0x00000000fe400000, 0x00000000fe400000|100%| S|CS|TAMS 0x00000000fe300000, 0x00000000fe300000| Complete 
|  36|0x00000000fe400000, 0x00000000fe500000, 0x00000000fe500000|100%| S|CS|TAMS 0x00000000fe400000, 0x00000000fe400000| Complete 
|  37|0x00000000fe500000, 0x00000000fe600000, 0x00000000fe600000|100%| S|CS|TAMS 0x00000000fe500000, 0x00000000fe500000| Complete 
|  38|0x00000000fe600000, 0x00000000fe600000, 0x00000000fe700000|  0%| F|  |TAMS 0x00000000fe600000, 0x00000000fe600000| Untracked 
|  39|0x00000000fe700000, 0x00000000fe700000, 0x00000000fe800000|  0%| F|  |TAMS 0x00000000fe700000, 0x00000000fe700000| Untracked 
|  40|0x00000000fe800000, 0x00000000fe800000, 0x00000000fe900000|  0%| F|  |TAMS 0x00000000fe800000, 0x00000000fe800000| Untracked 
|  41|0x00000000fe900000, 0x00000000fe900000, 0x00000000fea00000|  0%| F|  |TAMS 0x00000000fe900000, 0x00000000fe900000| Untracked 
|  42|0x00000000fea00000, 0x00000000fea00000, 0x00000000feb00000|  0%| F|  |TAMS 0x00000000fea00000, 0x00000000fea00000| Untracked 
|  43|0x00000000feb00000, 0x00000000feb00000, 0x00000000fec00000|  0%| F|  |TAMS 0x00000000feb00000, 0x00000000feb00000| Untracked 
|  44|0x00000000fec00000, 0x00000000fec00000, 0x00000000fed00000|  0%| F|  |TAMS 0x00000000fec00000, 0x00000000fec00000| Untracked 
|  45|0x00000000fed00000, 0x00000000fed00000, 0x00000000fee00000|  0%| F|  |TAMS 0x00000000fed00000, 0x00000000fed00000| Untracked 
|  46|0x00000000fee00000, 0x00000000fee00000, 0x00000000fef00000|  0%| F|  |TAMS 0x00000000fee00000, 0x00000000fee00000| Untracked 
|  47|0x00000000fef00000, 0x00000000fef00000, 0x00000000ff000000|  0%| F|  |TAMS 0x00000000fef00000, 0x00000000fef00000| Untracked 
|  48|0x00000000ff000000, 0x00000000ff000000, 0x00000000ff100000|  0%| F|  |TAMS 0x00000000ff000000, 0x00000000ff000000| Untracked 
|  49|0x00000000ff100000, 0x00000000ff100000, 0x00000000ff200000|  0%| F|  |TAMS 0x00000000ff100000, 0x00000000ff100000| Untracked 
|  50|0x00000000ff200000, 0x00000000ff200000, 0x00000000ff300000|  0%| F|  |TAMS 0x00000000ff200000, 0x00000000ff200000| Untracked 
|  51|0x00000000ff300000, 0x00000000ff300000, 0x00000000ff400000|  0%| F|  |TAMS 0x00000000ff300000, 0x00000000ff300000| Untracked 
|  52|0x00000000ff400000, 0x00000000ff400000, 0x00000000ff500000|  0%| F|  |TAMS 0x00000000ff400000, 0x00000000ff400000| Untracked 
|  53|0x00000000ff500000, 0x00000000ff500000, 0x00000000ff600000|  0%| F|  |TAMS 0x00000000ff500000, 0x00000000ff500000| Untracked 
|  54|0x00000000ff600000, 0x00000000ff600000, 0x00000000ff700000|  0%| F|  |TAMS 0x00000000ff600000, 0x00000000ff600000| Untracked 
|  55|0x00000000ff700000, 0x00000000ff700000, 0x00000000ff800000|  0%| F|  |TAMS 0x00000000ff700000, 0x00000000ff700000| Untracked 
|  56|0x00000000ff800000, 0x00000000ff800000, 0x00000000ff900000|  0%| F|  |TAMS 0x00000000ff800000, 0x00000000ff800000| Untracked 
|  57|0x00000000ff900000, 0x00000000ff900000, 0x00000000ffa00000|  0%| F|  |TAMS 0x00000000ff900000, 0x00000000ff900000| Untracked 
|  58|0x00000000ffa00000, 0x00000000ffa00000, 0x00000000ffb00000|  0%| F|  |TAMS 0x00000000ffa00000, 0x00000000ffa00000| Untracked 
|  59|0x00000000ffb00000, 0x00000000ffb00000, 0x00000000ffc00000|  0%| F|  |TAMS 0x00000000ffb00000, 0x00000000ffb00000| Untracked 
|  60|0x00000000ffc00000, 0x00000000ffc00000, 0x00000000ffd00000|  0%| F|  |TAMS 0x00000000ffc00000, 0x00000000ffc00000| Untracked 
|  61|0x00000000ffd00000, 0x00000000ffe00000, 0x00000000ffe00000|100%| E|  |TAMS 0x00000000ffd00000, 0x00000000ffd00000| Complete 
|  62|0x00000000ffe00000, 0x00000000ffe47000, 0x00000000fff00000| 27%|OA|  |TAMS 0x00000000ffe00000, 0x00000000ffe00000| Untracked 
|  63|0x00000000fff00000, 0x00000000fff6a000, 0x0000000100000000| 41%|CA|  |TAMS 0x00000000fff00000, 0x00000000fff00000| Untracked 

Card table byte_map: [0x00007fd51732e000,0x00007fd51734e000] _byte_map_base: 0x00007fd516b4e000

Marking Bits (Prev, Next): (CMBitMap*) 0x00007fd510033998, (CMBitMap*) 0x00007fd5100339d0
 Prev Bits: [0x00007fd51720e000, 0x00007fd51730e000)
 Next Bits: [0x00007fd51710e000, 0x00007fd51720e000)

Polling page: 0x00007fd5196d6000

Metaspace:

Usage:
  Non-class:      6,40 MB capacity,     4,35 MB ( 68%) used,     2,04 MB ( 32%) free+waste,     9,19 KB ( <1%) overhead. 
      Class:    948,00 KB capacity,   706,48 KB ( 75%) used,   236,09 KB ( 25%) free+waste,     5,44 KB ( <1%) overhead. 
       Both:      7,32 MB capacity,     5,04 MB ( 69%) used,     2,27 MB ( 31%) free+waste,    14,62 KB ( <1%) overhead. 

Virtual space:
  Non-class space:        8,00 MB reserved,       6,50 MB ( 81%) committed 
      Class space:        1,00 GB reserved,       1,00 MB ( <1%) committed 
             Both:        1,01 GB reserved,       7,50 MB ( <1%) committed 

Chunk freelists:
   Non-Class:  32,00 KB
       Class:  12,00 KB
        Both:  44,00 KB

MaxMetaspaceSize: unlimited
CompressedClassSpaceSize: 1,00 GB

CodeHeap 'non-profiled nmethods': size=120032Kb used=263Kb max_used=263Kb free=119768Kb
 bounds [0x00007fd5003ca000, 0x00007fd50063a000, 0x00007fd507902000]
CodeHeap 'profiled nmethods': size=120028Kb used=1627Kb max_used=1627Kb free=118400Kb
 bounds [0x00007fd4f8e93000, 0x00007fd4f9103000, 0x00007fd5003ca000]
CodeHeap 'non-nmethods': size=5700Kb used=1068Kb max_used=1091Kb free=4631Kb
 bounds [0x00007fd4f8902000, 0x00007fd4f8b72000, 0x00007fd4f8e93000]
 total_blobs=1217 nmethods=837 adapters=293
 compilation: enabled
              stopped_count=0, restarted_count=0
 full_count=0

Compilation events (20 events):
Event: 0,351 Thread 0x00007fd5100c2000  835       3       java.util.regex.Pattern$BmpCharPredicate$$Lambda$5/0x0000000840062840::is (13 bytes)
Event: 0,351 Thread 0x00007fd5100c2000 nmethod 835 0x00007fd4f9026910 code [0x00007fd4f9026b00, 0x00007fd4f9026f30]
Event: 0,351 Thread 0x00007fd5100c2000  836       3       java.util.regex.Pattern$BmpCharPredicate::lambda$union$2 (26 bytes)
Event: 0,351 Thread 0x00007fd5100c2000 nmethod 836 0x00007fd4f9027090 code [0x00007fd4f9027260, 0x00007fd4f90275b0]
Event: 0,351 Thread 0x00007fd5100c2000  838       3       java.util.HashMap::containsKey (18 bytes)
Event: 0,351 Thread 0x00007fd5100c2000 nmethod 838 0x00007fd4f9027690 code [0x00007fd4f9027860, 0x00007fd4f9027bb0]
Event: 0,351 Thread 0x00007fd5100c2000  839       3       java.util.HashMap$HashIterator::<init> (79 bytes)
Event: 0,351 Thread 0x00007fd5100c2000 nmethod 839 0x00007fd4f9027d10 code [0x00007fd4f9027ee0, 0x00007fd4f9028310]
Event: 0,351 Thread 0x00007fd5100c2000  837       3       java.util.HashMap$KeyIterator::next (8 bytes)
Event: 0,351 Thread 0x00007fd5100c2000 nmethod 837 0x00007fd4f9028490 code [0x00007fd4f9028640, 0x00007fd4f9028780]
Event: 0,371 Thread 0x00007fd5100c2000  842       3       jdk.internal.org.objectweb.asm.ByteVector::putInt (74 bytes)
Event: 0,371 Thread 0x00007fd5100c2000 nmethod 842 0x00007fd4f9028890 code [0x00007fd4f9028a60, 0x00007fd4f9028cc0]
Event: 0,372 Thread 0x00007fd5100c2000  843       3       java.lang.invoke.MemberName::flagsMods (72 bytes)
Event: 0,372 Thread 0x00007fd5100c2000 nmethod 843 0x00007fd4f9028e10 code [0x00007fd4f9028fc0, 0x00007fd4f90290d0]
Event: 0,372 Thread 0x00007fd5100c2000  844       3       java.lang.invoke.MemberName::init (66 bytes)
Event: 0,372 Thread 0x00007fd5100c2000 nmethod 844 0x00007fd4f9029190 code [0x00007fd4f9029340, 0x00007fd4f9029590]
Event: 0,372 Thread 0x00007fd5100c2000  845       3       java.lang.invoke.MethodHandles$Lookup::lookupClassOrNull (17 bytes)
Event: 0,372 Thread 0x00007fd5100c2000 nmethod 845 0x00007fd4f9029610 code [0x00007fd4f90297c0, 0x00007fd4f9029950]
Event: 0,372 Thread 0x00007fd5100c2000  847       3       jdk.internal.org.objectweb.asm.ClassWriter::newClass (11 bytes)
Event: 0,372 Thread 0x00007fd5100c2000 nmethod 847 0x00007fd4f9029a10 code [0x00007fd4f9029bc0, 0x00007fd4f9029d20]

GC Heap History (2 events):
Event: 0,356 GC heap before
{Heap before GC invocations=0 (full 0):
 garbage-first heap   total 65536K, used 30404K [0x00000000fc000000, 0x0000000100000000)
  region size 1024K, 24 young (24576K), 0 survivors (0K)
 Metaspace       used 4937K, capacity 7328K, committed 7680K, reserved 1056768K
  class space    used 671K, capacity 912K, committed 1024K, reserved 1048576K
}
Event: 0,363 GC heap after
{Heap after GC invocations=1 (full 0):
 garbage-first heap   total 65536K, used 9072K [0x00000000fc000000, 0x0000000100000000)
  region size 1024K, 3 young (3072K), 3 survivors (3072K)
 Metaspace       used 4937K, capacity 7328K, committed 7680K, reserved 1056768K
  class space    used 671K, capacity 912K, committed 1024K, reserved 1048576K
}

Deoptimization events (20 events):
Event: 0,284 Thread 0x00007fd510016000 Uncommon trap: trap_request=0xffffffde fr.pc=0x00007fd5003df7c4 relative=0x0000000000000444
Event: 0,284 Thread 0x00007fd510016000 Uncommon trap: reason=class_check action=maybe_recompile pc=0x00007fd5003df7c4 method=java.util.regex.Matcher.match(II)Z @ 121 c2
Event: 0,284 Thread 0x00007fd510016000 DEOPT PACKING pc=0x00007fd5003df7c4 sp=0x00007fd517fc6570
Event: 0,284 Thread 0x00007fd510016000 DEOPT UNPACKING pc=0x00007fd4f8928825 sp=0x00007fd517fc6518 mode 2
Event: 0,284 Thread 0x00007fd510016000 Uncommon trap: trap_request=0xffffffde fr.pc=0x00007fd5003df7c4 relative=0x0000000000000444
Event: 0,284 Thread 0x00007fd510016000 Uncommon trap: reason=class_check action=maybe_recompile pc=0x00007fd5003df7c4 method=java.util.regex.Matcher.match(II)Z @ 121 c2
Event: 0,284 Thread 0x00007fd510016000 DEOPT PACKING pc=0x00007fd5003df7c4 sp=0x00007fd517fc6570
Event: 0,284 Thread 0x00007fd510016000 DEOPT UNPACKING pc=0x00007fd4f8928825 sp=0x00007fd517fc6518 mode 2
Event: 0,284 Thread 0x00007fd510016000 Uncommon trap: trap_request=0xffffffde fr.pc=0x00007fd5003df7c4 relative=0x0000000000000444
Event: 0,284 Thread 0x00007fd510016000 Uncommon trap: reason=class_check action=maybe_recompile pc=0x00007fd5003df7c4 method=java.util.regex.Matcher.match(II)Z @ 121 c2
Event: 0,284 Thread 0x00007fd510016000 DEOPT PACKING pc=0x00007fd5003df7c4 sp=0x00007fd517fc6570
Event: 0,284 Thread 0x00007fd510016000 DEOPT UNPACKING pc=0x00007fd4f8928825 sp=0x00007fd517fc6518 mode 2
Event: 0,302 Thread 0x00007fd510016000 Uncommon trap: trap_request=0xffffff4d fr.pc=0x00007fd5003d0cbc relative=0x000000000000007c
Event: 0,302 Thread 0x00007fd510016000 Uncommon trap: reason=unstable_if action=reinterpret pc=0x00007fd5003d0cbc method=java.lang.String.isLatin1()Z @ 10 c2
Event: 0,302 Thread 0x00007fd510016000 DEOPT PACKING pc=0x00007fd5003d0cbc sp=0x00007fd517fc6190
Event: 0,302 Thread 0x00007fd510016000 DEOPT UNPACKING pc=0x00007fd4f8928825 sp=0x00007fd517fc60f0 mode 2
Event: 0,302 Thread 0x00007fd510016000 Uncommon trap: trap_request=0xffffff4d fr.pc=0x00007fd5003d1008 relative=0x0000000000000068
Event: 0,302 Thread 0x00007fd510016000 Uncommon trap: reason=unstable_if action=reinterpret pc=0x00007fd5003d1008 method=java.lang.String.isLatin1()Z @ 10 c2
Event: 0,302 Thread 0x00007fd510016000 DEOPT PACKING pc=0x00007fd5003d1008 sp=0x00007fd517fc6120
Event: 0,302 Thread 0x00007fd510016000 DEOPT UNPACKING pc=0x00007fd4f8928825 sp=0x00007fd517fc60d0 mode 2

Classes redefined (0 events):
No events

Internal exceptions (9 events):
Event: 0,064 Thread 0x00007fd510016000 Exception <a 'java/lang/NoSuchMethodError'{0x00000000ffbab2a8}: 'int java.lang.invoke.DirectMethodHandle$Holder.invokeStaticInit(java.lang.Object, java.lang.Object)'> (0x00000000ffbab2a8) thrown at [src/hotspot/share/interpreter/linkResolver.cpp, line 772]
Event: 0,074 Thread 0x00007fd510016000 Exception <a 'java/lang/NoSuchMethodError'{0x00000000ffa6fa58}: 'int java.lang.invoke.DirectMethodHandle$Holder.invokeSpecial(java.lang.Object, java.lang.Object, java.lang.Object, java.lang.Object)'> (0x00000000ffa6fa58) thrown at [src/hotspot/share/interpreter/linkResolver.cpp, line 772]
Event: 0,076 Thread 0x00007fd510016000 Exception <a 'java/lang/NoSuchMethodError'{0x00000000ffaa48b0}: 'int java.lang.invoke.DirectMethodHandle$Holder.invokeSpecialIFC(java.lang.Object, java.lang.Object, int)'> (0x00000000ffaa48b0) thrown at [src/hotspot/share/interpreter/linkResolver.cpp, line 772]
Event: 0,293 Thread 0x00007fd510016000 Exception <a 'java/lang/NoSuchMethodError'{0x00000000fecd5038}: 'java.lang.Object java.lang.invoke.DirectMethodHandle$Holder.invokeVirtual(java.lang.Object, java.lang.Object, java.lang.Object, java.lang.Object, java.lang.Object)'> (0x00000000fecd5038) thrown at [src/hotspot/share/interpreter/linkResolver.cpp, line 772]
Event: 0,306 Thread 0x00007fd510016000 Exception <a 'java/lang/UnsatisfiedLinkError'{0x00000000febdbb98}> (0x00000000febdbb98) thrown at [src/hotspot/share/prims/jvm.cpp, line 3448]
Event: 0,306 Thread 0x00007fd510016000 Exception <a 'java/lang/UnsatisfiedLinkError'{0x00000000febdbb98}> (0x00000000febdbb98) thrown at [src/hotspot/share/prims/jni.cpp, line 615]
Event: 0,324 Thread 0x00007fd510016000 Exception <a 'java/lang/NoClassDefFoundError'{0x00000000fe9b7118}: org/slf4j/impl/StaticMarkerBinder> (0x00000000fe9b7118) thrown at [src/hotspot/share/classfile/systemDictionary.cpp, line 220]
Event: 0,339 Thread 0x00007fd510016000 Exception <a 'java/lang/NoSuchMethodError'{0x00000000fe769e70}: 'java.lang.Object java.lang.invoke.Invokers$Holder.invoker(java.lang.Object, java.lang.Object, java.lang.Object, java.lang.Object, java.lang.Object)'> (0x00000000fe769e70) thrown at [src/hotspot/share/interpreter/linkResolver.cpp, line 772]
Event: 0,340 Thread 0x00007fd510016000 Exception <a 'java/lang/NoSuchMethodError'{0x00000000fe77a7e8}: 'void java.lang.invoke.DelegatingMethodHandle$Holder.delegate(java.lang.Object, java.lang.Object, int, java.lang.Object)'> (0x00000000fe77a7e8) thrown at [src/hotspot/share/interpreter/linkResolver.cpp, line 772]

Events (20 events):
Event: 0,370 loading class java/util/TreeMap$Entry done
Event: 0,370 loading class org/gradle/process/internal/CurrentProcess
Event: 0,370 loading class org/gradle/process/internal/CurrentProcess done
Event: 0,370 loading class java/lang/management/ManagementFactory
Event: 0,370 loading class java/lang/management/ManagementFactory done
Event: 0,371 Loaded shared library /usr/lib/jvm/java-11-openjdk-amd64/lib/libmanagement.so
Event: 0,371 loading class java/lang/management/RuntimeMXBean
Event: 0,371 loading class java/lang/management/PlatformManagedObject
Event: 0,371 loading class java/lang/management/PlatformManagedObject done
Event: 0,371 loading class java/lang/management/RuntimeMXBean done
Event: 0,371 loading class java/lang/management/ManagementFactory$PlatformMBeanFinder
Event: 0,371 loading class java/lang/management/ManagementFactory$PlatformMBeanFinder done
Event: 0,371 loading class sun/management/spi/PlatformMBeanProvider
Event: 0,371 loading class sun/management/spi/PlatformMBeanProvider done
Event: 0,372 loading class java/lang/invoke/DirectMethodHandle$Interface
Event: 0,372 loading class java/lang/invoke/DirectMethodHandle$Interface done
Event: 0,372 loading class jdk/management/jfr/internal/FlightRecorderMXBeanProvider
Event: 0,372 loading class jdk/management/jfr/internal/FlightRecorderMXBeanProvider done
Event: 0,372 loading class com/sun/management/internal/PlatformMBeanProviderImpl
Event: 0,372 loading class com/sun/management/internal/PlatformMBeanProviderImpl done


Dynamic libraries:
fc000000-ffe00000 rw-p 00000000 00:00 0 
ffe00000-ffe47000 rw-p 0110e000 08:02 121245572                          /usr/lib/jvm/java-11-openjdk-amd64/lib/server/classes.jsa
ffe47000-fff00000 rw-p 00000000 00:00 0 
fff00000-fff6a000 rw-p 010a4000 08:02 121245572                          /usr/lib/jvm/java-11-openjdk-amd64/lib/server/classes.jsa
fff6a000-100000000 rw-p 00000000 00:00 0 
800000000-800002000 rwxp 00001000 08:02 121245572                        /usr/lib/jvm/java-11-openjdk-amd64/lib/server/classes.jsa
800002000-8003b9000 rw-p 00003000 08:02 121245572                        /usr/lib/jvm/java-11-openjdk-amd64/lib/server/classes.jsa
8003b9000-800a95000 r--p 003ba000 08:02 121245572                        /usr/lib/jvm/java-11-openjdk-amd64/lib/server/classes.jsa
800a95000-800a96000 rw-p 00a96000 08:02 121245572                        /usr/lib/jvm/java-11-openjdk-amd64/lib/server/classes.jsa
800a96000-8010a3000 r--p 00a97000 08:02 121245572                        /usr/lib/jvm/java-11-openjdk-amd64/lib/server/classes.jsa
840000000-840100000 rw-p 00000000 00:00 0 
840100000-880000000 ---p 00000000 00:00 0 
563503716000-563503717000 r--p 00000000 08:02 120717876                  /usr/lib/jvm/java-11-openjdk-amd64/bin/java
563503717000-563503718000 r-xp 00001000 08:02 120717876                  /usr/lib/jvm/java-11-openjdk-amd64/bin/java
563503718000-563503719000 r--p 00002000 08:02 120717876                  /usr/lib/jvm/java-11-openjdk-amd64/bin/java
563503719000-56350371a000 r--p 00002000 08:02 120717876                  /usr/lib/jvm/java-11-openjdk-amd64/bin/java
56350371a000-56350371b000 rw-p 00003000 08:02 120717876                  /usr/lib/jvm/java-11-openjdk-amd64/bin/java
56350414f000-563504170000 rw-p 00000000 00:00 0                          [heap]
7fd4a8000000-7fd4a8021000 rw-p 00000000 00:00 0 
7fd4a8021000-7fd4ac000000 ---p 00000000 00:00 0 
7fd4ac000000-7fd4ac021000 rw-p 00000000 00:00 0 
7fd4ac021000-7fd4b0000000 ---p 00000000 00:00 0 
7fd4b0000000-7fd4b0021000 rw-p 00000000 00:00 0 
7fd4b0021000-7fd4b4000000 ---p 00000000 00:00 0 
7fd4b4000000-7fd4b4021000 rw-p 00000000 00:00 0 
7fd4b4021000-7fd4b8000000 ---p 00000000 00:00 0 
7fd4b8000000-7fd4b8021000 rw-p 00000000 00:00 0 
7fd4b8021000-7fd4bc000000 ---p 00000000 00:00 0 
7fd4bc000000-7fd4bc021000 rw-p 00000000 00:00 0 
7fd4bc021000-7fd4c0000000 ---p 00000000 00:00 0 
7fd4c0000000-7fd4c0021000 rw-p 00000000 00:00 0 
7fd4c0021000-7fd4c4000000 ---p 00000000 00:00 0 
7fd4c4000000-7fd4c4021000 rw-p 00000000 00:00 0 
7fd4c4021000-7fd4c8000000 ---p 00000000 00:00 0 
7fd4c8000000-7fd4c8519000 rw-p 00000000 00:00 0 
7fd4c8519000-7fd4cc000000 ---p 00000000 00:00 0 
7fd4cc000000-7fd4cc41d000 rw-p 00000000 00:00 0 
7fd4cc41d000-7fd4d0000000 ---p 00000000 00:00 0 
7fd4d0000000-7fd4d0021000 rw-p 00000000 00:00 0 
7fd4d0021000-7fd4d4000000 ---p 00000000 00:00 0 
7fd4d4000000-7fd4d4021000 rw-p 00000000 00:00 0 
7fd4d4021000-7fd4d8000000 ---p 00000000 00:00 0 
7fd4daa08000-7fd4daa09000 ---p 00000000 00:00 0 
7fd4daa09000-7fd4dab0a000 rw-p 00000000 00:00 0 
7fd4dab0a000-7fd4dab0b000 ---p 00000000 00:00 0 
7fd4dab0b000-7fd4dac0c000 rw-p 00000000 00:00 0 
7fd4dac0c000-7fd4dac0d000 ---p 00000000 00:00 0 
7fd4dac0d000-7fd4dad0e000 rw-p 00000000 00:00 0 
7fd4dad0e000-7fd4dad12000 ---p 00000000 00:00 0 
7fd4dad12000-7fd4dae0f000 rw-p 00000000 00:00 0 
7fd4dae0f000-7fd4dae12000 r-xp 00000000 08:02 44307500                   /home/rubem/.gradle/native/jansi/1.18/linux64/libjansi.so
7fd4dae12000-7fd4db011000 ---p 00003000 08:02 44307500                   /home/rubem/.gradle/native/jansi/1.18/linux64/libjansi.so
7fd4db011000-7fd4db012000 rw-p 00002000 08:02 44307500                   /home/rubem/.gradle/native/jansi/1.18/linux64/libjansi.so
7fd4db012000-7fd4db020000 r--p 00000000 08:02 120595111                  /usr/lib/x86_64-linux-gnu/libtinfo.so.6.2
7fd4db020000-7fd4db02f000 r-xp 0000e000 08:02 120595111                  /usr/lib/x86_64-linux-gnu/libtinfo.so.6.2
7fd4db02f000-7fd4db03d000 r--p 0001d000 08:02 120595111                  /usr/lib/x86_64-linux-gnu/libtinfo.so.6.2
7fd4db03d000-7fd4db041000 r--p 0002a000 08:02 120595111                  /usr/lib/x86_64-linux-gnu/libtinfo.so.6.2
7fd4db041000-7fd4db042000 rw-p 0002e000 08:02 120595111                  /usr/lib/x86_64-linux-gnu/libtinfo.so.6.2
7fd4db042000-7fd4db04a000 r--p 00000000 08:02 120594636                  /usr/lib/x86_64-linux-gnu/libncursesw.so.6.2
7fd4db04a000-7fd4db071000 r-xp 00008000 08:02 120594636                  /usr/lib/x86_64-linux-gnu/libncursesw.so.6.2
7fd4db071000-7fd4db07a000 r--p 0002f000 08:02 120594636                  /usr/lib/x86_64-linux-gnu/libncursesw.so.6.2
7fd4db07a000-7fd4db07b000 r--p 00037000 08:02 120594636                  /usr/lib/x86_64-linux-gnu/libncursesw.so.6.2
7fd4db07b000-7fd4db07c000 rw-p 00038000 08:02 120594636                  /usr/lib/x86_64-linux-gnu/libncursesw.so.6.2
7fd4db07c000-7fd4db080000 r-xp 00000000 08:02 44438903                   /home/rubem/.gradle/native/36/linux-amd64-ncurses6/libnative-platform-curses.so
7fd4db080000-7fd4db27f000 ---p 00004000 08:02 44438903                   /home/rubem/.gradle/native/36/linux-amd64-ncurses6/libnative-platform-curses.so
7fd4db27f000-7fd4db280000 r--p 00003000 08:02 44438903                   /home/rubem/.gradle/native/36/linux-amd64-ncurses6/libnative-platform-curses.so
7fd4db280000-7fd4db281000 rw-p 00004000 08:02 44438903                   /home/rubem/.gradle/native/36/linux-amd64-ncurses6/libnative-platform-curses.so
7fd4db281000-7fd4db286000 r-xp 00000000 08:02 44178098                   /home/rubem/.gradle/native/36/linux-amd64/libnative-platform.so
7fd4db286000-7fd4db486000 ---p 00005000 08:02 44178098                   /home/rubem/.gradle/native/36/linux-amd64/libnative-platform.so
7fd4db486000-7fd4db487000 rw-p 00005000 08:02 44178098                   /home/rubem/.gradle/native/36/linux-amd64/libnative-platform.so
7fd4db487000-7fd4db48b000 ---p 00000000 00:00 0 
7fd4db48b000-7fd4db588000 rw-p 00000000 00:00 0 
7fd4db588000-7fd4db589000 ---p 00000000 00:00 0 
7fd4db589000-7fd4db68a000 rw-p 00000000 00:00 0 
7fd4db68a000-7fd4db68e000 ---p 00000000 00:00 0 
7fd4db68e000-7fd4db78b000 rw-p 00000000 00:00 0 
7fd4db78b000-7fd4db78f000 ---p 00000000 00:00 0 
7fd4db78f000-7fd4db88c000 rw-p 00000000 00:00 0 
7fd4db88c000-7fd4db890000 ---p 00000000 00:00 0 
7fd4db890000-7fd4db98d000 rw-p 00000000 00:00 0 
7fd4db98d000-7fd4db991000 ---p 00000000 00:00 0 
7fd4db991000-7fd4dba8e000 rw-p 00000000 00:00 0 
7fd4dba8e000-7fd4dc000000 r--p 00000000 08:02 120587586                  /usr/lib/locale/locale-archive
7fd4dc000000-7fd4dc021000 rw-p 00000000 00:00 0 
7fd4dc021000-7fd4e0000000 ---p 00000000 00:00 0 
7fd4e0000000-7fd4e0021000 rw-p 00000000 00:00 0 
7fd4e0021000-7fd4e4000000 ---p 00000000 00:00 0 
7fd4e4000000-7fd4e4021000 rw-p 00000000 00:00 0 
7fd4e4021000-7fd4e8000000 ---p 00000000 00:00 0 
7fd4e8000000-7fd4e8021000 rw-p 00000000 00:00 0 
7fd4e8021000-7fd4ec000000 ---p 00000000 00:00 0 
7fd4ec000000-7fd4ec021000 rw-p 00000000 00:00 0 
7fd4ec021000-7fd4f0000000 ---p 00000000 00:00 0 
7fd4f0000000-7fd4f0021000 rw-p 00000000 00:00 0 
7fd4f0021000-7fd4f4000000 ---p 00000000 00:00 0 
7fd4f4000000-7fd4f4021000 rw-p 00000000 00:00 0 
7fd4f4021000-7fd4f8000000 ---p 00000000 00:00 0 
7fd4f8001000-7fd4f8005000 ---p 00000000 00:00 0 
7fd4f8005000-7fd4f8782000 rw-p 00000000 00:00 0 
7fd4f8782000-7fd4f8902000 ---p 00000000 00:00 0 
7fd4f8902000-7fd4f8b72000 rwxp 00000000 00:00 0 
7fd4f8b72000-7fd4f8e93000 ---p 00000000 00:00 0 
7fd4f8e93000-7fd4f9103000 rwxp 00000000 00:00 0 
7fd4f9103000-7fd5003ca000 ---p 00000000 00:00 0 
7fd5003ca000-7fd50063a000 rwxp 00000000 00:00 0 
7fd50063a000-7fd507902000 ---p 00000000 00:00 0 
7fd507902000-7fd510000000 r--s 00000000 08:02 121245494                  /usr/lib/jvm/java-11-openjdk-amd64/lib/modules
7fd510000000-7fd510817000 rw-p 00000000 00:00 0 
7fd510817000-7fd514000000 ---p 00000000 00:00 0 
7fd51400c000-7fd51400d000 r--p 00000000 08:02 120588489                  /usr/lib/x86_64-linux-gnu/libutil-2.31.so
7fd51400d000-7fd51400e000 r-xp 00001000 08:02 120588489                  /usr/lib/x86_64-linux-gnu/libutil-2.31.so
7fd51400e000-7fd51400f000 r--p 00002000 08:02 120588489                  /usr/lib/x86_64-linux-gnu/libutil-2.31.so
7fd51400f000-7fd514010000 r--p 00002000 08:02 120588489                  /usr/lib/x86_64-linux-gnu/libutil-2.31.so
7fd514010000-7fd514011000 rw-p 00003000 08:02 120588489                  /usr/lib/x86_64-linux-gnu/libutil-2.31.so
7fd514019000-7fd51401b000 r--p 00000000 08:02 121245482                  /usr/lib/jvm/java-11-openjdk-amd64/lib/libmanagement_ext.so
7fd51401b000-7fd51401e000 r-xp 00002000 08:02 121245482                  /usr/lib/jvm/java-11-openjdk-amd64/lib/libmanagement_ext.so
7fd51401e000-7fd51401f000 r--p 00005000 08:02 121245482                  /usr/lib/jvm/java-11-openjdk-amd64/lib/libmanagement_ext.so
7fd51401f000-7fd514020000 ---p 00006000 08:02 121245482                  /usr/lib/jvm/java-11-openjdk-amd64/lib/libmanagement_ext.so
7fd514020000-7fd514022000 rw-p 00006000 08:02 121245482                  /usr/lib/jvm/java-11-openjdk-amd64/lib/libmanagement_ext.so
7fd514022000-7fd514025000 r--p 00000000 08:02 121245480                  /usr/lib/jvm/java-11-openjdk-amd64/lib/libmanagement.so
7fd514025000-7fd514026000 r-xp 00003000 08:02 121245480                  /usr/lib/jvm/java-11-openjdk-amd64/lib/libmanagement.so
7fd514026000-7fd514027000 r--p 00004000 08:02 121245480                  /usr/lib/jvm/java-11-openjdk-amd64/lib/libmanagement.so
7fd514027000-7fd514028000 r--p 00004000 08:02 121245480                  /usr/lib/jvm/java-11-openjdk-amd64/lib/libmanagement.so
7fd514028000-7fd514029000 rw-p 00005000 08:02 121245480                  /usr/lib/jvm/java-11-openjdk-amd64/lib/libmanagement.so
7fd514029000-7fd514030000 r--s 00000000 08:02 121116556                  /usr/lib/x86_64-linux-gnu/gconv/gconv-modules.cache
7fd514030000-7fd514056000 r--p 00000000 08:02 1314938                    /usr/share/locale-langpack/pt_BR/LC_MESSAGES/libc.mo
7fd514056000-7fd514087000 rw-p 00000000 00:00 0 
7fd514087000-7fd51408b000 r--p 00000000 08:02 121245484                  /usr/lib/jvm/java-11-openjdk-amd64/lib/libnet.so
7fd51408b000-7fd51409a000 r-xp 00004000 08:02 121245484                  /usr/lib/jvm/java-11-openjdk-amd64/lib/libnet.so
7fd51409a000-7fd51409e000 r--p 00013000 08:02 121245484                  /usr/lib/jvm/java-11-openjdk-amd64/lib/libnet.so
7fd51409e000-7fd51409f000 r--p 00016000 08:02 121245484                  /usr/lib/jvm/java-11-openjdk-amd64/lib/libnet.so
7fd51409f000-7fd5140a0000 rw-p 00017000 08:02 121245484                  /usr/lib/jvm/java-11-openjdk-amd64/lib/libnet.so
7fd5140a0000-7fd5140a7000 r--p 00000000 08:02 121245485                  /usr/lib/jvm/java-11-openjdk-amd64/lib/libnio.so
7fd5140a7000-7fd5140af000 r-xp 00007000 08:02 121245485                  /usr/lib/jvm/java-11-openjdk-amd64/lib/libnio.so
7fd5140af000-7fd5140b2000 r--p 0000f000 08:02 121245485                  /usr/lib/jvm/java-11-openjdk-amd64/lib/libnio.so
7fd5140b2000-7fd5140b3000 r--p 00011000 08:02 121245485                  /usr/lib/jvm/java-11-openjdk-amd64/lib/libnio.so
7fd5140b3000-7fd5140b4000 rw-p 00012000 08:02 121245485                  /usr/lib/jvm/java-11-openjdk-amd64/lib/libnio.so
7fd5140b4000-7fd5140b8000 ---p 00000000 00:00 0 
7fd5140b8000-7fd5141b5000 rw-p 00000000 00:00 0 
7fd5141b5000-7fd5141b9000 ---p 00000000 00:00 0 
7fd5141b9000-7fd5142b6000 rw-p 00000000 00:00 0 
7fd5142b6000-7fd5142b7000 ---p 00000000 00:00 0 
7fd5142b7000-7fd5144fe000 rw-p 00000000 00:00 0 
7fd5144fe000-7fd5144ff000 ---p 00000000 00:00 0 
7fd5144ff000-7fd514600000 rw-p 00000000 00:00 0 
7fd514600000-7fd514601000 ---p 00000000 00:00 0 
7fd514601000-7fd516f0a000 rw-p 00000000 00:00 0 
7fd516f0a000-7fd516f0b000 ---p 00000000 00:00 0 
7fd516f0b000-7fd51700c000 rw-p 00000000 00:00 0 
7fd51700c000-7fd51700d000 ---p 00000000 00:00 0 
7fd51700d000-7fd51732e000 rw-p 00000000 00:00 0 
7fd51732e000-7fd517b76000 rw-p 00000000 00:00 0 
7fd517b76000-7fd517b77000 ---p 00000000 00:00 0 
7fd517b77000-7fd517c7d000 rw-p 00000000 00:00 0 
7fd517c7d000-7fd517d63000 ---p 00000000 00:00 0 
7fd517d63000-7fd517d68000 rw-p 00000000 00:00 0 
7fd517d68000-7fd517e4e000 ---p 00000000 00:00 0 
7fd517e4e000-7fd517e53000 rw-p 00000000 00:00 0 
7fd517e53000-7fd517e5a000 ---p 00000000 00:00 0 
7fd517e5a000-7fd517e5d000 r--p 00000000 08:02 120588480                  /usr/lib/x86_64-linux-gnu/libnss_files-2.31.so
7fd517e5d000-7fd517e64000 r-xp 00003000 08:02 120588480                  /usr/lib/x86_64-linux-gnu/libnss_files-2.31.so
7fd517e64000-7fd517e66000 r--p 0000a000 08:02 120588480                  /usr/lib/x86_64-linux-gnu/libnss_files-2.31.so
7fd517e66000-7fd517e67000 r--p 0000b000 08:02 120588480                  /usr/lib/x86_64-linux-gnu/libnss_files-2.31.so
7fd517e67000-7fd517e68000 rw-p 0000c000 08:02 120588480                  /usr/lib/x86_64-linux-gnu/libnss_files-2.31.so
7fd517e68000-7fd517e6e000 rw-p 00000000 00:00 0 
7fd517e6f000-7fd517e74000 rw-p 00000000 00:00 0 
7fd517e74000-7fd517e76000 r--p 00000000 08:02 121245493                  /usr/lib/jvm/java-11-openjdk-amd64/lib/libzip.so
7fd517e76000-7fd517e7a000 r-xp 00002000 08:02 121245493                  /usr/lib/jvm/java-11-openjdk-amd64/lib/libzip.so
7fd517e7a000-7fd517e7c000 r--p 00006000 08:02 121245493                  /usr/lib/jvm/java-11-openjdk-amd64/lib/libzip.so
7fd517e7c000-7fd517e7d000 r--p 00007000 08:02 121245493                  /usr/lib/jvm/java-11-openjdk-amd64/lib/libzip.so
7fd517e7d000-7fd517e7e000 rw-p 00008000 08:02 121245493                  /usr/lib/jvm/java-11-openjdk-amd64/lib/libzip.so
7fd517e7e000-7fd517e86000 rw-s 00000000 08:02 62130473                   /tmp/hsperfdata_rubem/11599
7fd517e86000-7fd517e88000 r--p 00000000 08:02 121245476                  /usr/lib/jvm/java-11-openjdk-amd64/lib/libjimage.so
7fd517e88000-7fd517e8b000 r-xp 00002000 08:02 121245476                  /usr/lib/jvm/java-11-openjdk-amd64/lib/libjimage.so
7fd517e8b000-7fd517e8c000 r--p 00005000 08:02 121245476                  /usr/lib/jvm/java-11-openjdk-amd64/lib/libjimage.so
7fd517e8c000-7fd517e8d000 ---p 00006000 08:02 121245476                  /usr/lib/jvm/java-11-openjdk-amd64/lib/libjimage.so
7fd517e8d000-7fd517e8e000 r--p 00006000 08:02 121245476                  /usr/lib/jvm/java-11-openjdk-amd64/lib/libjimage.so
7fd517e8e000-7fd517e8f000 rw-p 00007000 08:02 121245476                  /usr/lib/jvm/java-11-openjdk-amd64/lib/libjimage.so
7fd517e8f000-7fd517e9d000 r--p 00000000 08:02 121245472                  /usr/lib/jvm/java-11-openjdk-amd64/lib/libjava.so
7fd517e9d000-7fd517eb3000 r-xp 0000e000 08:02 121245472                  /usr/lib/jvm/java-11-openjdk-amd64/lib/libjava.so
7fd517eb3000-7fd517eba000 r--p 00024000 08:02 121245472                  /usr/lib/jvm/java-11-openjdk-amd64/lib/libjava.so
7fd517eba000-7fd517ebb000 r--p 0002a000 08:02 121245472                  /usr/lib/jvm/java-11-openjdk-amd64/lib/libjava.so
7fd517ebb000-7fd517ebc000 rw-p 0002b000 08:02 121245472                  /usr/lib/jvm/java-11-openjdk-amd64/lib/libjava.so
7fd517ebc000-7fd517ebd000 rw-p 00000000 00:00 0 
7fd517ebd000-7fd517ec0000 r--p 00000000 08:02 120588487                  /usr/lib/x86_64-linux-gnu/librt-2.31.so
7fd517ec0000-7fd517ec4000 r-xp 00003000 08:02 120588487                  /usr/lib/x86_64-linux-gnu/librt-2.31.so
7fd517ec4000-7fd517ec5000 r--p 00007000 08:02 120588487                  /usr/lib/x86_64-linux-gnu/librt-2.31.so
7fd517ec5000-7fd517ec6000 ---p 00008000 08:02 120588487                  /usr/lib/x86_64-linux-gnu/librt-2.31.so
7fd517ec6000-7fd517ec7000 r--p 00008000 08:02 120588487                  /usr/lib/x86_64-linux-gnu/librt-2.31.so
7fd517ec7000-7fd517ec8000 rw-p 00009000 08:02 120588487                  /usr/lib/x86_64-linux-gnu/librt-2.31.so
7fd517ec8000-7fd517ecc000 ---p 00000000 00:00 0 
7fd517ecc000-7fd517fc9000 rw-p 00000000 00:00 0 
7fd517fc9000-7fd517fcc000 r--p 00000000 08:02 120594198                  /usr/lib/x86_64-linux-gnu/libgcc_s.so.1
7fd517fcc000-7fd517fde000 r-xp 00003000 08:02 120594198                  /usr/lib/x86_64-linux-gnu/libgcc_s.so.1
7fd517fde000-7fd517fe2000 r--p 00015000 08:02 120594198                  /usr/lib/x86_64-linux-gnu/libgcc_s.so.1
7fd517fe2000-7fd517fe3000 r--p 00018000 08:02 120594198                  /usr/lib/x86_64-linux-gnu/libgcc_s.so.1
7fd517fe3000-7fd517fe4000 rw-p 00019000 08:02 120594198                  /usr/lib/x86_64-linux-gnu/libgcc_s.so.1
7fd517fe4000-7fd517ff3000 r--p 00000000 08:02 120588474                  /usr/lib/x86_64-linux-gnu/libm-2.31.so
7fd517ff3000-7fd51809a000 r-xp 0000f000 08:02 120588474                  /usr/lib/x86_64-linux-gnu/libm-2.31.so
7fd51809a000-7fd518131000 r--p 000b6000 08:02 120588474                  /usr/lib/x86_64-linux-gnu/libm-2.31.so
7fd518131000-7fd518132000 r--p 0014c000 08:02 120588474                  /usr/lib/x86_64-linux-gnu/libm-2.31.so
7fd518132000-7fd518133000 rw-p 0014d000 08:02 120588474                  /usr/lib/x86_64-linux-gnu/libm-2.31.so
7fd518133000-7fd5181c9000 r--p 00000000 08:02 120595066                  /usr/lib/x86_64-linux-gnu/libstdc++.so.6.0.28
7fd5181c9000-7fd5182b9000 r-xp 00096000 08:02 120595066                  /usr/lib/x86_64-linux-gnu/libstdc++.so.6.0.28
7fd5182b9000-7fd518302000 r--p 00186000 08:02 120595066                  /usr/lib/x86_64-linux-gnu/libstdc++.so.6.0.28
7fd518302000-7fd518303000 ---p 001cf000 08:02 120595066                  /usr/lib/x86_64-linux-gnu/libstdc++.so.6.0.28
7fd518303000-7fd51830e000 r--p 001cf000 08:02 120595066                  /usr/lib/x86_64-linux-gnu/libstdc++.so.6.0.28
7fd51830e000-7fd518311000 rw-p 001da000 08:02 120595066                  /usr/lib/x86_64-linux-gnu/libstdc++.so.6.0.28
7fd518311000-7fd518314000 rw-p 00000000 00:00 0 
7fd518314000-7fd518581000 r--p 00000000 08:02 121245499                  /usr/lib/jvm/java-11-openjdk-amd64/lib/server/libjvm.so
7fd518581000-7fd519115000 r-xp 0026d000 08:02 121245499                  /usr/lib/jvm/java-11-openjdk-amd64/lib/server/libjvm.so
7fd519115000-7fd51934c000 r--p 00e01000 08:02 121245499                  /usr/lib/jvm/java-11-openjdk-amd64/lib/server/libjvm.so
7fd51934c000-7fd519409000 r--p 01037000 08:02 121245499                  /usr/lib/jvm/java-11-openjdk-amd64/lib/server/libjvm.so
7fd519409000-7fd519442000 rw-p 010f4000 08:02 121245499                  /usr/lib/jvm/java-11-openjdk-amd64/lib/server/libjvm.so
7fd519442000-7fd51949b000 rw-p 00000000 00:00 0 
7fd51949b000-7fd5194a2000 r--p 00000000 08:02 120588485                  /usr/lib/x86_64-linux-gnu/libpthread-2.31.so
7fd5194a2000-7fd5194b3000 r-xp 00007000 08:02 120588485                  /usr/lib/x86_64-linux-gnu/libpthread-2.31.so
7fd5194b3000-7fd5194b8000 r--p 00018000 08:02 120588485                  /usr/lib/x86_64-linux-gnu/libpthread-2.31.so
7fd5194b8000-7fd5194b9000 r--p 0001c000 08:02 120588485                  /usr/lib/x86_64-linux-gnu/libpthread-2.31.so
7fd5194b9000-7fd5194ba000 rw-p 0001d000 08:02 120588485                  /usr/lib/x86_64-linux-gnu/libpthread-2.31.so
7fd5194ba000-7fd5194be000 rw-p 00000000 00:00 0 
7fd5194be000-7fd5194bf000 r--p 00000000 08:02 120588473                  /usr/lib/x86_64-linux-gnu/libdl-2.31.so
7fd5194bf000-7fd5194c1000 r-xp 00001000 08:02 120588473                  /usr/lib/x86_64-linux-gnu/libdl-2.31.so
7fd5194c1000-7fd5194c2000 r--p 00003000 08:02 120588473                  /usr/lib/x86_64-linux-gnu/libdl-2.31.so
7fd5194c2000-7fd5194c3000 r--p 00003000 08:02 120588473                  /usr/lib/x86_64-linux-gnu/libdl-2.31.so
7fd5194c3000-7fd5194c4000 rw-p 00004000 08:02 120588473                  /usr/lib/x86_64-linux-gnu/libdl-2.31.so
7fd5194c4000-7fd5194c6000 r--p 00000000 08:02 120595344                  /usr/lib/x86_64-linux-gnu/libz.so.1.2.11
7fd5194c6000-7fd5194d7000 r-xp 00002000 08:02 120595344                  /usr/lib/x86_64-linux-gnu/libz.so.1.2.11
7fd5194d7000-7fd5194dd000 r--p 00013000 08:02 120595344                  /usr/lib/x86_64-linux-gnu/libz.so.1.2.11
7fd5194dd000-7fd5194de000 ---p 00019000 08:02 120595344                  /usr/lib/x86_64-linux-gnu/libz.so.1.2.11
7fd5194de000-7fd5194df000 r--p 00019000 08:02 120595344                  /usr/lib/x86_64-linux-gnu/libz.so.1.2.11
7fd5194df000-7fd5194e0000 rw-p 0001a000 08:02 120595344                  /usr/lib/x86_64-linux-gnu/libz.so.1.2.11
7fd5194e0000-7fd519505000 r--p 00000000 08:02 120588472                  /usr/lib/x86_64-linux-gnu/libc-2.31.so
7fd519505000-7fd51967d000 r-xp 00025000 08:02 120588472                  /usr/lib/x86_64-linux-gnu/libc-2.31.so
7fd51967d000-7fd5196c7000 r--p 0019d000 08:02 120588472                  /usr/lib/x86_64-linux-gnu/libc-2.31.so
7fd5196c7000-7fd5196c8000 ---p 001e7000 08:02 120588472                  /usr/lib/x86_64-linux-gnu/libc-2.31.so
7fd5196c8000-7fd5196cb000 r--p 001e7000 08:02 120588472                  /usr/lib/x86_64-linux-gnu/libc-2.31.so
7fd5196cb000-7fd5196ce000 rw-p 001ea000 08:02 120588472                  /usr/lib/x86_64-linux-gnu/libc-2.31.so
7fd5196ce000-7fd5196d2000 rw-p 00000000 00:00 0 
7fd5196d4000-7fd5196d6000 r--s 0000c000 08:02 121377896                  /usr/share/java/java-atk-wrapper.jar
7fd5196d6000-7fd5196d7000 ---p 00000000 00:00 0 
7fd5196d7000-7fd5196d8000 r--p 00000000 00:00 0 
7fd5196d8000-7fd5196dd000 r--p 00000000 08:02 121245492                  /usr/lib/jvm/java-11-openjdk-amd64/lib/libverify.so
7fd5196dd000-7fd5196e4000 r-xp 00005000 08:02 121245492                  /usr/lib/jvm/java-11-openjdk-amd64/lib/libverify.so
7fd5196e4000-7fd5196e6000 r--p 0000c000 08:02 121245492                  /usr/lib/jvm/java-11-openjdk-amd64/lib/libverify.so
7fd5196e6000-7fd5196e7000 ---p 0000e000 08:02 121245492                  /usr/lib/jvm/java-11-openjdk-amd64/lib/libverify.so
7fd5196e7000-7fd5196e9000 r--p 0000e000 08:02 121245492                  /usr/lib/jvm/java-11-openjdk-amd64/lib/libverify.so
7fd5196e9000-7fd5196ea000 rw-p 00010000 08:02 121245492                  /usr/lib/jvm/java-11-openjdk-amd64/lib/libverify.so
7fd5196ea000-7fd5196ed000 r--p 00000000 08:02 121245456                  /usr/lib/jvm/java-11-openjdk-amd64/lib/jli/libjli.so
7fd5196ed000-7fd5196f7000 r-xp 00003000 08:02 121245456                  /usr/lib/jvm/java-11-openjdk-amd64/lib/jli/libjli.so
7fd5196f7000-7fd5196fa000 r--p 0000d000 08:02 121245456                  /usr/lib/jvm/java-11-openjdk-amd64/lib/jli/libjli.so
7fd5196fa000-7fd5196fb000 ---p 00010000 08:02 121245456                  /usr/lib/jvm/java-11-openjdk-amd64/lib/jli/libjli.so
7fd5196fb000-7fd5196fc000 r--p 00010000 08:02 121245456                  /usr/lib/jvm/java-11-openjdk-amd64/lib/jli/libjli.so
7fd5196fc000-7fd5196fd000 rw-p 00011000 08:02 121245456                  /usr/lib/jvm/java-11-openjdk-amd64/lib/jli/libjli.so
7fd5196fd000-7fd5196ff000 rw-p 00000000 00:00 0 
7fd5196ff000-7fd519700000 r--p 00000000 08:02 120588467                  /usr/lib/x86_64-linux-gnu/ld-2.31.so
7fd519700000-7fd519723000 r-xp 00001000 08:02 120588467                  /usr/lib/x86_64-linux-gnu/ld-2.31.so
7fd519723000-7fd51972b000 r--p 00024000 08:02 120588467                  /usr/lib/x86_64-linux-gnu/ld-2.31.so
7fd51972c000-7fd51972d000 r--p 0002c000 08:02 120588467                  /usr/lib/x86_64-linux-gnu/ld-2.31.so
7fd51972d000-7fd51972e000 rw-p 0002d000 08:02 120588467                  /usr/lib/x86_64-linux-gnu/ld-2.31.so
7fd51972e000-7fd51972f000 rw-p 00000000 00:00 0 
7fff13aa9000-7fff13acc000 rw-p 00000000 00:00 0                          [stack]
7fff13bbb000-7fff13bbe000 r--p 00000000 00:00 0                          [vvar]
7fff13bbe000-7fff13bbf000 r-xp 00000000 00:00 0                          [vdso]
ffffffffff600000-ffffffffff601000 --xp 00000000 00:00 0                  [vsyscall]


VM Arguments:
jvm_args: -Xmx64m -Xms64m -Dorg.gradle.appname=gradlew 
java_command: org.gradle.wrapper.GradleWrapperMain app:installDebug -PreactNativeDevServerPort=8081
java_class_path (initial): /home/rubem/Documentos/Workstation/Rocketseat/Mobile/GoBarber-Mobile/android/gradle/wrapper/gradle-wrapper.jar
Launcher Type: SUN_STANDARD

[Global flags]
     intx CICompilerCount                          = 4                                         {product} {ergonomic}
     uint ConcGCThreads                            = 2                                         {product} {ergonomic}
     uint G1ConcRefinementThreads                  = 8                                         {product} {ergonomic}
   size_t G1HeapRegionSize                         = 1048576                                   {product} {ergonomic}
    uintx GCDrainStackTargetSize                   = 64                                        {product} {ergonomic}
   size_t InitialHeapSize                          = 67108864                                  {product} {command line}
   size_t MarkStackSize                            = 4194304                                   {product} {ergonomic}
   size_t MaxHeapSize                              = 67108864                                  {product} {command line}
   size_t MaxNewSize                               = 39845888                                  {product} {ergonomic}
   size_t MinHeapDeltaBytes                        = 1048576                                   {product} {ergonomic}
    uintx NonNMethodCodeHeapSize                   = 5836300                                {pd product} {ergonomic}
    uintx NonProfiledCodeHeapSize                  = 122910970                              {pd product} {ergonomic}
    uintx ProfiledCodeHeapSize                     = 122910970                              {pd product} {ergonomic}
    uintx ReservedCodeCacheSize                    = 251658240                              {pd product} {ergonomic}
     bool SegmentedCodeCache                       = true                                      {product} {ergonomic}
     bool UseCompressedClassPointers               = true                                 {lp64_product} {ergonomic}
     bool UseCompressedOops                        = true                                 {lp64_product} {ergonomic}
     bool UseG1GC                                  = true                                      {product} {ergonomic}

Logging:
Log output configuration:
 #0: stdout all=warning uptime,level,tags
 #1: stderr all=off uptime,level,tags

Environment Variables:
JAVA_HOME=
PATH=/home/rubem/Documentos/Workstation/Rocketseat/Mobile/GoBarber-Mobile/android/node_modules/.bin:/home/rubem/Documentos/Workstation/Rocketseat/Mobile/GoBarber-Mobile/node_modules/.bin:/home/rubem/Documentos/Workstation/Rocketseat/Mobile/node_modules/.bin:/home/rubem/Documentos/Workstation/Rocketseat/node_modules/.bin:/home/rubem/Documentos/Workstation/node_modules/.bin:/home/rubem/Documentos/node_modules/.bin:/home/rubem/node_modules/.bin:/home/node_modules/.bin:/node_modules/.bin:/home/rubem/.nvm/versions/node/v12.18.4/bin:/tmp/yarn--1601667779333-0.5363241461583259:/home/rubem/Documentos/Workstation/Rocketseat/Mobile/GoBarber-Mobile/node_modules/.bin:/home/rubem/.config/yarn/link/node_modules/.bin:/home/rubem/.yarn/bin:/home/rubem/.nvm/versions/node/v12.18.4/libexec/lib/node_modules/npm/bin/node-gyp-bin:/home/rubem/.nvm/versions/node/v12.18.4/lib/node_modules/npm/bin/node-gyp-bin:/home/rubem/.nvm/versions/node/v12.18.4/bin/node_modules/npm/bin/node-gyp-bin:/home/rubem/.nvm/versions/node/v12.18.4/bin:/home/rubem/.rbenv/plugins/ruby-build/bin:/home/rubem/.rbenv/shims:/home/rubem/.rbenv/bin:/usr/local/sbin:/usr/local/bin:/usr/sbin:/usr/bin:/sbin:/bin:/usr/games:/usr/local/games:/snap/bin:/home/rubem/Android/Sdk/tools:/home/rubem/Android/Sdk/platform-toolsexport
SHELL=/bin/bash
DISPLAY=:0
LANG=pt_BR.UTF-8

Signal Handlers:
SIGSEGV: [libjvm.so+0xd8e010], sa_mask[0]=11111111011111111101111111111110, sa_flags=SA_RESTART|SA_SIGINFO
SIGBUS: [libjvm.so+0xd8e010], sa_mask[0]=11111111011111111101111111111110, sa_flags=SA_RESTART|SA_SIGINFO
SIGFPE: [libjvm.so+0xd8e010], sa_mask[0]=11111111011111111101111111111110, sa_flags=SA_RESTART|SA_SIGINFO
SIGPIPE: [libjvm.so+0xb86b30], sa_mask[0]=11111111011111111101111111111110, sa_flags=SA_RESTART|SA_SIGINFO
SIGXFSZ: [libjvm.so+0xb86b30], sa_mask[0]=11111111011111111101111111111110, sa_flags=SA_RESTART|SA_SIGINFO
SIGILL: [libjvm.so+0xd8e010], sa_mask[0]=11111111011111111101111111111110, sa_flags=SA_RESTART|SA_SIGINFO
SIGUSR2: [libjvm.so+0xb869d0], sa_mask[0]=00000000000000000000000000000000, sa_flags=SA_RESTART|SA_SIGINFO
SIGHUP: [libjvm.so+0xb86e70], sa_mask[0]=11111111011111111101111111111110, sa_flags=SA_RESTART|SA_SIGINFO
SIGINT: [libjvm.so+0xb86e70], sa_mask[0]=11111111011111111101111111111110, sa_flags=SA_RESTART|SA_SIGINFO
SIGTERM: [libjvm.so+0xb86e70], sa_mask[0]=11111111011111111101111111111110, sa_flags=SA_RESTART|SA_SIGINFO
SIGQUIT: [libjvm.so+0xb86e70], sa_mask[0]=11111111011111111101111111111110, sa_flags=SA_RESTART|SA_SIGINFO


---------------  S Y S T E M  ---------------

OS:DISTRIB_ID=Ubuntu
DISTRIB_RELEASE=20.04
DISTRIB_CODENAME=focal
DISTRIB_DESCRIPTION="Ubuntu 20.04.1 LTS"
uname:Linux 5.4.0-48-generic #52-Ubuntu SMP Thu Sep 10 10:58:49 UTC 2020 x86_64
OS uptime: 0 days 0:55 hours
libc:glibc 2.31 NPTL 2.31 
rlimit (soft/hard): STACK 8192k/infinity , CORE 0k/infinity , NPROC 63221/63221 , NOFILE 1048576/1048576 , AS infinity/infinity , CPU infinity/infinity , DATA infinity/infinity , FSIZE infinity/infinity , MEMLOCK 65536k/65536k
load average:9,15 5,48 4,13

/proc/meminfo:
MemTotal:       16270980 kB
MemFree:          228380 kB
MemAvailable:    7700600 kB
Buffers:          630036 kB
Cached:          7397556 kB
SwapCached:          292 kB
Active:          9660264 kB
Inactive:        5117960 kB
Active(anon):    6438840 kB
Inactive(anon):  1240912 kB
Active(file):    3221424 kB
Inactive(file):  3877048 kB
Unevictable:      170600 kB
Mlocked:               0 kB
SwapTotal:       2097148 kB
SwapFree:        2087664 kB
Dirty:              3604 kB
Writeback:           280 kB
AnonPages:       6920960 kB
Mapped:          1272088 kB
Shmem:           1215744 kB
KReclaimable:     712768 kB
Slab:             917048 kB
SReclaimable:     712768 kB
SUnreclaim:       204280 kB
KernelStack:       21680 kB
PageTables:        63112 kB
NFS_Unstable:          0 kB
Bounce:                0 kB
WritebackTmp:          0 kB
CommitLimit:    10232636 kB
Committed_AS:   18883728 kB
VmallocTotal:   34359738367 kB
VmallocUsed:       40180 kB
VmallocChunk:          0 kB
Percpu:             6016 kB
HardwareCorrupted:     0 kB
AnonHugePages:   2099200 kB
ShmemHugePages:        0 kB
ShmemPmdMapped:        0 kB
FileHugePages:         0 kB
FilePmdMapped:         0 kB
CmaTotal:              0 kB
CmaFree:               0 kB
HugePages_Total:       0
HugePages_Free:        0
HugePages_Rsvd:        0
HugePages_Surp:        0
Hugepagesize:       2048 kB
Hugetlb:               0 kB
DirectMap4k:      343004 kB
DirectMap2M:    12113920 kB
DirectMap1G:     5242880 kB

/sys/kernel/mm/transparent_hugepage/enabled:
always [madvise] never

/sys/kernel/mm/transparent_hugepage/defrag (defrag/compaction efforts parameter):
always defer defer+madvise [madvise] never


/proc/sys/kernel/threads-max (system-wide limit on the number of threads):
126442


/proc/sys/vm/max_map_count (maximum number of memory map areas a process may have):
65530


/proc/sys/kernel/pid_max (system-wide limit on number of process identifiers):
4194304



container (cgroup) information:
container_type: cgroupv1
cpu_cpuset_cpus: 0-7
cpu_memory_nodes: 0
active_processor_count: 8
cpu_quota: -1
cpu_period: 100000
cpu_shares: -1
memory_limit_in_bytes: -1
memory_and_swap_limit_in_bytes: -2
memory_soft_limit_in_bytes: -1
memory_usage_in_bytes: 14392209408
memory_max_usage_in_bytes: 14504075264

Steal ticks since vm start: 0
Steal ticks percentage since vm start:  0,000

CPU:total 8 (initial active 8) (4 cores per cpu, 2 threads per core) family 6 model 142 stepping 12, cmov, cx8, fxsr, mmx, sse, sse2, sse3, ssse3, sse4.1, sse4.2, popcnt, avx, avx2, aes, clmul, erms, 3dnowpref, lzcnt, ht, tsc, tscinvbit, bmi1, bmi2, adx, fma
CPU Model and flags from /proc/cpuinfo:
model name	: Intel(R) Core(TM) i7-8565U CPU @ 1.80GHz
flags		: fpu vme de pse tsc msr pae mce cx8 apic sep mtrr pge mca cmov pat pse36 clflush dts acpi mmx fxsr sse sse2 ss ht tm pbe syscall nx pdpe1gb rdtscp lm constant_tsc art arch_perfmon pebs bts rep_good nopl xtopology nonstop_tsc cpuid aperfmperf pni pclmulqdq dtes64 monitor ds_cpl vmx est tm2 ssse3 sdbg fma cx16 xtpr pdcm pcid sse4_1 sse4_2 x2apic movbe popcnt tsc_deadline_timer aes xsave avx f16c rdrand lahf_lm abm 3dnowprefetch cpuid_fault epb invpcid_single ssbd ibrs ibpb stibp ibrs_enhanced tpr_shadow vnmi flexpriority ept vpid ept_ad fsgsbase tsc_adjust bmi1 avx2 smep bmi2 erms invpcid mpx rdseed adx smap clflushopt intel_pt xsaveopt xsavec xgetbv1 xsaves dtherm ida arat pln pts hwp hwp_notify hwp_act_window hwp_epp md_clear flush_l1d arch_capabilities

Memory: 4k page, physical 16270980k(228380k free), swap 2097148k(2087664k free)

vm_info: OpenJDK 64-Bit Server VM (11.0.8+10-post-Ubuntu-0ubuntu120.04) for linux-amd64 JRE (11.0.8+10-post-Ubuntu-0ubuntu120.04), built on Jul 15 2020 20:45:24 by "unknown" with gcc 9.3.0

END.
