#
# A fatal error has been detected by the Java Runtime Environment:
#
#  SIGSEGV (0xb) at pc=0x00007fccdb16da80, pid=11286, tid=11299
#
# JRE version: OpenJDK Runtime Environment (11.0.8+10) (build 11.0.8+10-post-Ubuntu-0ubuntu120.04)
# Java VM: OpenJDK 64-Bit Server VM (11.0.8+10-post-Ubuntu-0ubuntu120.04, mixed mode, sharing, tiered, compressed oops, g1 gc, linux-amd64)
# Problematic frame:
# C  [ld-linux-x86-64.so.2+0xda80]
#
# Core dump will be written. Default location: Core dumps may be processed with "/usr/share/apport/apport %p %s %c %d %P %E" (or dumping to /home/rubem/Documentos/Workstation/Rocketseat/Mobile/GoBarber-Mobile/android/core.11286)
#
# If you would like to submit a bug report, please visit:
#   https://bugs.launchpad.net/ubuntu/+source/openjdk-lts
# The crash happened outside the Java Virtual Machine in native code.
# See problematic frame for where to report the bug.
#

---------------  S U M M A R Y ------------

Command Line: -Xmx64m -Xms64m -Dorg.gradle.appname=gradlew org.gradle.wrapper.GradleWrapperMain app:installDebug -PreactNativeDevServerPort=8081

Host: Intel(R) Core(TM) i7-8565U CPU @ 1.80GHz, 8 cores, 15G, Ubuntu 20.04.1 LTS
Time: Fri Oct  2 16:42:06 2020 -03 elapsed time: 0 seconds (0d 0h 0m 0s)

---------------  T H R E A D  ---------------

Current thread (0x00007fccd4016000):  JavaThread "main" [_thread_in_native, id=11299, stack(0x00007fccd9929000,0x00007fccd9a2a000)]

Stack: [0x00007fccd9929000,0x00007fccd9a2a000],  sp=0x00007fccd9a22040,  free space=996k
Native frames: (J=compiled Java code, A=aot compiled Java code, j=interpreted, Vv=VM code, C=native code)
C  [ld-linux-x86-64.so.2+0xda80]
C  [ld-linux-x86-64.so.2+0x15f5c]

Java frames: (J=compiled Java code, j=interpreted, Vv=VM code)
j  java.lang.ClassLoader$NativeLibrary.load0(Ljava/lang/String;Z)Z+0 java.base@11.0.8
j  java.lang.ClassLoader$NativeLibrary.load()Z+53 java.base@11.0.8
j  java.lang.ClassLoader$NativeLibrary.loadLibrary(Ljava/lang/Class;Ljava/lang/String;Z)Z+216 java.base@11.0.8
j  java.lang.ClassLoader.loadLibrary0(Ljava/lang/Class;Ljava/io/File;)Z+46 java.base@11.0.8
j  java.lang.ClassLoader.loadLibrary(Ljava/lang/Class;Ljava/lang/String;Z)V+250 java.base@11.0.8
j  java.lang.Runtime.loadLibrary0(Ljava/lang/Class;Ljava/lang/String;)V+54 java.base@11.0.8
j  java.lang.System.loadLibrary(Ljava/lang/String;)V+7 java.base@11.0.8
j  com.sun.management.internal.PlatformMBeanProviderImpl.lambda$static$0()Ljava/lang/Void;+2 jdk.management@11.0.8
j  com.sun.management.internal.PlatformMBeanProviderImpl$$Lambda$30.run()Ljava/lang/Object;+0 jdk.management@11.0.8
v  ~StubRoutines::call_stub
j  java.security.AccessController.doPrivileged(Ljava/security/PrivilegedAction;)Ljava/lang/Object;+0 java.base@11.0.8
j  com.sun.management.internal.PlatformMBeanProviderImpl.<clinit>()V+13 jdk.management@11.0.8
v  ~StubRoutines::call_stub
j  jdk.internal.reflect.NativeConstructorAccessorImpl.newInstance0(Ljava/lang/reflect/Constructor;[Ljava/lang/Object;)Ljava/lang/Object;+0 java.base@11.0.8
j  jdk.internal.reflect.NativeConstructorAccessorImpl.newInstance([Ljava/lang/Object;)Ljava/lang/Object;+85 java.base@11.0.8
j  jdk.internal.reflect.DelegatingConstructorAccessorImpl.newInstance([Ljava/lang/Object;)Ljava/lang/Object;+5 java.base@11.0.8
j  java.lang.reflect.Constructor.newInstance([Ljava/lang/Object;)Ljava/lang/Object;+68 java.base@11.0.8
j  java.util.ServiceLoader$ProviderImpl.newInstance()Ljava/lang/Object;+19 java.base@11.0.8
j  java.util.ServiceLoader$ProviderImpl.get()Ljava/lang/Object;+13 java.base@11.0.8
j  java.util.ServiceLoader$3.next()Ljava/lang/Object;+58 java.base@11.0.8
j  java.lang.Iterable.forEach(Ljava/util/function/Consumer;)V+22 java.base@11.0.8
j  java.lang.management.ManagementFactory$PlatformMBeanFinder.lambda$static$0()Ljava/util/List;+24 java.management@11.0.8
j  java.lang.management.ManagementFactory$PlatformMBeanFinder$$Lambda$28.run()Ljava/lang/Object;+0 java.management@11.0.8
v  ~StubRoutines::call_stub
j  java.security.AccessController.doPrivileged(Ljava/security/PrivilegedAction;Ljava/security/AccessControlContext;)Ljava/lang/Object;+0 java.base@11.0.8
j  java.security.AccessController.doPrivileged(Ljava/security/PrivilegedAction;Ljava/security/AccessControlContext;[Ljava/security/Permission;)Ljava/lang/Object;+48 java.base@11.0.8
j  java.lang.management.ManagementFactory$PlatformMBeanFinder.<clinit>()V+36 java.management@11.0.8
v  ~StubRoutines::call_stub
j  java.lang.management.ManagementFactory.getPlatformMXBean(Ljava/lang/Class;)Ljava/lang/management/PlatformManagedObject;+1 java.management@11.0.8
j  java.lang.management.ManagementFactory.getRuntimeMXBean()Ljava/lang/management/RuntimeMXBean;+2 java.management@11.0.8
j  org.gradle.process.internal.CurrentProcess.inferJvmOptions(Lorg/gradle/api/internal/file/FileCollectionFactory;)Lorg/gradle/process/internal/JvmOptions;+10
j  org.gradle.process.internal.CurrentProcess.<init>(Lorg/gradle/api/internal/file/FileCollectionFactory;)V+5
j  org.gradle.launcher.daemon.configuration.DaemonJvmOptions.<init>(Lorg/gradle/api/internal/file/FileCollectionFactory;)V+10
j  org.gradle.launcher.daemon.configuration.DaemonParameters.<init>(Lorg/gradle/initialization/BuildLayoutParameters;Lorg/gradle/api/internal/file/FileCollectionFactory;Ljava/util/Map;)V+42
j  org.gradle.launcher.daemon.configuration.DaemonParameters.<init>(Lorg/gradle/initialization/BuildLayoutParameters;Lorg/gradle/api/internal/file/FileCollectionFactory;)V+6
j  org.gradle.launcher.cli.Parameters.<init>(Lorg/gradle/api/internal/file/FileCollectionFactory;)V+36
j  org.gradle.launcher.cli.BuildActionsFactory.createAction(Lorg/gradle/cli/CommandLineParser;Lorg/gradle/cli/ParsedCommandLine;)Ljava/lang/Runnable;+13
j  org.gradle.launcher.cli.DefaultCommandLineActionFactory$ParseAndBuildAction.createAction(Ljava/lang/Iterable;Lorg/gradle/cli/CommandLineParser;Lorg/gradle/cli/ParsedCommandLine;)Lorg/gradle/api/Action;+34
j  org.gradle.launcher.cli.DefaultCommandLineActionFactory$ParseAndBuildAction.execute(Lorg/gradle/launcher/bootstrap/ExecutionListener;)V+99
j  org.gradle.launcher.cli.DefaultCommandLineActionFactory$ParseAndBuildAction.execute(Ljava/lang/Object;)V+5
j  org.gradle.launcher.cli.ExceptionReportingAction.execute(Lorg/gradle/launcher/bootstrap/ExecutionListener;)V+5
j  org.gradle.launcher.cli.ExceptionReportingAction.execute(Ljava/lang/Object;)V+5
j  org.gradle.launcher.cli.DefaultCommandLineActionFactory$WithLogging.execute(Lorg/gradle/launcher/bootstrap/ExecutionListener;)V+355
j  org.gradle.launcher.Main.doAction([Ljava/lang/String;Lorg/gradle/launcher/bootstrap/ExecutionListener;)V+14
j  org.gradle.launcher.bootstrap.EntryPoint.run([Ljava/lang/String;)V+12
v  ~StubRoutines::call_stub
j  jdk.internal.reflect.NativeMethodAccessorImpl.invoke0(Ljava/lang/reflect/Method;Ljava/lang/Object;[Ljava/lang/Object;)Ljava/lang/Object;+0 java.base@11.0.8
j  jdk.internal.reflect.NativeMethodAccessorImpl.invoke(Ljava/lang/Object;[Ljava/lang/Object;)Ljava/lang/Object;+100 java.base@11.0.8
j  jdk.internal.reflect.DelegatingMethodAccessorImpl.invoke(Ljava/lang/Object;[Ljava/lang/Object;)Ljava/lang/Object;+6 java.base@11.0.8
j  java.lang.reflect.Method.invoke(Ljava/lang/Object;[Ljava/lang/Object;)Ljava/lang/Object;+59 java.base@11.0.8
j  org.gradle.launcher.bootstrap.ProcessBootstrap.runNoExit(Ljava/lang/String;[Ljava/lang/String;)V+161
j  org.gradle.launcher.bootstrap.ProcessBootstrap.run(Ljava/lang/String;[Ljava/lang/String;)V+3
j  org.gradle.launcher.GradleMain.main([Ljava/lang/String;)V+36
v  ~StubRoutines::call_stub
j  jdk.internal.reflect.NativeMethodAccessorImpl.invoke0(Ljava/lang/reflect/Method;Ljava/lang/Object;[Ljava/lang/Object;)Ljava/lang/Object;+0 java.base@11.0.8
j  jdk.internal.reflect.NativeMethodAccessorImpl.invoke(Ljava/lang/Object;[Ljava/lang/Object;)Ljava/lang/Object;+100 java.base@11.0.8
j  jdk.internal.reflect.DelegatingMethodAccessorImpl.invoke(Ljava/lang/Object;[Ljava/lang/Object;)Ljava/lang/Object;+6 java.base@11.0.8
j  java.lang.reflect.Method.invoke(Ljava/lang/Object;[Ljava/lang/Object;)Ljava/lang/Object;+59 java.base@11.0.8
j  org.gradle.wrapper.BootstrapMainStarter.start([Ljava/lang/String;Ljava/io/File;)V+81
j  org.gradle.wrapper.WrapperExecutor.execute([Ljava/lang/String;Lorg/gradle/wrapper/Install;Lorg/gradle/wrapper/BootstrapMainStarter;)V+14
j  org.gradle.wrapper.GradleWrapperMain.main([Ljava/lang/String;)V+187
v  ~StubRoutines::call_stub

siginfo: si_signo: 11 (SIGSEGV), si_code: 1 (SEGV_MAPERR), si_addr: 0x0000000000000008

Register to memory mapping:

RAX=0x0 is NULL
RBX=0x0000000000000001 is an unknown value
RCX=0x0 is NULL
RDX=0x0 is NULL
RSP=0x00007fccd9a22040 is pointing into the stack for thread: 0x00007fccd4016000
RBP=0x00007fccd9a22140 is pointing into the stack for thread: 0x00007fccd4016000
RSI=0x00007fccd4863e88 points into unknown readable memory: 50 f4 18 db cc 7f 00 00
RDI=0x00007fccd4863b20 points into unknown readable memory: 00 30 af ac cc 7f 00 00
R8 =0x00007fccd4863a40 points into unknown readable memory: 20 3b 86 d4 cc 7f 00 00
R9 =0x0 is NULL
R10=0x0 is NULL
R11=0x0000000000000246 is an unknown value
R12=0x00007fccd9a22150 is pointing into the stack for thread: 0x00007fccd4016000
R13=0x0000000000000001 is an unknown value
R14=0x0 is NULL
R15=0x00007fccd4863b20 points into unknown readable memory: 00 30 af ac cc 7f 00 00


Registers:
RAX=0x0000000000000000, RBX=0x0000000000000001, RCX=0x0000000000000000, RDX=0x0000000000000000
RSP=0x00007fccd9a22040, RBP=0x00007fccd9a22140, RSI=0x00007fccd4863e88, RDI=0x00007fccd4863b20
R8 =0x00007fccd4863a40, R9 =0x0000000000000000, R10=0x0000000000000000, R11=0x0000000000000246
R12=0x00007fccd9a22150, R13=0x0000000000000001, R14=0x0000000000000000, R15=0x00007fccd4863b20
RIP=0x00007fccdb16da80, EFLAGS=0x0000000000010246, CSGSFS=0x002b000000000033, ERR=0x0000000000000004
  TRAPNO=0x000000000000000e

Top of Stack: (sp=0x00007fccd9a22040)
0x00007fccd9a22040:   0000000000000010 000000046474e552
0x00007fccd9a22050:   0000000000006c98 0000000000000000
0x00007fccd9a22060:   0000000000007c98 0000000000000368
0x00007fccd9a22070:   0000000000000368 0000000000000001 

Instructions: (pc=0x00007fccdb16da80)
0x00007fccdb16d980:   83 c0 06 c1 ea 1c 0f b6 14 11 88 50 fa 89 da c1
0x00007fccdb16d990:   ea 18 83 e2 0f 0f b6 14 11 88 50 fb 89 da c1 ea
0x00007fccdb16d9a0:   14 83 e2 0f 0f b6 14 11 88 50 fc 89 da c1 ea 10
0x00007fccdb16d9b0:   83 e2 0f 0f b6 14 11 88 50 fd 89 da c1 ea 0c 83
0x00007fccdb16d9c0:   e2 0f 0f b6 14 11 88 50 fe 89 da c1 ea 08 83 e2
0x00007fccdb16d9d0:   0f 0f b6 14 11 88 50 ff e9 74 ff ff ff 0f 1f 00
0x00007fccdb16d9e0:   f3 0f 1e fa 55 48 89 e5 41 57 49 89 ff 41 56 41
0x00007fccdb16d9f0:   55 41 54 53 89 d3 48 81 ec d8 00 00 00 81 e2 00
0x00007fccdb16da00:   00 00 08 48 89 b5 48 ff ff ff 89 8d 3c ff ff ff
0x00007fccdb16da10:   75 15 31 c0 48 83 3d 0c fe 01 00 00 0f 95 c0 09
0x00007fccdb16da20:   c1 89 8d 3c ff ff ff 41 f6 87 1c 03 00 00 04 0f
0x00007fccdb16da30:   85 b3 02 00 00 8b 05 e5 fb 01 00 44 8b 95 3c ff
0x00007fccdb16da40:   ff ff 83 e0 20 45 85 d2 0f 84 b2 02 00 00 41 89
0x00007fccdb16da50:   dd 41 83 e5 01 85 c0 0f 85 bd 15 00 00 49 8b 87
0x00007fccdb16da60:   f0 00 00 00 48 89 85 18 ff ff ff 48 85 c0 0f 85
0x00007fccdb16da70:   52 14 00 00 49 8b 47 68 49 83 bf f8 00 00 00 00
0x00007fccdb16da80:   48 8b 40 08 48 89 85 40 ff ff ff 0f 84 97 0c 00
0x00007fccdb16da90:   00 45 85 ed 74 5a 49 8b 47 58 48 8b 40 08 48 8b
0x00007fccdb16daa0:   50 08 48 85 d2 0f 85 15 0d 00 00 44 8b 8d 3c ff
0x00007fccdb16dab0:   ff ff 4c 89 78 08 45 85 c9 0f 85 c7 17 00 00 48
0x00007fccdb16dac0:   83 3d 41 fc 01 00 00 0f 85 13 0d 00 00 48 8d 3d
0x00007fccdb16dad0:   8c af 00 00 48 89 78 10 49 8b 87 90 02 00 00 48
0x00007fccdb16dae0:   85 c0 0f 85 59 0c 00 00 0f 1f 84 00 00 00 00 00
0x00007fccdb16daf0:   49 8b 47 78 66 0f ef c0 0f 29 45 90 0f 29 45 a0
0x00007fccdb16db00:   0f 29 45 b0 0f 29 45 c0 48 85 c0 0f 84 ff 0c 00
0x00007fccdb16db10:   00 48 8b 48 08 49 8b 87 80 00 00 00 48 8b 50 08
0x00007fccdb16db20:   66 48 0f 6e c1 49 8b 87 88 01 00 00 66 48 0f 6e
0x00007fccdb16db30:   ca 48 8d 3c 11 66 0f 6c c1 0f 29 45 90 48 85 c0
0x00007fccdb16db40:   74 08 48 8b 40 08 48 89 45 a0 49 83 bf e0 00 00
0x00007fccdb16db50:   00 00 74 4b 49 8b 87 f8 00 00 00 49 8b 77 50 48
0x00007fccdb16db60:   8b 40 08 48 8b 76 08 4c 8d 04 30 49 39 f8 75 0b
0x00007fccdb16db70:   48 29 f2 48 89 55 98 48 8d 3c 0a 45 85 ed 75 09 


Stack slot to memory mapping:
stack at sp + 0 slots: 0x0000000000000010 is an unknown value
stack at sp + 1 slots: 0x000000046474e552 is an unknown value
stack at sp + 2 slots: 0x0000000000006c98 is an unknown value
stack at sp + 3 slots: 0x0 is NULL
stack at sp + 4 slots: 0x0000000000007c98 is an unknown value
stack at sp + 5 slots: 0x0000000000000368 is an unknown value
stack at sp + 6 slots: 0x0000000000000368 is an unknown value
stack at sp + 7 slots: 0x0000000000000001 is an unknown value


---------------  P R O C E S S  ---------------

Threads class SMR info:
_java_thread_list=0x00007fccd47de2b0, length=10, elements={
0x00007fccd4016000, 0x00007fccd40b6000, 0x00007fccd40c0000, 0x00007fccd40c5800,
0x00007fccd40c8000, 0x00007fccd40ca000, 0x00007fccd40cc000, 0x00007fccd4123000,
0x00007fccd4128000, 0x00007fccd47dd000
}

Java Threads: ( => current thread )
=>0x00007fccd4016000 JavaThread "main" [_thread_in_native, id=11299, stack(0x00007fccd9929000,0x00007fccd9a2a000)]
  0x00007fccd40b6000 JavaThread "Reference Handler" daemon [_thread_blocked, id=11306, stack(0x00007fccadcf9000,0x00007fccaddfa000)]
  0x00007fccd40c0000 JavaThread "Finalizer" daemon [_thread_blocked, id=11307, stack(0x00007fccadbf8000,0x00007fccadcf9000)]
  0x00007fccd40c5800 JavaThread "Signal Dispatcher" daemon [_thread_blocked, id=11308, stack(0x00007fccad585000,0x00007fccad686000)]
  0x00007fccd40c8000 JavaThread "C2 CompilerThread0" daemon [_thread_in_native, id=11309, stack(0x00007fccad484000,0x00007fccad585000)]
  0x00007fccd40ca000 JavaThread "C1 CompilerThread0" daemon [_thread_blocked, id=11310, stack(0x00007fccad383000,0x00007fccad484000)]
  0x00007fccd40cc000 JavaThread "Sweeper thread" daemon [_thread_blocked, id=11311, stack(0x00007fccad282000,0x00007fccad383000)]
  0x00007fccd4123000 JavaThread "Service Thread" daemon [_thread_blocked, id=11312, stack(0x00007fccad181000,0x00007fccad282000)]
  0x00007fccd4128000 JavaThread "Common-Cleaner" daemon [_thread_blocked, id=11314, stack(0x00007fccacf7e000,0x00007fccad07f000)]
  0x00007fccd47dd000 JavaThread "pool-1-thread-1" [_thread_blocked, id=11315, stack(0x00007fccac778000,0x00007fccac879000)]

Other Threads:
  0x00007fccd40b3000 VMThread "VM Thread" [stack: 0x00007fccaddfc000,0x00007fccadefc000] [id=11305]
  0x00007fccd4125800 WatcherThread [stack: 0x00007fccad081000,0x00007fccad181000] [id=11313]
  0x00007fccd402e000 GCTaskThread "GC Thread#0" [stack: 0x00007fccd95d9000,0x00007fccd96d9000] [id=11300]
  0x00007fcca4001000 GCTaskThread "GC Thread#1" [stack: 0x00007fccac678000,0x00007fccac778000] [id=11316]
  0x00007fcca4002800 GCTaskThread "GC Thread#2" [stack: 0x00007fccac576000,0x00007fccac676000] [id=11317]
  0x00007fcca4004000 GCTaskThread "GC Thread#3" [stack: 0x00007fccac474000,0x00007fccac574000] [id=11318]
  0x00007fccd4035000 ConcurrentGCThread "G1 Main Marker" [stack: 0x00007fccd8a6f000,0x00007fccd8b6f000] [id=11301]
  0x00007fccd4036800 ConcurrentGCThread "G1 Conc#0" [stack: 0x00007fccd896d000,0x00007fccd8a6d000] [id=11302]
  0x00007fccd408a800 ConcurrentGCThread "G1 Refine#0" [stack: 0x00007fccd8063000,0x00007fccd8163000] [id=11303]
  0x00007fccd408c800 ConcurrentGCThread "G1 Young RemSet Sampling" [stack: 0x00007fccbc802000,0x00007fccbc902000] [id=11304]

Threads with active compile tasks:
C2 CompilerThread0    353  831       4       java.util.jar.JarFile::getEntry0 (24 bytes)

VM state:not at safepoint (normal execution)

VM Mutex/Monitor currently owned by a thread: None

Heap address: 0x00000000fc000000, size: 64 MB, Compressed Oops mode: 32-bit
Narrow klass base: 0x0000000800000000, Narrow klass shift: 3
Compressed class space size: 1073741824 Address: 0x0000000840000000

Heap:
 garbage-first heap   total 65536K, used 8878K [0x00000000fc000000, 0x0000000100000000)
  region size 1024K, 4 young (4096K), 3 survivors (3072K)
 Metaspace       used 5176K, capacity 7500K, committed 7680K, reserved 1056768K
  class space    used 706K, capacity 948K, committed 1024K, reserved 1048576K
Heap Regions: E=young(eden), S=young(survivor), O=old, HS=humongous(starts), HC=humongous(continues), CS=collection set, F=free, A=archive, TAMS=top-at-mark-start (previous, next)
|   0|0x00000000fc000000, 0x00000000fc000000, 0x00000000fc100000|  0%| F|  |TAMS 0x00000000fc000000, 0x00000000fc000000| Untracked 
|   1|0x00000000fc100000, 0x00000000fc100000, 0x00000000fc200000|  0%| F|  |TAMS 0x00000000fc100000, 0x00000000fc100000| Untracked 
|   2|0x00000000fc200000, 0x00000000fc200000, 0x00000000fc300000|  0%| F|  |TAMS 0x00000000fc200000, 0x00000000fc200000| Untracked 
|   3|0x00000000fc300000, 0x00000000fc400000, 0x00000000fc400000|100%|HS|  |TAMS 0x00000000fc300000, 0x00000000fc300000| Complete 
|   4|0x00000000fc400000, 0x00000000fc500000, 0x00000000fc500000|100%|HC|  |TAMS 0x00000000fc400000, 0x00000000fc400000| Complete 
|   5|0x00000000fc500000, 0x00000000fc600000, 0x00000000fc600000|100%|HC|  |TAMS 0x00000000fc500000, 0x00000000fc500000| Complete 
|   6|0x00000000fc600000, 0x00000000fc700000, 0x00000000fc700000|100%| O|  |TAMS 0x00000000fc600000, 0x00000000fc600000| Untracked 
|   7|0x00000000fc700000, 0x00000000fc7faa00, 0x00000000fc800000| 97%| O|  |TAMS 0x00000000fc700000, 0x00000000fc700000| Untracked 
|   8|0x00000000fc800000, 0x00000000fc800000, 0x00000000fc900000|  0%| F|  |TAMS 0x00000000fc800000, 0x00000000fc800000| Untracked 
|   9|0x00000000fc900000, 0x00000000fc900000, 0x00000000fca00000|  0%| F|  |TAMS 0x00000000fc900000, 0x00000000fc900000| Untracked 
|  10|0x00000000fca00000, 0x00000000fca00000, 0x00000000fcb00000|  0%| F|  |TAMS 0x00000000fca00000, 0x00000000fca00000| Untracked 
|  11|0x00000000fcb00000, 0x00000000fcb00000, 0x00000000fcc00000|  0%| F|  |TAMS 0x00000000fcb00000, 0x00000000fcb00000| Untracked 
|  12|0x00000000fcc00000, 0x00000000fcc00000, 0x00000000fcd00000|  0%| F|  |TAMS 0x00000000fcc00000, 0x00000000fcc00000| Untracked 
|  13|0x00000000fcd00000, 0x00000000fcd00000, 0x00000000fce00000|  0%| F|  |TAMS 0x00000000fcd00000, 0x00000000fcd00000| Untracked 
|  14|0x00000000fce00000, 0x00000000fce00000, 0x00000000fcf00000|  0%| F|  |TAMS 0x00000000fce00000, 0x00000000fce00000| Untracked 
|  15|0x00000000fcf00000, 0x00000000fcf00000, 0x00000000fd000000|  0%| F|  |TAMS 0x00000000fcf00000, 0x00000000fcf00000| Untracked 
|  16|0x00000000fd000000, 0x00000000fd000000, 0x00000000fd100000|  0%| F|  |TAMS 0x00000000fd000000, 0x00000000fd000000| Untracked 
|  17|0x00000000fd100000, 0x00000000fd100000, 0x00000000fd200000|  0%| F|  |TAMS 0x00000000fd100000, 0x00000000fd100000| Untracked 
|  18|0x00000000fd200000, 0x00000000fd200000, 0x00000000fd300000|  0%| F|  |TAMS 0x00000000fd200000, 0x00000000fd200000| Untracked 
|  19|0x00000000fd300000, 0x00000000fd300000, 0x00000000fd400000|  0%| F|  |TAMS 0x00000000fd300000, 0x00000000fd300000| Untracked 
|  20|0x00000000fd400000, 0x00000000fd400000, 0x00000000fd500000|  0%| F|  |TAMS 0x00000000fd400000, 0x00000000fd400000| Untracked 
|  21|0x00000000fd500000, 0x00000000fd500000, 0x00000000fd600000|  0%| F|  |TAMS 0x00000000fd500000, 0x00000000fd500000| Untracked 
|  22|0x00000000fd600000, 0x00000000fd600000, 0x00000000fd700000|  0%| F|  |TAMS 0x00000000fd600000, 0x00000000fd600000| Untracked 
|  23|0x00000000fd700000, 0x00000000fd700000, 0x00000000fd800000|  0%| F|  |TAMS 0x00000000fd700000, 0x00000000fd700000| Untracked 
|  24|0x00000000fd800000, 0x00000000fd800000, 0x00000000fd900000|  0%| F|  |TAMS 0x00000000fd800000, 0x00000000fd800000| Untracked 
|  25|0x00000000fd900000, 0x00000000fd900000, 0x00000000fda00000|  0%| F|  |TAMS 0x00000000fd900000, 0x00000000fd900000| Untracked 
|  26|0x00000000fda00000, 0x00000000fda00000, 0x00000000fdb00000|  0%| F|  |TAMS 0x00000000fda00000, 0x00000000fda00000| Untracked 
|  27|0x00000000fdb00000, 0x00000000fdb00000, 0x00000000fdc00000|  0%| F|  |TAMS 0x00000000fdb00000, 0x00000000fdb00000| Untracked 
|  28|0x00000000fdc00000, 0x00000000fdc00000, 0x00000000fdd00000|  0%| F|  |TAMS 0x00000000fdc00000, 0x00000000fdc00000| Untracked 
|  29|0x00000000fdd00000, 0x00000000fdd00000, 0x00000000fde00000|  0%| F|  |TAMS 0x00000000fdd00000, 0x00000000fdd00000| Untracked 
|  30|0x00000000fde00000, 0x00000000fde00000, 0x00000000fdf00000|  0%| F|  |TAMS 0x00000000fde00000, 0x00000000fde00000| Untracked 
|  31|0x00000000fdf00000, 0x00000000fdf00000, 0x00000000fe000000|  0%| F|  |TAMS 0x00000000fdf00000, 0x00000000fdf00000| Untracked 
|  32|0x00000000fe000000, 0x00000000fe000000, 0x00000000fe100000|  0%| F|  |TAMS 0x00000000fe000000, 0x00000000fe000000| Untracked 
|  33|0x00000000fe100000, 0x00000000fe100000, 0x00000000fe200000|  0%| F|  |TAMS 0x00000000fe100000, 0x00000000fe100000| Untracked 
|  34|0x00000000fe200000, 0x00000000fe200000, 0x00000000fe300000|  0%| F|  |TAMS 0x00000000fe200000, 0x00000000fe200000| Untracked 
|  35|0x00000000fe300000, 0x00000000fe400000, 0x00000000fe400000|100%| S|CS|TAMS 0x00000000fe300000, 0x00000000fe300000| Complete 
|  36|0x00000000fe400000, 0x00000000fe500000, 0x00000000fe500000|100%| S|CS|TAMS 0x00000000fe400000, 0x00000000fe400000| Complete 
|  37|0x00000000fe500000, 0x00000000fe600000, 0x00000000fe600000|100%| S|CS|TAMS 0x00000000fe500000, 0x00000000fe500000| Complete 
|  38|0x00000000fe600000, 0x00000000fe600000, 0x00000000fe700000|  0%| F|  |TAMS 0x00000000fe600000, 0x00000000fe600000| Untracked 
|  39|0x00000000fe700000, 0x00000000fe700000, 0x00000000fe800000|  0%| F|  |TAMS 0x00000000fe700000, 0x00000000fe700000| Untracked 
|  40|0x00000000fe800000, 0x00000000fe800000, 0x00000000fe900000|  0%| F|  |TAMS 0x00000000fe800000, 0x00000000fe800000| Untracked 
|  41|0x00000000fe900000, 0x00000000fe900000, 0x00000000fea00000|  0%| F|  |TAMS 0x00000000fe900000, 0x00000000fe900000| Untracked 
|  42|0x00000000fea00000, 0x00000000fea00000, 0x00000000feb00000|  0%| F|  |TAMS 0x00000000fea00000, 0x00000000fea00000| Untracked 
|  43|0x00000000feb00000, 0x00000000feb00000, 0x00000000fec00000|  0%| F|  |TAMS 0x00000000feb00000, 0x00000000feb00000| Untracked 
|  44|0x00000000fec00000, 0x00000000fec00000, 0x00000000fed00000|  0%| F|  |TAMS 0x00000000fec00000, 0x00000000fec00000| Untracked 
|  45|0x00000000fed00000, 0x00000000fed00000, 0x00000000fee00000|  0%| F|  |TAMS 0x00000000fed00000, 0x00000000fed00000| Untracked 
|  46|0x00000000fee00000, 0x00000000fee00000, 0x00000000fef00000|  0%| F|  |TAMS 0x00000000fee00000, 0x00000000fee00000| Untracked 
|  47|0x00000000fef00000, 0x00000000fef00000, 0x00000000ff000000|  0%| F|  |TAMS 0x00000000fef00000, 0x00000000fef00000| Untracked 
|  48|0x00000000ff000000, 0x00000000ff000000, 0x00000000ff100000|  0%| F|  |TAMS 0x00000000ff000000, 0x00000000ff000000| Untracked 
|  49|0x00000000ff100000, 0x00000000ff100000, 0x00000000ff200000|  0%| F|  |TAMS 0x00000000ff100000, 0x00000000ff100000| Untracked 
|  50|0x00000000ff200000, 0x00000000ff200000, 0x00000000ff300000|  0%| F|  |TAMS 0x00000000ff200000, 0x00000000ff200000| Untracked 
|  51|0x00000000ff300000, 0x00000000ff300000, 0x00000000ff400000|  0%| F|  |TAMS 0x00000000ff300000, 0x00000000ff300000| Untracked 
|  52|0x00000000ff400000, 0x00000000ff400000, 0x00000000ff500000|  0%| F|  |TAMS 0x00000000ff400000, 0x00000000ff400000| Untracked 
|  53|0x00000000ff500000, 0x00000000ff500000, 0x00000000ff600000|  0%| F|  |TAMS 0x00000000ff500000, 0x00000000ff500000| Untracked 
|  54|0x00000000ff600000, 0x00000000ff600000, 0x00000000ff700000|  0%| F|  |TAMS 0x00000000ff600000, 0x00000000ff600000| Untracked 
|  55|0x00000000ff700000, 0x00000000ff700000, 0x00000000ff800000|  0%| F|  |TAMS 0x00000000ff700000, 0x00000000ff700000| Untracked 
|  56|0x00000000ff800000, 0x00000000ff800000, 0x00000000ff900000|  0%| F|  |TAMS 0x00000000ff800000, 0x00000000ff800000| Untracked 
|  57|0x00000000ff900000, 0x00000000ff900000, 0x00000000ffa00000|  0%| F|  |TAMS 0x00000000ff900000, 0x00000000ff900000| Untracked 
|  58|0x00000000ffa00000, 0x00000000ffa00000, 0x00000000ffb00000|  0%| F|  |TAMS 0x00000000ffa00000, 0x00000000ffa00000| Untracked 
|  59|0x00000000ffb00000, 0x00000000ffb00000, 0x00000000ffc00000|  0%| F|  |TAMS 0x00000000ffb00000, 0x00000000ffb00000| Untracked 
|  60|0x00000000ffc00000, 0x00000000ffc00000, 0x00000000ffd00000|  0%| F|  |TAMS 0x00000000ffc00000, 0x00000000ffc00000| Untracked 
|  61|0x00000000ffd00000, 0x00000000ffe00000, 0x00000000ffe00000|100%| E|  |TAMS 0x00000000ffd00000, 0x00000000ffd00000| Complete 
|  62|0x00000000ffe00000, 0x00000000ffe47000, 0x00000000fff00000| 27%|OA|  |TAMS 0x00000000ffe00000, 0x00000000ffe00000| Untracked 
|  63|0x00000000fff00000, 0x00000000fff6a000, 0x0000000100000000| 41%|CA|  |TAMS 0x00000000fff00000, 0x00000000fff00000| Untracked 

Card table byte_map: [0x00007fccd8d8f000,0x00007fccd8daf000] _byte_map_base: 0x00007fccd85af000

Marking Bits (Prev, Next): (CMBitMap*) 0x00007fccd4033998, (CMBitMap*) 0x00007fccd40339d0
 Prev Bits: [0x00007fccd8c6f000, 0x00007fccd8d6f000)
 Next Bits: [0x00007fccd8b6f000, 0x00007fccd8c6f000)

Polling page: 0x00007fccdb137000

Metaspace:

Usage:
  Non-class:      6,40 MB capacity,     4,37 MB ( 68%) used,     2,02 MB ( 32%) free+waste,     9,19 KB ( <1%) overhead. 
      Class:    948,00 KB capacity,   706,48 KB ( 75%) used,   236,09 KB ( 25%) free+waste,     5,44 KB ( <1%) overhead. 
       Both:      7,32 MB capacity,     5,06 MB ( 69%) used,     2,25 MB ( 31%) free+waste,    14,62 KB ( <1%) overhead. 

Virtual space:
  Non-class space:        8,00 MB reserved,       6,50 MB ( 81%) committed 
      Class space:        1,00 GB reserved,       1,00 MB ( <1%) committed 
             Both:        1,01 GB reserved,       7,50 MB ( <1%) committed 

Chunk freelists:
   Non-Class:  40,00 KB
       Class:  12,00 KB
        Both:  52,00 KB

MaxMetaspaceSize: unlimited
CompressedClassSpaceSize: 1,00 GB

CodeHeap 'non-profiled nmethods': size=120032Kb used=279Kb max_used=279Kb free=119752Kb
 bounds [0x00007fccc43ca000, 0x00007fccc463a000, 0x00007fcccb902000]
CodeHeap 'profiled nmethods': size=120028Kb used=1648Kb max_used=1648Kb free=118379Kb
 bounds [0x00007fccbce93000, 0x00007fccbd103000, 0x00007fccc43ca000]
CodeHeap 'non-nmethods': size=5700Kb used=1069Kb max_used=1090Kb free=4630Kb
 bounds [0x00007fccbc902000, 0x00007fccbcb72000, 0x00007fccbce93000]
 total_blobs=1228 nmethods=848 adapters=293
 compilation: enabled
              stopped_count=0, restarted_count=0
 full_count=0

Compilation events (20 events):
Event: 0,303 Thread 0x00007fccd40ca000  842       3       java.util.regex.Pattern$BmpCharPredicate$$Lambda$5/0x0000000840062840::is (13 bytes)
Event: 0,304 Thread 0x00007fccd40ca000 nmethod 842 0x00007fccbd02bd90 code [0x00007fccbd02bf80, 0x00007fccbd02c3b0]
Event: 0,304 Thread 0x00007fccd40ca000  843       3       java.util.regex.Pattern$BmpCharPredicate::lambda$union$2 (26 bytes)
Event: 0,304 Thread 0x00007fccd40ca000 nmethod 843 0x00007fccbd02c510 code [0x00007fccbd02c6e0, 0x00007fccbd02ca30]
Event: 0,304 Thread 0x00007fccd40ca000  840       3       java.util.regex.CharPredicates::lambda$ctype$14 (21 bytes)
Event: 0,304 Thread 0x00007fccd40ca000 nmethod 840 0x00007fccbd02cb10 code [0x00007fccbd02cce0, 0x00007fccbd02cff0]
Event: 0,304 Thread 0x00007fccd40ca000  845       3       java.util.HashMap$HashIterator::<init> (79 bytes)
Event: 0,304 Thread 0x00007fccd40ca000 nmethod 845 0x00007fccbd02d110 code [0x00007fccbd02d2e0, 0x00007fccbd02d710]
Event: 0,304 Thread 0x00007fccd40ca000  844       3       java.util.HashMap$KeyIterator::next (8 bytes)
Event: 0,304 Thread 0x00007fccd40ca000 nmethod 844 0x00007fccbd02d890 code [0x00007fccbd02da40, 0x00007fccbd02db80]
Event: 0,326 Thread 0x00007fccd40ca000  847       3       jdk.internal.org.objectweb.asm.ByteVector::putInt (74 bytes)
Event: 0,326 Thread 0x00007fccd40ca000 nmethod 847 0x00007fccbd02dc90 code [0x00007fccbd02de60, 0x00007fccbd02e0c0]
Event: 0,326 Thread 0x00007fccd40ca000  848       3       java.lang.invoke.MemberName::flagsMods (72 bytes)
Event: 0,326 Thread 0x00007fccd40ca000 nmethod 848 0x00007fccbd02e210 code [0x00007fccbd02e3c0, 0x00007fccbd02e4d0]
Event: 0,326 Thread 0x00007fccd40ca000  849       3       java.lang.invoke.MemberName::init (66 bytes)
Event: 0,327 Thread 0x00007fccd40ca000 nmethod 849 0x00007fccbd02e590 code [0x00007fccbd02e740, 0x00007fccbd02e990]
Event: 0,327 Thread 0x00007fccd40ca000  850       3       java.lang.invoke.MethodHandles$Lookup::lookupClassOrNull (17 bytes)
Event: 0,327 Thread 0x00007fccd40ca000 nmethod 850 0x00007fccbd02ea10 code [0x00007fccbd02ebc0, 0x00007fccbd02ed50]
Event: 0,327 Thread 0x00007fccd40ca000  852       3       jdk.internal.org.objectweb.asm.ClassWriter::newClass (11 bytes)
Event: 0,327 Thread 0x00007fccd40ca000 nmethod 852 0x00007fccbd02ee10 code [0x00007fccbd02efc0, 0x00007fccbd02f120]

GC Heap History (2 events):
Event: 0,309 GC heap before
{Heap before GC invocations=0 (full 0):
 garbage-first heap   total 65536K, used 30404K [0x00000000fc000000, 0x0000000100000000)
  region size 1024K, 24 young (24576K), 0 survivors (0K)
 Metaspace       used 4954K, capacity 7328K, committed 7680K, reserved 1056768K
  class space    used 672K, capacity 912K, committed 1024K, reserved 1048576K
}
Event: 0,317 GC heap after
{Heap after GC invocations=1 (full 0):
 garbage-first heap   total 65536K, used 8878K [0x00000000fc000000, 0x0000000100000000)
  region size 1024K, 3 young (3072K), 3 survivors (3072K)
 Metaspace       used 4954K, capacity 7328K, committed 7680K, reserved 1056768K
  class space    used 672K, capacity 912K, committed 1024K, reserved 1048576K
}

Deoptimization events (20 events):
Event: 0,233 Thread 0x00007fccd4016000 Uncommon trap: trap_request=0xffffffde fr.pc=0x00007fccc43debc4 relative=0x0000000000000444
Event: 0,233 Thread 0x00007fccd4016000 Uncommon trap: reason=class_check action=maybe_recompile pc=0x00007fccc43debc4 method=java.util.regex.Matcher.match(II)Z @ 121 c2
Event: 0,233 Thread 0x00007fccd4016000 DEOPT PACKING pc=0x00007fccc43debc4 sp=0x00007fccd9a27570
Event: 0,233 Thread 0x00007fccd4016000 DEOPT UNPACKING pc=0x00007fccbc928825 sp=0x00007fccd9a27518 mode 2
Event: 0,234 Thread 0x00007fccd4016000 Uncommon trap: trap_request=0xffffffde fr.pc=0x00007fccc43debc4 relative=0x0000000000000444
Event: 0,234 Thread 0x00007fccd4016000 Uncommon trap: reason=class_check action=maybe_recompile pc=0x00007fccc43debc4 method=java.util.regex.Matcher.match(II)Z @ 121 c2
Event: 0,234 Thread 0x00007fccd4016000 DEOPT PACKING pc=0x00007fccc43debc4 sp=0x00007fccd9a27570
Event: 0,234 Thread 0x00007fccd4016000 DEOPT UNPACKING pc=0x00007fccbc928825 sp=0x00007fccd9a27518 mode 2
Event: 0,252 Thread 0x00007fccd4016000 Uncommon trap: trap_request=0xffffff4d fr.pc=0x00007fccc43d0cbc relative=0x000000000000007c
Event: 0,252 Thread 0x00007fccd4016000 Uncommon trap: reason=unstable_if action=reinterpret pc=0x00007fccc43d0cbc method=java.lang.String.isLatin1()Z @ 10 c2
Event: 0,252 Thread 0x00007fccd4016000 DEOPT PACKING pc=0x00007fccc43d0cbc sp=0x00007fccd9a27190
Event: 0,252 Thread 0x00007fccd4016000 DEOPT UNPACKING pc=0x00007fccbc928825 sp=0x00007fccd9a270f0 mode 2
Event: 0,252 Thread 0x00007fccd4016000 Uncommon trap: trap_request=0xffffff4d fr.pc=0x00007fccc43d4888 relative=0x0000000000000068
Event: 0,252 Thread 0x00007fccd4016000 Uncommon trap: reason=unstable_if action=reinterpret pc=0x00007fccc43d4888 method=java.lang.String.isLatin1()Z @ 10 c2
Event: 0,252 Thread 0x00007fccd4016000 DEOPT PACKING pc=0x00007fccc43d4888 sp=0x00007fccd9a27120
Event: 0,252 Thread 0x00007fccd4016000 DEOPT UNPACKING pc=0x00007fccbc928825 sp=0x00007fccd9a270d0 mode 2
Event: 0,286 Thread 0x00007fccd4016000 DEOPT PACKING pc=0x00007fccbcecd497 sp=0x00007fccd9a23f50
Event: 0,286 Thread 0x00007fccd4016000 DEOPT UNPACKING pc=0x00007fccbc92863a sp=0x00007fccd9a23440 mode 0
Event: 0,297 Thread 0x00007fccd4016000 DEOPT PACKING pc=0x00007fccbcecd497 sp=0x00007fccd9a244f0
Event: 0,297 Thread 0x00007fccd4016000 DEOPT UNPACKING pc=0x00007fccbc92863a sp=0x00007fccd9a239e0 mode 0

Classes redefined (0 events):
No events

Internal exceptions (9 events):
Event: 0,062 Thread 0x00007fccd4016000 Exception <a 'java/lang/NoSuchMethodError'{0x00000000ffbab2a8}: 'int java.lang.invoke.DirectMethodHandle$Holder.invokeStaticInit(java.lang.Object, java.lang.Object)'> (0x00000000ffbab2a8) thrown at [src/hotspot/share/interpreter/linkResolver.cpp, line 772]
Event: 0,072 Thread 0x00007fccd4016000 Exception <a 'java/lang/NoSuchMethodError'{0x00000000ffa6fa58}: 'int java.lang.invoke.DirectMethodHandle$Holder.invokeSpecial(java.lang.Object, java.lang.Object, java.lang.Object, java.lang.Object)'> (0x00000000ffa6fa58) thrown at [src/hotspot/share/interpreter/linkResolver.cpp, line 772]
Event: 0,074 Thread 0x00007fccd4016000 Exception <a 'java/lang/NoSuchMethodError'{0x00000000ffaa48b0}: 'int java.lang.invoke.DirectMethodHandle$Holder.invokeSpecialIFC(java.lang.Object, java.lang.Object, int)'> (0x00000000ffaa48b0) thrown at [src/hotspot/share/interpreter/linkResolver.cpp, line 772]
Event: 0,243 Thread 0x00007fccd4016000 Exception <a 'java/lang/NoSuchMethodError'{0x00000000fecd5038}: 'java.lang.Object java.lang.invoke.DirectMethodHandle$Holder.invokeVirtual(java.lang.Object, java.lang.Object, java.lang.Object, java.lang.Object, java.lang.Object)'> (0x00000000fecd5038) thrown at [src/hotspot/share/interpreter/linkResolver.cpp, line 772]
Event: 0,257 Thread 0x00007fccd4016000 Exception <a 'java/lang/UnsatisfiedLinkError'{0x00000000febdbb98}> (0x00000000febdbb98) thrown at [src/hotspot/share/prims/jvm.cpp, line 3448]
Event: 0,257 Thread 0x00007fccd4016000 Exception <a 'java/lang/UnsatisfiedLinkError'{0x00000000febdbb98}> (0x00000000febdbb98) thrown at [src/hotspot/share/prims/jni.cpp, line 615]
Event: 0,276 Thread 0x00007fccd4016000 Exception <a 'java/lang/NoClassDefFoundError'{0x00000000fe9b55d8}: org/slf4j/impl/StaticMarkerBinder> (0x00000000fe9b55d8) thrown at [src/hotspot/share/classfile/systemDictionary.cpp, line 220]
Event: 0,291 Thread 0x00007fccd4016000 Exception <a 'java/lang/NoSuchMethodError'{0x00000000fe766d20}: 'java.lang.Object java.lang.invoke.Invokers$Holder.invoker(java.lang.Object, java.lang.Object, java.lang.Object, java.lang.Object, java.lang.Object)'> (0x00000000fe766d20) thrown at [src/hotspot/share/interpreter/linkResolver.cpp, line 772]
Event: 0,293 Thread 0x00007fccd4016000 Exception <a 'java/lang/NoSuchMethodError'{0x00000000fe777698}: 'void java.lang.invoke.DelegatingMethodHandle$Holder.delegate(java.lang.Object, java.lang.Object, int, java.lang.Object)'> (0x00000000fe777698) thrown at [src/hotspot/share/interpreter/linkResolver.cpp, line 772]

Events (20 events):
Event: 0,325 loading class java/util/TreeMap$Entry done
Event: 0,325 loading class org/gradle/process/internal/CurrentProcess
Event: 0,325 loading class org/gradle/process/internal/CurrentProcess done
Event: 0,325 loading class java/lang/management/ManagementFactory
Event: 0,325 loading class java/lang/management/ManagementFactory done
Event: 0,326 Loaded shared library /usr/lib/jvm/java-11-openjdk-amd64/lib/libmanagement.so
Event: 0,326 loading class java/lang/management/RuntimeMXBean
Event: 0,326 loading class java/lang/management/PlatformManagedObject
Event: 0,326 loading class java/lang/management/PlatformManagedObject done
Event: 0,326 loading class java/lang/management/RuntimeMXBean done
Event: 0,326 loading class java/lang/management/ManagementFactory$PlatformMBeanFinder
Event: 0,326 loading class java/lang/management/ManagementFactory$PlatformMBeanFinder done
Event: 0,326 loading class sun/management/spi/PlatformMBeanProvider
Event: 0,326 loading class sun/management/spi/PlatformMBeanProvider done
Event: 0,326 loading class java/lang/invoke/DirectMethodHandle$Interface
Event: 0,326 loading class java/lang/invoke/DirectMethodHandle$Interface done
Event: 0,327 loading class jdk/management/jfr/internal/FlightRecorderMXBeanProvider
Event: 0,327 loading class jdk/management/jfr/internal/FlightRecorderMXBeanProvider done
Event: 0,327 loading class com/sun/management/internal/PlatformMBeanProviderImpl
Event: 0,327 loading class com/sun/management/internal/PlatformMBeanProviderImpl done


Dynamic libraries:
fc000000-ffe00000 rw-p 00000000 00:00 0 
ffe00000-ffe47000 rw-p 0110e000 08:02 121245572                          /usr/lib/jvm/java-11-openjdk-amd64/lib/server/classes.jsa
ffe47000-fff00000 rw-p 00000000 00:00 0 
fff00000-fff6a000 rw-p 010a4000 08:02 121245572                          /usr/lib/jvm/java-11-openjdk-amd64/lib/server/classes.jsa
fff6a000-100000000 rw-p 00000000 00:00 0 
800000000-800002000 rwxp 00001000 08:02 121245572                        /usr/lib/jvm/java-11-openjdk-amd64/lib/server/classes.jsa
800002000-8003b9000 rw-p 00003000 08:02 121245572                        /usr/lib/jvm/java-11-openjdk-amd64/lib/server/classes.jsa
8003b9000-800a95000 r--p 003ba000 08:02 121245572                        /usr/lib/jvm/java-11-openjdk-amd64/lib/server/classes.jsa
800a95000-800a96000 rw-p 00a96000 08:02 121245572                        /usr/lib/jvm/java-11-openjdk-amd64/lib/server/classes.jsa
800a96000-8010a3000 r--p 00a97000 08:02 121245572                        /usr/lib/jvm/java-11-openjdk-amd64/lib/server/classes.jsa
840000000-840100000 rw-p 00000000 00:00 0 
840100000-880000000 ---p 00000000 00:00 0 
55fbe7454000-55fbe7455000 r--p 00000000 08:02 120717876                  /usr/lib/jvm/java-11-openjdk-amd64/bin/java
55fbe7455000-55fbe7456000 r-xp 00001000 08:02 120717876                  /usr/lib/jvm/java-11-openjdk-amd64/bin/java
55fbe7456000-55fbe7457000 r--p 00002000 08:02 120717876                  /usr/lib/jvm/java-11-openjdk-amd64/bin/java
55fbe7457000-55fbe7458000 r--p 00002000 08:02 120717876                  /usr/lib/jvm/java-11-openjdk-amd64/bin/java
55fbe7458000-55fbe7459000 rw-p 00003000 08:02 120717876                  /usr/lib/jvm/java-11-openjdk-amd64/bin/java
55fbe8ede000-55fbe8eff000 rw-p 00000000 00:00 0                          [heap]
7fcc68000000-7fcc68021000 rw-p 00000000 00:00 0 
7fcc68021000-7fcc6c000000 ---p 00000000 00:00 0 
7fcc70000000-7fcc70021000 rw-p 00000000 00:00 0 
7fcc70021000-7fcc74000000 ---p 00000000 00:00 0 
7fcc74000000-7fcc74021000 rw-p 00000000 00:00 0 
7fcc74021000-7fcc78000000 ---p 00000000 00:00 0 
7fcc78000000-7fcc78021000 rw-p 00000000 00:00 0 
7fcc78021000-7fcc7c000000 ---p 00000000 00:00 0 
7fcc7c000000-7fcc7c021000 rw-p 00000000 00:00 0 
7fcc7c021000-7fcc80000000 ---p 00000000 00:00 0 
7fcc80000000-7fcc80021000 rw-p 00000000 00:00 0 
7fcc80021000-7fcc84000000 ---p 00000000 00:00 0 
7fcc84000000-7fcc84021000 rw-p 00000000 00:00 0 
7fcc84021000-7fcc88000000 ---p 00000000 00:00 0 
7fcc88000000-7fcc8849c000 rw-p 00000000 00:00 0 
7fcc8849c000-7fcc8c000000 ---p 00000000 00:00 0 
7fcc8c000000-7fcc8c021000 rw-p 00000000 00:00 0 
7fcc8c021000-7fcc90000000 ---p 00000000 00:00 0 
7fcc90000000-7fcc90021000 rw-p 00000000 00:00 0 
7fcc90021000-7fcc94000000 ---p 00000000 00:00 0 
7fcc94000000-7fcc94522000 rw-p 00000000 00:00 0 
7fcc94522000-7fcc98000000 ---p 00000000 00:00 0 
7fcc98000000-7fcc98021000 rw-p 00000000 00:00 0 
7fcc98021000-7fcc9c000000 ---p 00000000 00:00 0 
7fcc9c000000-7fcc9c021000 rw-p 00000000 00:00 0 
7fcc9c021000-7fcca0000000 ---p 00000000 00:00 0 
7fcca0000000-7fcca0021000 rw-p 00000000 00:00 0 
7fcca0021000-7fcca4000000 ---p 00000000 00:00 0 
7fcca4000000-7fcca4021000 rw-p 00000000 00:00 0 
7fcca4021000-7fcca8000000 ---p 00000000 00:00 0 
7fcca8000000-7fcca8021000 rw-p 00000000 00:00 0 
7fcca8021000-7fccac000000 ---p 00000000 00:00 0 
7fccac472000-7fccac473000 ---p 00000000 00:00 0 
7fccac473000-7fccac574000 rw-p 00000000 00:00 0 
7fccac574000-7fccac575000 ---p 00000000 00:00 0 
7fccac575000-7fccac676000 rw-p 00000000 00:00 0 
7fccac676000-7fccac677000 ---p 00000000 00:00 0 
7fccac677000-7fccac778000 rw-p 00000000 00:00 0 
7fccac778000-7fccac77c000 ---p 00000000 00:00 0 
7fccac77c000-7fccac879000 rw-p 00000000 00:00 0 
7fccac879000-7fccac87a000 r--p 00000000 08:02 120588489                  /usr/lib/x86_64-linux-gnu/libutil-2.31.so
7fccac87a000-7fccac87b000 r-xp 00001000 08:02 120588489                  /usr/lib/x86_64-linux-gnu/libutil-2.31.so
7fccac87b000-7fccac87c000 r--p 00002000 08:02 120588489                  /usr/lib/x86_64-linux-gnu/libutil-2.31.so
7fccac87c000-7fccac87d000 r--p 00002000 08:02 120588489                  /usr/lib/x86_64-linux-gnu/libutil-2.31.so
7fccac87d000-7fccac87e000 rw-p 00003000 08:02 120588489                  /usr/lib/x86_64-linux-gnu/libutil-2.31.so
7fccac87e000-7fccac881000 r-xp 00000000 08:02 44307500                   /home/rubem/.gradle/native/jansi/1.18/linux64/libjansi.so
7fccac881000-7fccaca80000 ---p 00003000 08:02 44307500                   /home/rubem/.gradle/native/jansi/1.18/linux64/libjansi.so
7fccaca80000-7fccaca81000 rw-p 00002000 08:02 44307500                   /home/rubem/.gradle/native/jansi/1.18/linux64/libjansi.so
7fccaca81000-7fccaca8f000 r--p 00000000 08:02 120595111                  /usr/lib/x86_64-linux-gnu/libtinfo.so.6.2
7fccaca8f000-7fccaca9e000 r-xp 0000e000 08:02 120595111                  /usr/lib/x86_64-linux-gnu/libtinfo.so.6.2
7fccaca9e000-7fccacaac000 r--p 0001d000 08:02 120595111                  /usr/lib/x86_64-linux-gnu/libtinfo.so.6.2
7fccacaac000-7fccacab0000 r--p 0002a000 08:02 120595111                  /usr/lib/x86_64-linux-gnu/libtinfo.so.6.2
7fccacab0000-7fccacab1000 rw-p 0002e000 08:02 120595111                  /usr/lib/x86_64-linux-gnu/libtinfo.so.6.2
7fccacab1000-7fccacab9000 r--p 00000000 08:02 120594636                  /usr/lib/x86_64-linux-gnu/libncursesw.so.6.2
7fccacab9000-7fccacae0000 r-xp 00008000 08:02 120594636                  /usr/lib/x86_64-linux-gnu/libncursesw.so.6.2
7fccacae0000-7fccacae9000 r--p 0002f000 08:02 120594636                  /usr/lib/x86_64-linux-gnu/libncursesw.so.6.2
7fccacae9000-7fccacaea000 r--p 00037000 08:02 120594636                  /usr/lib/x86_64-linux-gnu/libncursesw.so.6.2
7fccacaea000-7fccacaeb000 rw-p 00038000 08:02 120594636                  /usr/lib/x86_64-linux-gnu/libncursesw.so.6.2
7fccacaf3000-7fccacaf5000 r--p 00000000 08:02 121245482                  /usr/lib/jvm/java-11-openjdk-amd64/lib/libmanagement_ext.so
7fccacaf5000-7fccacaf8000 r-xp 00002000 08:02 121245482                  /usr/lib/jvm/java-11-openjdk-amd64/lib/libmanagement_ext.so
7fccacaf8000-7fccacaf9000 r--p 00005000 08:02 121245482                  /usr/lib/jvm/java-11-openjdk-amd64/lib/libmanagement_ext.so
7fccacaf9000-7fccacafa000 ---p 00006000 08:02 121245482                  /usr/lib/jvm/java-11-openjdk-amd64/lib/libmanagement_ext.so
7fccacafa000-7fccacafc000 rw-p 00006000 08:02 121245482                  /usr/lib/jvm/java-11-openjdk-amd64/lib/libmanagement_ext.so
7fccacafc000-7fccacaff000 r--p 00000000 08:02 121245480                  /usr/lib/jvm/java-11-openjdk-amd64/lib/libmanagement.so
7fccacaff000-7fccacb00000 r-xp 00003000 08:02 121245480                  /usr/lib/jvm/java-11-openjdk-amd64/lib/libmanagement.so
7fccacb00000-7fccacb01000 r--p 00004000 08:02 121245480                  /usr/lib/jvm/java-11-openjdk-amd64/lib/libmanagement.so
7fccacb01000-7fccacb02000 r--p 00004000 08:02 121245480                  /usr/lib/jvm/java-11-openjdk-amd64/lib/libmanagement.so
7fccacb02000-7fccacb03000 rw-p 00005000 08:02 121245480                  /usr/lib/jvm/java-11-openjdk-amd64/lib/libmanagement.so
7fccacb03000-7fccacb07000 r-xp 00000000 08:02 44438903                   /home/rubem/.gradle/native/36/linux-amd64-ncurses6/libnative-platform-curses.so
7fccacb07000-7fccacd06000 ---p 00004000 08:02 44438903                   /home/rubem/.gradle/native/36/linux-amd64-ncurses6/libnative-platform-curses.so
7fccacd06000-7fccacd07000 r--p 00003000 08:02 44438903                   /home/rubem/.gradle/native/36/linux-amd64-ncurses6/libnative-platform-curses.so
7fccacd07000-7fccacd08000 rw-p 00004000 08:02 44438903                   /home/rubem/.gradle/native/36/linux-amd64-ncurses6/libnative-platform-curses.so
7fccacd08000-7fccacd2e000 r--p 00000000 08:02 1314938                    /usr/share/locale-langpack/pt_BR/LC_MESSAGES/libc.mo
7fccacd2e000-7fccacd33000 r-xp 00000000 08:02 44178098                   /home/rubem/.gradle/native/36/linux-amd64/libnative-platform.so
7fccacd33000-7fccacf33000 ---p 00005000 08:02 44178098                   /home/rubem/.gradle/native/36/linux-amd64/libnative-platform.so
7fccacf33000-7fccacf34000 rw-p 00005000 08:02 44178098                   /home/rubem/.gradle/native/36/linux-amd64/libnative-platform.so
7fccacf34000-7fccacf65000 rw-p 00000000 00:00 0 
7fccacf65000-7fccacf69000 r--p 00000000 08:02 121245484                  /usr/lib/jvm/java-11-openjdk-amd64/lib/libnet.so
7fccacf69000-7fccacf78000 r-xp 00004000 08:02 121245484                  /usr/lib/jvm/java-11-openjdk-amd64/lib/libnet.so
7fccacf78000-7fccacf7c000 r--p 00013000 08:02 121245484                  /usr/lib/jvm/java-11-openjdk-amd64/lib/libnet.so
7fccacf7c000-7fccacf7d000 r--p 00016000 08:02 121245484                  /usr/lib/jvm/java-11-openjdk-amd64/lib/libnet.so
7fccacf7d000-7fccacf7e000 rw-p 00017000 08:02 121245484                  /usr/lib/jvm/java-11-openjdk-amd64/lib/libnet.so
7fccacf7e000-7fccacf82000 ---p 00000000 00:00 0 
7fccacf82000-7fccad07f000 rw-p 00000000 00:00 0 
7fccad07f000-7fccad080000 ---p 00000000 00:00 0 
7fccad080000-7fccad181000 rw-p 00000000 00:00 0 
7fccad181000-7fccad185000 ---p 00000000 00:00 0 
7fccad185000-7fccad282000 rw-p 00000000 00:00 0 
7fccad282000-7fccad286000 ---p 00000000 00:00 0 
7fccad286000-7fccad383000 rw-p 00000000 00:00 0 
7fccad383000-7fccad387000 ---p 00000000 00:00 0 
7fccad387000-7fccad484000 rw-p 00000000 00:00 0 
7fccad484000-7fccad488000 ---p 00000000 00:00 0 
7fccad488000-7fccad585000 rw-p 00000000 00:00 0 
7fccad585000-7fccad589000 ---p 00000000 00:00 0 
7fccad589000-7fccad686000 rw-p 00000000 00:00 0 
7fccad686000-7fccadbf8000 r--p 00000000 08:02 120587586                  /usr/lib/locale/locale-archive
7fccadbf8000-7fccadbfc000 ---p 00000000 00:00 0 
7fccadbfc000-7fccadcf9000 rw-p 00000000 00:00 0 
7fccadcf9000-7fccadcfd000 ---p 00000000 00:00 0 
7fccadcfd000-7fccaddfa000 rw-p 00000000 00:00 0 
7fccaddfa000-7fccaddfb000 ---p 00000000 00:00 0 
7fccaddfb000-7fccb0000000 rw-p 00000000 00:00 0 
7fccb0000000-7fccb0021000 rw-p 00000000 00:00 0 
7fccb0021000-7fccb4000000 ---p 00000000 00:00 0 
7fccb4000000-7fccb4021000 rw-p 00000000 00:00 0 
7fccb4021000-7fccb8000000 ---p 00000000 00:00 0 
7fccb8000000-7fccb8021000 rw-p 00000000 00:00 0 
7fccb8021000-7fccbc000000 ---p 00000000 00:00 0 
7fccbc000000-7fccbc680000 rw-p 00000000 00:00 0 
7fccbc680000-7fccbc800000 ---p 00000000 00:00 0 
7fccbc800000-7fccbc801000 ---p 00000000 00:00 0 
7fccbc801000-7fccbc902000 rw-p 00000000 00:00 0 
7fccbc902000-7fccbcb72000 rwxp 00000000 00:00 0 
7fccbcb72000-7fccbce93000 ---p 00000000 00:00 0 
7fccbce93000-7fccbd103000 rwxp 00000000 00:00 0 
7fccbd103000-7fccc43ca000 ---p 00000000 00:00 0 
7fccc43ca000-7fccc463a000 rwxp 00000000 00:00 0 
7fccc463a000-7fcccb902000 ---p 00000000 00:00 0 
7fcccb902000-7fccd4000000 r--s 00000000 08:02 121245494                  /usr/lib/jvm/java-11-openjdk-amd64/lib/modules
7fccd4000000-7fccd4867000 rw-p 00000000 00:00 0 
7fccd4867000-7fccd8000000 ---p 00000000 00:00 0 
7fccd8004000-7fccd800b000 r--s 00000000 08:02 121116556                  /usr/lib/x86_64-linux-gnu/gconv/gconv-modules.cache
7fccd800b000-7fccd8012000 r--p 00000000 08:02 121245485                  /usr/lib/jvm/java-11-openjdk-amd64/lib/libnio.so
7fccd8012000-7fccd801a000 r-xp 00007000 08:02 121245485                  /usr/lib/jvm/java-11-openjdk-amd64/lib/libnio.so
7fccd801a000-7fccd801d000 r--p 0000f000 08:02 121245485                  /usr/lib/jvm/java-11-openjdk-amd64/lib/libnio.so
7fccd801d000-7fccd801e000 r--p 00011000 08:02 121245485                  /usr/lib/jvm/java-11-openjdk-amd64/lib/libnio.so
7fccd801e000-7fccd801f000 rw-p 00012000 08:02 121245485                  /usr/lib/jvm/java-11-openjdk-amd64/lib/libnio.so
7fccd801f000-7fccd8061000 rw-p 00000000 00:00 0 
7fccd8061000-7fccd8062000 ---p 00000000 00:00 0 
7fccd8062000-7fccd896b000 rw-p 00000000 00:00 0 
7fccd896b000-7fccd896c000 ---p 00000000 00:00 0 
7fccd896c000-7fccd8a6d000 rw-p 00000000 00:00 0 
7fccd8a6d000-7fccd8a6e000 ---p 00000000 00:00 0 
7fccd8a6e000-7fccd8d8f000 rw-p 00000000 00:00 0 
7fccd8d8f000-7fccd95d7000 rw-p 00000000 00:00 0 
7fccd95d7000-7fccd95d8000 ---p 00000000 00:00 0 
7fccd95d8000-7fccd96de000 rw-p 00000000 00:00 0 
7fccd96de000-7fccd97c4000 ---p 00000000 00:00 0 
7fccd97c4000-7fccd97c9000 rw-p 00000000 00:00 0 
7fccd97c9000-7fccd98af000 ---p 00000000 00:00 0 
7fccd98af000-7fccd98b4000 rw-p 00000000 00:00 0 
7fccd98b4000-7fccd98bb000 ---p 00000000 00:00 0 
7fccd98bb000-7fccd98be000 r--p 00000000 08:02 120588480                  /usr/lib/x86_64-linux-gnu/libnss_files-2.31.so
7fccd98be000-7fccd98c5000 r-xp 00003000 08:02 120588480                  /usr/lib/x86_64-linux-gnu/libnss_files-2.31.so
7fccd98c5000-7fccd98c7000 r--p 0000a000 08:02 120588480                  /usr/lib/x86_64-linux-gnu/libnss_files-2.31.so
7fccd98c7000-7fccd98c8000 r--p 0000b000 08:02 120588480                  /usr/lib/x86_64-linux-gnu/libnss_files-2.31.so
7fccd98c8000-7fccd98c9000 rw-p 0000c000 08:02 120588480                  /usr/lib/x86_64-linux-gnu/libnss_files-2.31.so
7fccd98c9000-7fccd98cf000 rw-p 00000000 00:00 0 
7fccd98d0000-7fccd98d5000 rw-p 00000000 00:00 0 
7fccd98d5000-7fccd98d7000 r--p 00000000 08:02 121245493                  /usr/lib/jvm/java-11-openjdk-amd64/lib/libzip.so
7fccd98d7000-7fccd98db000 r-xp 00002000 08:02 121245493                  /usr/lib/jvm/java-11-openjdk-amd64/lib/libzip.so
7fccd98db000-7fccd98dd000 r--p 00006000 08:02 121245493                  /usr/lib/jvm/java-11-openjdk-amd64/lib/libzip.so
7fccd98dd000-7fccd98de000 r--p 00007000 08:02 121245493                  /usr/lib/jvm/java-11-openjdk-amd64/lib/libzip.so
7fccd98de000-7fccd98df000 rw-p 00008000 08:02 121245493                  /usr/lib/jvm/java-11-openjdk-amd64/lib/libzip.so
7fccd98df000-7fccd98e7000 rw-s 00000000 08:02 62130467                   /tmp/hsperfdata_rubem/11286
7fccd98e7000-7fccd98e9000 r--p 00000000 08:02 121245476                  /usr/lib/jvm/java-11-openjdk-amd64/lib/libjimage.so
7fccd98e9000-7fccd98ec000 r-xp 00002000 08:02 121245476                  /usr/lib/jvm/java-11-openjdk-amd64/lib/libjimage.so
7fccd98ec000-7fccd98ed000 r--p 00005000 08:02 121245476                  /usr/lib/jvm/java-11-openjdk-amd64/lib/libjimage.so
7fccd98ed000-7fccd98ee000 ---p 00006000 08:02 121245476                  /usr/lib/jvm/java-11-openjdk-amd64/lib/libjimage.so
7fccd98ee000-7fccd98ef000 r--p 00006000 08:02 121245476                  /usr/lib/jvm/java-11-openjdk-amd64/lib/libjimage.so
7fccd98ef000-7fccd98f0000 rw-p 00007000 08:02 121245476                  /usr/lib/jvm/java-11-openjdk-amd64/lib/libjimage.so
7fccd98f0000-7fccd98fe000 r--p 00000000 08:02 121245472                  /usr/lib/jvm/java-11-openjdk-amd64/lib/libjava.so
7fccd98fe000-7fccd9914000 r-xp 0000e000 08:02 121245472                  /usr/lib/jvm/java-11-openjdk-amd64/lib/libjava.so
7fccd9914000-7fccd991b000 r--p 00024000 08:02 121245472                  /usr/lib/jvm/java-11-openjdk-amd64/lib/libjava.so
7fccd991b000-7fccd991c000 r--p 0002a000 08:02 121245472                  /usr/lib/jvm/java-11-openjdk-amd64/lib/libjava.so
7fccd991c000-7fccd991d000 rw-p 0002b000 08:02 121245472                  /usr/lib/jvm/java-11-openjdk-amd64/lib/libjava.so
7fccd991d000-7fccd991e000 rw-p 00000000 00:00 0 
7fccd991e000-7fccd9921000 r--p 00000000 08:02 120588487                  /usr/lib/x86_64-linux-gnu/librt-2.31.so
7fccd9921000-7fccd9925000 r-xp 00003000 08:02 120588487                  /usr/lib/x86_64-linux-gnu/librt-2.31.so
7fccd9925000-7fccd9926000 r--p 00007000 08:02 120588487                  /usr/lib/x86_64-linux-gnu/librt-2.31.so
7fccd9926000-7fccd9927000 ---p 00008000 08:02 120588487                  /usr/lib/x86_64-linux-gnu/librt-2.31.so
7fccd9927000-7fccd9928000 r--p 00008000 08:02 120588487                  /usr/lib/x86_64-linux-gnu/librt-2.31.so
7fccd9928000-7fccd9929000 rw-p 00009000 08:02 120588487                  /usr/lib/x86_64-linux-gnu/librt-2.31.so
7fccd9929000-7fccd992d000 ---p 00000000 00:00 0 
7fccd992d000-7fccd9a2a000 rw-p 00000000 00:00 0 
7fccd9a2a000-7fccd9a2d000 r--p 00000000 08:02 120594198                  /usr/lib/x86_64-linux-gnu/libgcc_s.so.1
7fccd9a2d000-7fccd9a3f000 r-xp 00003000 08:02 120594198                  /usr/lib/x86_64-linux-gnu/libgcc_s.so.1
7fccd9a3f000-7fccd9a43000 r--p 00015000 08:02 120594198                  /usr/lib/x86_64-linux-gnu/libgcc_s.so.1
7fccd9a43000-7fccd9a44000 r--p 00018000 08:02 120594198                  /usr/lib/x86_64-linux-gnu/libgcc_s.so.1
7fccd9a44000-7fccd9a45000 rw-p 00019000 08:02 120594198                  /usr/lib/x86_64-linux-gnu/libgcc_s.so.1
7fccd9a45000-7fccd9a54000 r--p 00000000 08:02 120588474                  /usr/lib/x86_64-linux-gnu/libm-2.31.so
7fccd9a54000-7fccd9afb000 r-xp 0000f000 08:02 120588474                  /usr/lib/x86_64-linux-gnu/libm-2.31.so
7fccd9afb000-7fccd9b92000 r--p 000b6000 08:02 120588474                  /usr/lib/x86_64-linux-gnu/libm-2.31.so
7fccd9b92000-7fccd9b93000 r--p 0014c000 08:02 120588474                  /usr/lib/x86_64-linux-gnu/libm-2.31.so
7fccd9b93000-7fccd9b94000 rw-p 0014d000 08:02 120588474                  /usr/lib/x86_64-linux-gnu/libm-2.31.so
7fccd9b94000-7fccd9c2a000 r--p 00000000 08:02 120595066                  /usr/lib/x86_64-linux-gnu/libstdc++.so.6.0.28
7fccd9c2a000-7fccd9d1a000 r-xp 00096000 08:02 120595066                  /usr/lib/x86_64-linux-gnu/libstdc++.so.6.0.28
7fccd9d1a000-7fccd9d63000 r--p 00186000 08:02 120595066                  /usr/lib/x86_64-linux-gnu/libstdc++.so.6.0.28
7fccd9d63000-7fccd9d64000 ---p 001cf000 08:02 120595066                  /usr/lib/x86_64-linux-gnu/libstdc++.so.6.0.28
7fccd9d64000-7fccd9d6f000 r--p 001cf000 08:02 120595066                  /usr/lib/x86_64-linux-gnu/libstdc++.so.6.0.28
7fccd9d6f000-7fccd9d72000 rw-p 001da000 08:02 120595066                  /usr/lib/x86_64-linux-gnu/libstdc++.so.6.0.28
7fccd9d72000-7fccd9d75000 rw-p 00000000 00:00 0 
7fccd9d75000-7fccd9fe2000 r--p 00000000 08:02 121245499                  /usr/lib/jvm/java-11-openjdk-amd64/lib/server/libjvm.so
7fccd9fe2000-7fccdab76000 r-xp 0026d000 08:02 121245499                  /usr/lib/jvm/java-11-openjdk-amd64/lib/server/libjvm.so
7fccdab76000-7fccdadad000 r--p 00e01000 08:02 121245499                  /usr/lib/jvm/java-11-openjdk-amd64/lib/server/libjvm.so
7fccdadad000-7fccdae6a000 r--p 01037000 08:02 121245499                  /usr/lib/jvm/java-11-openjdk-amd64/lib/server/libjvm.so
7fccdae6a000-7fccdaea3000 rw-p 010f4000 08:02 121245499                  /usr/lib/jvm/java-11-openjdk-amd64/lib/server/libjvm.so
7fccdaea3000-7fccdaefc000 rw-p 00000000 00:00 0 
7fccdaefc000-7fccdaf03000 r--p 00000000 08:02 120588485                  /usr/lib/x86_64-linux-gnu/libpthread-2.31.so
7fccdaf03000-7fccdaf14000 r-xp 00007000 08:02 120588485                  /usr/lib/x86_64-linux-gnu/libpthread-2.31.so
7fccdaf14000-7fccdaf19000 r--p 00018000 08:02 120588485                  /usr/lib/x86_64-linux-gnu/libpthread-2.31.so
7fccdaf19000-7fccdaf1a000 r--p 0001c000 08:02 120588485                  /usr/lib/x86_64-linux-gnu/libpthread-2.31.so
7fccdaf1a000-7fccdaf1b000 rw-p 0001d000 08:02 120588485                  /usr/lib/x86_64-linux-gnu/libpthread-2.31.so
7fccdaf1b000-7fccdaf1f000 rw-p 00000000 00:00 0 
7fccdaf1f000-7fccdaf20000 r--p 00000000 08:02 120588473                  /usr/lib/x86_64-linux-gnu/libdl-2.31.so
7fccdaf20000-7fccdaf22000 r-xp 00001000 08:02 120588473                  /usr/lib/x86_64-linux-gnu/libdl-2.31.so
7fccdaf22000-7fccdaf23000 r--p 00003000 08:02 120588473                  /usr/lib/x86_64-linux-gnu/libdl-2.31.so
7fccdaf23000-7fccdaf24000 r--p 00003000 08:02 120588473                  /usr/lib/x86_64-linux-gnu/libdl-2.31.so
7fccdaf24000-7fccdaf25000 rw-p 00004000 08:02 120588473                  /usr/lib/x86_64-linux-gnu/libdl-2.31.so
7fccdaf25000-7fccdaf27000 r--p 00000000 08:02 120595344                  /usr/lib/x86_64-linux-gnu/libz.so.1.2.11
7fccdaf27000-7fccdaf38000 r-xp 00002000 08:02 120595344                  /usr/lib/x86_64-linux-gnu/libz.so.1.2.11
7fccdaf38000-7fccdaf3e000 r--p 00013000 08:02 120595344                  /usr/lib/x86_64-linux-gnu/libz.so.1.2.11
7fccdaf3e000-7fccdaf3f000 ---p 00019000 08:02 120595344                  /usr/lib/x86_64-linux-gnu/libz.so.1.2.11
7fccdaf3f000-7fccdaf40000 r--p 00019000 08:02 120595344                  /usr/lib/x86_64-linux-gnu/libz.so.1.2.11
7fccdaf40000-7fccdaf41000 rw-p 0001a000 08:02 120595344                  /usr/lib/x86_64-linux-gnu/libz.so.1.2.11
7fccdaf41000-7fccdaf66000 r--p 00000000 08:02 120588472                  /usr/lib/x86_64-linux-gnu/libc-2.31.so
7fccdaf66000-7fccdb0de000 r-xp 00025000 08:02 120588472                  /usr/lib/x86_64-linux-gnu/libc-2.31.so
7fccdb0de000-7fccdb128000 r--p 0019d000 08:02 120588472                  /usr/lib/x86_64-linux-gnu/libc-2.31.so
7fccdb128000-7fccdb129000 ---p 001e7000 08:02 120588472                  /usr/lib/x86_64-linux-gnu/libc-2.31.so
7fccdb129000-7fccdb12c000 r--p 001e7000 08:02 120588472                  /usr/lib/x86_64-linux-gnu/libc-2.31.so
7fccdb12c000-7fccdb12f000 rw-p 001ea000 08:02 120588472                  /usr/lib/x86_64-linux-gnu/libc-2.31.so
7fccdb12f000-7fccdb133000 rw-p 00000000 00:00 0 
7fccdb135000-7fccdb137000 r--s 0000c000 08:02 121377896                  /usr/share/java/java-atk-wrapper.jar
7fccdb137000-7fccdb138000 ---p 00000000 00:00 0 
7fccdb138000-7fccdb139000 r--p 00000000 00:00 0 
7fccdb139000-7fccdb13e000 r--p 00000000 08:02 121245492                  /usr/lib/jvm/java-11-openjdk-amd64/lib/libverify.so
7fccdb13e000-7fccdb145000 r-xp 00005000 08:02 121245492                  /usr/lib/jvm/java-11-openjdk-amd64/lib/libverify.so
7fccdb145000-7fccdb147000 r--p 0000c000 08:02 121245492                  /usr/lib/jvm/java-11-openjdk-amd64/lib/libverify.so
7fccdb147000-7fccdb148000 ---p 0000e000 08:02 121245492                  /usr/lib/jvm/java-11-openjdk-amd64/lib/libverify.so
7fccdb148000-7fccdb14a000 r--p 0000e000 08:02 121245492                  /usr/lib/jvm/java-11-openjdk-amd64/lib/libverify.so
7fccdb14a000-7fccdb14b000 rw-p 00010000 08:02 121245492                  /usr/lib/jvm/java-11-openjdk-amd64/lib/libverify.so
7fccdb14b000-7fccdb14e000 r--p 00000000 08:02 121245456                  /usr/lib/jvm/java-11-openjdk-amd64/lib/jli/libjli.so
7fccdb14e000-7fccdb158000 r-xp 00003000 08:02 121245456                  /usr/lib/jvm/java-11-openjdk-amd64/lib/jli/libjli.so
7fccdb158000-7fccdb15b000 r--p 0000d000 08:02 121245456                  /usr/lib/jvm/java-11-openjdk-amd64/lib/jli/libjli.so
7fccdb15b000-7fccdb15c000 ---p 00010000 08:02 121245456                  /usr/lib/jvm/java-11-openjdk-amd64/lib/jli/libjli.so
7fccdb15c000-7fccdb15d000 r--p 00010000 08:02 121245456                  /usr/lib/jvm/java-11-openjdk-amd64/lib/jli/libjli.so
7fccdb15d000-7fccdb15e000 rw-p 00011000 08:02 121245456                  /usr/lib/jvm/java-11-openjdk-amd64/lib/jli/libjli.so
7fccdb15e000-7fccdb160000 rw-p 00000000 00:00 0 
7fccdb160000-7fccdb161000 r--p 00000000 08:02 120588467                  /usr/lib/x86_64-linux-gnu/ld-2.31.so
7fccdb161000-7fccdb184000 r-xp 00001000 08:02 120588467                  /usr/lib/x86_64-linux-gnu/ld-2.31.so
7fccdb184000-7fccdb18c000 r--p 00024000 08:02 120588467                  /usr/lib/x86_64-linux-gnu/ld-2.31.so
7fccdb18d000-7fccdb18e000 r--p 0002c000 08:02 120588467                  /usr/lib/x86_64-linux-gnu/ld-2.31.so
7fccdb18e000-7fccdb18f000 rw-p 0002d000 08:02 120588467                  /usr/lib/x86_64-linux-gnu/ld-2.31.so
7fccdb18f000-7fccdb190000 rw-p 00000000 00:00 0 
7ffebbe20000-7ffebbe43000 rw-p 00000000 00:00 0                          [stack]
7ffebbfd4000-7ffebbfd7000 r--p 00000000 00:00 0                          [vvar]
7ffebbfd7000-7ffebbfd8000 r-xp 00000000 00:00 0                          [vdso]
ffffffffff600000-ffffffffff601000 --xp 00000000 00:00 0                  [vsyscall]


VM Arguments:
jvm_args: -Xmx64m -Xms64m -Dorg.gradle.appname=gradlew 
java_command: org.gradle.wrapper.GradleWrapperMain app:installDebug -PreactNativeDevServerPort=8081
java_class_path (initial): /home/rubem/Documentos/Workstation/Rocketseat/Mobile/GoBarber-Mobile/android/gradle/wrapper/gradle-wrapper.jar
Launcher Type: SUN_STANDARD

[Global flags]
     intx CICompilerCount                          = 4                                         {product} {ergonomic}
     uint ConcGCThreads                            = 2                                         {product} {ergonomic}
     uint G1ConcRefinementThreads                  = 8                                         {product} {ergonomic}
   size_t G1HeapRegionSize                         = 1048576                                   {product} {ergonomic}
    uintx GCDrainStackTargetSize                   = 64                                        {product} {ergonomic}
   size_t InitialHeapSize                          = 67108864                                  {product} {command line}
   size_t MarkStackSize                            = 4194304                                   {product} {ergonomic}
   size_t MaxHeapSize                              = 67108864                                  {product} {command line}
   size_t MaxNewSize                               = 39845888                                  {product} {ergonomic}
   size_t MinHeapDeltaBytes                        = 1048576                                   {product} {ergonomic}
    uintx NonNMethodCodeHeapSize                   = 5836300                                {pd product} {ergonomic}
    uintx NonProfiledCodeHeapSize                  = 122910970                              {pd product} {ergonomic}
    uintx ProfiledCodeHeapSize                     = 122910970                              {pd product} {ergonomic}
    uintx ReservedCodeCacheSize                    = 251658240                              {pd product} {ergonomic}
     bool SegmentedCodeCache                       = true                                      {product} {ergonomic}
     bool UseCompressedClassPointers               = true                                 {lp64_product} {ergonomic}
     bool UseCompressedOops                        = true                                 {lp64_product} {ergonomic}
     bool UseG1GC                                  = true                                      {product} {ergonomic}

Logging:
Log output configuration:
 #0: stdout all=warning uptime,level,tags
 #1: stderr all=off uptime,level,tags

Environment Variables:
JAVA_HOME=
PATH=/home/rubem/Documentos/Workstation/Rocketseat/Mobile/GoBarber-Mobile/android/node_modules/.bin:/home/rubem/Documentos/Workstation/Rocketseat/Mobile/GoBarber-Mobile/node_modules/.bin:/home/rubem/Documentos/Workstation/Rocketseat/Mobile/node_modules/.bin:/home/rubem/Documentos/Workstation/Rocketseat/node_modules/.bin:/home/rubem/Documentos/Workstation/node_modules/.bin:/home/rubem/Documentos/node_modules/.bin:/home/rubem/node_modules/.bin:/home/node_modules/.bin:/node_modules/.bin:/home/rubem/.nvm/versions/node/v12.18.4/bin:/tmp/yarn--1601667724628-0.5362692954424189:/home/rubem/Documentos/Workstation/Rocketseat/Mobile/GoBarber-Mobile/node_modules/.bin:/home/rubem/.config/yarn/link/node_modules/.bin:/home/rubem/.yarn/bin:/home/rubem/.nvm/versions/node/v12.18.4/libexec/lib/node_modules/npm/bin/node-gyp-bin:/home/rubem/.nvm/versions/node/v12.18.4/lib/node_modules/npm/bin/node-gyp-bin:/home/rubem/.nvm/versions/node/v12.18.4/bin/node_modules/npm/bin/node-gyp-bin:/home/rubem/.nvm/versions/node/v12.18.4/bin:/home/rubem/.rbenv/plugins/ruby-build/bin:/home/rubem/.rbenv/shims:/home/rubem/.rbenv/bin:/usr/local/sbin:/usr/local/bin:/usr/sbin:/usr/bin:/sbin:/bin:/usr/games:/usr/local/games:/snap/bin:/home/rubem/Android/Sdk/tools:/home/rubem/Android/Sdk/platform-toolsexport
SHELL=/bin/bash
DISPLAY=:0
LANG=pt_BR.UTF-8

Signal Handlers:
SIGSEGV: [libjvm.so+0xd8e010], sa_mask[0]=11111111011111111101111111111110, sa_flags=SA_RESTART|SA_SIGINFO
SIGBUS: [libjvm.so+0xd8e010], sa_mask[0]=11111111011111111101111111111110, sa_flags=SA_RESTART|SA_SIGINFO
SIGFPE: [libjvm.so+0xd8e010], sa_mask[0]=11111111011111111101111111111110, sa_flags=SA_RESTART|SA_SIGINFO
SIGPIPE: [libjvm.so+0xb86b30], sa_mask[0]=11111111011111111101111111111110, sa_flags=SA_RESTART|SA_SIGINFO
SIGXFSZ: [libjvm.so+0xb86b30], sa_mask[0]=11111111011111111101111111111110, sa_flags=SA_RESTART|SA_SIGINFO
SIGILL: [libjvm.so+0xd8e010], sa_mask[0]=11111111011111111101111111111110, sa_flags=SA_RESTART|SA_SIGINFO
SIGUSR2: [libjvm.so+0xb869d0], sa_mask[0]=00000000000000000000000000000000, sa_flags=SA_RESTART|SA_SIGINFO
SIGHUP: [libjvm.so+0xb86e70], sa_mask[0]=11111111011111111101111111111110, sa_flags=SA_RESTART|SA_SIGINFO
SIGINT: [libjvm.so+0xb86e70], sa_mask[0]=11111111011111111101111111111110, sa_flags=SA_RESTART|SA_SIGINFO
SIGTERM: [libjvm.so+0xb86e70], sa_mask[0]=11111111011111111101111111111110, sa_flags=SA_RESTART|SA_SIGINFO
SIGQUIT: [libjvm.so+0xb86e70], sa_mask[0]=11111111011111111101111111111110, sa_flags=SA_RESTART|SA_SIGINFO


---------------  S Y S T E M  ---------------

OS:DISTRIB_ID=Ubuntu
DISTRIB_RELEASE=20.04
DISTRIB_CODENAME=focal
DISTRIB_DESCRIPTION="Ubuntu 20.04.1 LTS"
uname:Linux 5.4.0-48-generic #52-Ubuntu SMP Thu Sep 10 10:58:49 UTC 2020 x86_64
OS uptime: 0 days 0:54 hours
libc:glibc 2.31 NPTL 2.31 
rlimit (soft/hard): STACK 8192k/infinity , CORE 0k/infinity , NPROC 63221/63221 , NOFILE 1048576/1048576 , AS infinity/infinity , CPU infinity/infinity , DATA infinity/infinity , FSIZE infinity/infinity , MEMLOCK 65536k/65536k
load average:6,37 3,81 3,51

/proc/meminfo:
MemTotal:       16270980 kB
MemFree:          191880 kB
MemAvailable:    7709716 kB
Buffers:          629100 kB
Cached:          7185476 kB
SwapCached:          120 kB
Active:          9839192 kB
Inactive:        5009380 kB
Active(anon):    6482572 kB
Inactive(anon):  1220776 kB
Active(file):    3356620 kB
Inactive(file):  3788604 kB
Unevictable:      135852 kB
Mlocked:               0 kB
SwapTotal:       2097148 kB
SwapFree:        2091004 kB
Dirty:             25608 kB
Writeback:           372 kB
AnonPages:       7169812 kB
Mapped:          1283560 kB
Shmem:           1150700 kB
KReclaimable:     711632 kB
Slab:             916208 kB
SReclaimable:     711632 kB
SUnreclaim:       204576 kB
KernelStack:       22992 kB
PageTables:        62856 kB
NFS_Unstable:          0 kB
Bounce:                0 kB
WritebackTmp:          0 kB
CommitLimit:    10232636 kB
Committed_AS:   18802428 kB
VmallocTotal:   34359738367 kB
VmallocUsed:       41444 kB
VmallocChunk:          0 kB
Percpu:             6016 kB
HardwareCorrupted:     0 kB
AnonHugePages:   2099200 kB
ShmemHugePages:        0 kB
ShmemPmdMapped:        0 kB
FileHugePages:         0 kB
FilePmdMapped:         0 kB
CmaTotal:              0 kB
CmaFree:               0 kB
HugePages_Total:       0
HugePages_Free:        0
HugePages_Rsvd:        0
HugePages_Surp:        0
Hugepagesize:       2048 kB
Hugetlb:               0 kB
DirectMap4k:      332764 kB
DirectMap2M:    11075584 kB
DirectMap1G:     6291456 kB

/sys/kernel/mm/transparent_hugepage/enabled:
always [madvise] never

/sys/kernel/mm/transparent_hugepage/defrag (defrag/compaction efforts parameter):
always defer defer+madvise [madvise] never


/proc/sys/kernel/threads-max (system-wide limit on the number of threads):
126442


/proc/sys/vm/max_map_count (maximum number of memory map areas a process may have):
65530


/proc/sys/kernel/pid_max (system-wide limit on number of process identifiers):
4194304



container (cgroup) information:
container_type: cgroupv1
cpu_cpuset_cpus: 0-7
cpu_memory_nodes: 0
active_processor_count: 8
cpu_quota: -1
cpu_period: 100000
cpu_shares: -1
memory_limit_in_bytes: -1
memory_and_swap_limit_in_bytes: -2
memory_soft_limit_in_bytes: -1
memory_usage_in_bytes: 14433304576
memory_max_usage_in_bytes: 14504075264

Steal ticks since vm start: 0
Steal ticks percentage since vm start:  0,000

CPU:total 8 (initial active 8) (4 cores per cpu, 2 threads per core) family 6 model 142 stepping 12, cmov, cx8, fxsr, mmx, sse, sse2, sse3, ssse3, sse4.1, sse4.2, popcnt, avx, avx2, aes, clmul, erms, 3dnowpref, lzcnt, ht, tsc, tscinvbit, bmi1, bmi2, adx, fma
CPU Model and flags from /proc/cpuinfo:
model name	: Intel(R) Core(TM) i7-8565U CPU @ 1.80GHz
flags		: fpu vme de pse tsc msr pae mce cx8 apic sep mtrr pge mca cmov pat pse36 clflush dts acpi mmx fxsr sse sse2 ss ht tm pbe syscall nx pdpe1gb rdtscp lm constant_tsc art arch_perfmon pebs bts rep_good nopl xtopology nonstop_tsc cpuid aperfmperf pni pclmulqdq dtes64 monitor ds_cpl vmx est tm2 ssse3 sdbg fma cx16 xtpr pdcm pcid sse4_1 sse4_2 x2apic movbe popcnt tsc_deadline_timer aes xsave avx f16c rdrand lahf_lm abm 3dnowprefetch cpuid_fault epb invpcid_single ssbd ibrs ibpb stibp ibrs_enhanced tpr_shadow vnmi flexpriority ept vpid ept_ad fsgsbase tsc_adjust bmi1 avx2 smep bmi2 erms invpcid mpx rdseed adx smap clflushopt intel_pt xsaveopt xsavec xgetbv1 xsaves dtherm ida arat pln pts hwp hwp_notify hwp_act_window hwp_epp md_clear flush_l1d arch_capabilities

Memory: 4k page, physical 16270980k(191880k free), swap 2097148k(2091004k free)

vm_info: OpenJDK 64-Bit Server VM (11.0.8+10-post-Ubuntu-0ubuntu120.04) for linux-amd64 JRE (11.0.8+10-post-Ubuntu-0ubuntu120.04), built on Jul 15 2020 20:45:24 by "unknown" with gcc 9.3.0

END.
